<?xml version="1.0" encoding="UTF-8"?>
<testsuites name="FDR_END_2_END" time="440.083" tests="2" failures="0" errors="0">
   <testsuite name="FDR_END_2_END" tests="2" failures="0" errors="0" time="440.083" timestamp="2020-08-26 22:12:15" hostname="nagesh.allu - DESKTOP-9VU7G8T.attlocal.net" id="Test Suites/FDR_END_END_2_END/FDR_END_2_END">
      <properties>
         <property name="deviceName" value=""/>
         <property name="devicePlatform" value=""/>
         <property name="logFolder" value="C:\\fdr-automation-develop_08_25_2020\\Reports\\20200826_221211\\FDR_END_END_2_END\\FDR_END_2_END\\20200826_221211"/>
         <property name="logFiles" value="C:\\fdr-automation-develop_08_25_2020\\Reports\\20200826_221211\\FDR_END_END_2_END\\FDR_END_2_END\\20200826_221211\\execution0.log"/>
         <property name="attachments" value=""/>
         <property name="hostName" value="nagesh.allu - DESKTOP-9VU7G8T.attlocal.net"/>
         <property name="os" value="Windows 10 64bit"/>
         <property name="katalonVersion" value="7.3.1.1"/>
         <property name="browser" value="Chrome 85.0.4183.83"/>
         <property name="hostAddress" value="192.168.1.188"/>
         <property name="sessionId" value="83a0a73c065286d4861bc651359fb413"/>
         <property name="seleniumVersion" value="3.141.59"/>
         <property name="proxyInformation" value="ProxyInformation{proxyOption=NO_PROXY, proxyServerType=HTTP, password=, proxyServerAddress=, proxyServerPort=0, executionList=}"/>
         <property name="platform" value="Windows 10"/>
      </properties>
      <testcase name="Test Cases/FDR_END_2_END/FDR-END_2_END_Voucher_Reject" time="269.542" classname="Test Cases/FDR_END_2_END/FDR-END_2_END_Voucher_Reject" status="PASSED">
         <system-out><![CDATA[2020-08-26 22:12:15 - [TEST_CASE][PASSED] - Test Cases/FDR_END_2_END/FDR-END_2_END_Voucher_Reject: Test Cases/FDR_END_2_END/FDR-END_2_END_Voucher_Reject

2020-08-26 22:12:15 - [TEST_STEP][PASSED] - Start listener action : sampleBeforeTestCase: null

2020-08-26 22:12:15 - [TEST_STEP][PASSED] - profileName = getExecutionProfile(): null

2020-08-26 22:12:15 - [TEST_STEP][PASSED] - switch (profileName): null

2020-08-26 22:12:15 - [TEST_STEP][PASSED] - case "superUser":: null

2020-08-26 22:12:15 - [TEST_STEP][PASSED] - return null: null

2020-08-26 22:12:15 - [TEST_STEP][PASSED] - Start listener action : beforeTestCase: null

2020-08-26 22:12:15 - [TEST_STEP][PASSED] - profileName = getExecutionProfile(): null

2020-08-26 22:12:15 - [TEST_STEP][PASSED] - if (profileName.equalsIgnoreCase("SysAdmin")): null

2020-08-26 22:12:15 - [TEST_STEP][PASSED] - Start listener action : sampleBeforeTestCase: null

2020-08-26 22:12:15 - [TEST_STEP][PASSED] - profileName = getExecutionProfile(): null

2020-08-26 22:12:15 - [TEST_STEP][PASSED] - testCaseId = testCaseContext.getTestCaseId(): null

2020-08-26 22:12:15 - [TEST_STEP][PASSED] - switch (profileName): null

2020-08-26 22:12:15 - [TEST_STEP][PASSED] - Default: null

2020-08-26 22:12:15 - [TEST_STEP][PASSED] - return null: null

2020-08-26 22:12:15 - [TEST_STEP][PASSED] - Start listener action : executeRows: null

2020-08-26 22:12:16 - [TEST_STEP][PASSED] - Datasheet = findTestData("End_2_End/End_2_End_Voucher"): null

2020-08-26 22:12:16 - [TEST_STEP][PASSED] - commonFunctions.login(superUserAccnt, superUserPwd): Object: 'Object Repository/FDR-SignIn/SignInButton' is clicked on

2020-08-26 22:12:16 - [MESSAGE][INFO] - Starting 'Chrome' driver

2020-08-26 22:12:16 - [MESSAGE][INFO] - Action delay is set to 0 milliseconds

2020-08-26 22:12:21 - [MESSAGE][PASSED] - Browser is opened with url: 'https://fdr-katalon.cammis-mod-dev.dhcs.ca.gov/'

2020-08-26 22:12:23 - [MESSAGE][PASSED] - Current window maximized

2020-08-26 22:12:24 - [MESSAGE][PASSED] - Object 'Object Repository/FDR-SignIn/SignInEmail' is present

2020-08-26 22:12:24 - [MESSAGE][PASSED] - Object: 'Object Repository/FDR-SignIn/SignInEmail' is clicked on

2020-08-26 22:12:24 - [MESSAGE][PASSED] - Object 'Object Repository/FDR-SignIn/SignInEmail' is present

2020-08-26 22:12:25 - [MESSAGE][PASSED] - Text 'fdr.test11@dhcs.ca.gov' is set on object 'Object Repository/FDR-SignIn/SignInEmail'

2020-08-26 22:12:25 - [MESSAGE][PASSED] - Object 'Object Repository/FDR-SignIn/SignInEmailNext' is visible

2020-08-26 22:12:25 - [MESSAGE][PASSED] - Object: 'Object Repository/FDR-SignIn/SignInEmailNext' is clicked on

2020-08-26 22:12:29 - [MESSAGE][PASSED] - Object 'Object Repository/FDR-SignIn/SignInEmailPassword' is visible

2020-08-26 22:12:29 - [MESSAGE][PASSED] - Object: 'Object Repository/FDR-SignIn/SignInEmailPassword' is clicked on

2020-08-26 22:12:30 - [MESSAGE][PASSED] - Text ****** has been set on object 'Object Repository/FDR-SignIn/SignInEmailPassword'

2020-08-26 22:12:31 - [MESSAGE][PASSED] - Object: 'Object Repository/FDR-SignIn/SignInButton' is clicked on

2020-08-26 22:12:31 - [TEST_STEP][PASSED] - commonFunctions.selectRole("accountsPayableProcessor"): Object 'Object Repository/FDR-VoucherEntry/VoucherHeader/reviewButton' is not present after 2 second(s)

2020-08-26 22:12:34 - [MESSAGE][INFO] - Unable to find the element located by 'By.xpath: //*[@data-id='action-button']//*[contains(text(),'Review')]'. Please recheck the objects properties to make sure the desired element is located. 

2020-08-26 22:12:34 - [MESSAGE][WARNING] - Object 'Object Repository/FDR-VoucherEntry/VoucherHeader/reviewButton' is not present after 2 second(s)

2020-08-26 22:12:34 - [MESSAGE][PASSED] - Object: 'Object Repository/FDR-SuperUser-Dashboard/userExpandButton' is clicked on

2020-08-26 22:12:37 - [MESSAGE][INFO] - Unable to find the element located by 'By.xpath: //*[@data-id='action-button']//*[contains(text(),'Review')]'. Please recheck the objects properties to make sure the desired element is located. 

2020-08-26 22:12:37 - [MESSAGE][WARNING] - Object 'Object Repository/FDR-VoucherEntry/VoucherHeader/reviewButton' is not present after 2 second(s)

2020-08-26 22:12:38 - [MESSAGE][PASSED] - Object: 'Object Repository/FDR-SuperUser-Dashboard/accountsPayableProcessor' is clicked on

2020-08-26 22:12:41 - [MESSAGE][INFO] - Unable to find the element located by 'By.xpath: //*[@data-id='action-button']//*[contains(text(),'Review')]'. Please recheck the objects properties to make sure the desired element is located. 

2020-08-26 22:12:41 - [MESSAGE][WARNING] - Object 'Object Repository/FDR-VoucherEntry/VoucherHeader/reviewButton' is not present after 2 second(s)

2020-08-26 22:12:41 - [TEST_STEP][PASSED] - click(findTestObject("Object Repository/FDR-Dashboard/createNewVoucherButton")): Object: 'Object Repository/FDR-Dashboard/createNewVoucherButton' is clicked on

2020-08-26 22:12:42 - [MESSAGE][PASSED] - Object: 'Object Repository/FDR-Dashboard/createNewVoucherButton' is clicked on

2020-08-26 22:12:42 - [TEST_STEP][PASSED] - setText(findTestObject("FDR-VoucherEntry/Voucher/drawDate"), Datasheet.getValue("drawDate", 1)): Text '01/19/2021' is set on object 'Object Repository/FDR-VoucherEntry/Voucher/drawDate'

2020-08-26 22:12:43 - [MESSAGE][PASSED] - Text '01/19/2021' is set on object 'Object Repository/FDR-VoucherEntry/Voucher/drawDate'

2020-08-26 22:12:43 - [TEST_STEP][PASSED] - setText(findTestObject("FDR-VoucherEntry/Voucher/payDate"), Datasheet.getValue("payDate", 1)): Text '01/21/2021' is set on object 'Object Repository/FDR-VoucherEntry/Voucher/payDate'

2020-08-26 22:12:44 - [MESSAGE][PASSED] - Text '01/21/2021' is set on object 'Object Repository/FDR-VoucherEntry/Voucher/payDate'

2020-08-26 22:12:44 - [TEST_STEP][PASSED] - click(findTestObject("FDR-VoucherEntry/Voucher/programType")): Object: 'Object Repository/FDR-VoucherEntry/Voucher/programType' is clicked on

2020-08-26 22:12:44 - [MESSAGE][PASSED] - Object: 'Object Repository/FDR-VoucherEntry/Voucher/programType' is clicked on

2020-08-26 22:12:44 - [TEST_STEP][PASSED] - waitForElementPresent(findTestObject("FDR-VoucherEntry/Voucher/programType"), 2): Object 'Object Repository/FDR-VoucherEntry/Voucher/programType' is present

2020-08-26 22:12:45 - [MESSAGE][PASSED] - Object 'Object Repository/FDR-VoucherEntry/Voucher/programType' is present

2020-08-26 22:12:45 - [TEST_STEP][PASSED] - setText(findTestObject("FDR-VoucherEntry/Voucher/programType"), Datasheet.getValue("programType", 1)): Text 'Medical Assistance (MA)' is set on object 'Object Repository/FDR-VoucherEntry/Voucher/programType'

2020-08-26 22:12:45 - [MESSAGE][PASSED] - Text 'Medical Assistance (MA)' is set on object 'Object Repository/FDR-VoucherEntry/Voucher/programType'

2020-08-26 22:12:45 - [TEST_STEP][PASSED] - waitForElementPresent(findTestObject("FDR-VoucherEntry/Voucher/programType"), 3): Object 'Object Repository/FDR-VoucherEntry/Voucher/programType' is present

2020-08-26 22:12:46 - [MESSAGE][PASSED] - Object 'Object Repository/FDR-VoucherEntry/Voucher/programType' is present

2020-08-26 22:12:46 - [TEST_STEP][PASSED] - sendKeys(findTestObject("FDR-VoucherEntry/Voucher/programType"), Keys.chord(DOWN, ENTER)): Keys 'DOWN + ENTER + ' sent to object: 'Object Repository/FDR-VoucherEntry/Voucher/programType'

2020-08-26 22:12:46 - [MESSAGE][PASSED] - Keys 'DOWN + ENTER + ' sent to object: 'Object Repository/FDR-VoucherEntry/Voucher/programType'

2020-08-26 22:12:46 - [TEST_STEP][PASSED] - click(findTestObject("FDR-VoucherEntry/Voucher/invoiceType")): Object: 'Object Repository/FDR-VoucherEntry/Voucher/invoiceType' is clicked on

2020-08-26 22:12:47 - [MESSAGE][PASSED] - Object: 'Object Repository/FDR-VoucherEntry/Voucher/invoiceType' is clicked on

2020-08-26 22:12:47 - [TEST_STEP][PASSED] - waitForElementPresent(findTestObject("FDR-VoucherEntry/Voucher/invoiceType"), 2): Object 'Object Repository/FDR-VoucherEntry/Voucher/invoiceType' is present

2020-08-26 22:12:47 - [MESSAGE][PASSED] - Object 'Object Repository/FDR-VoucherEntry/Voucher/invoiceType' is present

2020-08-26 22:12:47 - [TEST_STEP][PASSED] - sendKeys(findTestObject("FDR-VoucherEntry/Voucher/invoiceType"), Datasheet.getValue("invoiceType", 1)): Keys 'CAP' sent to object: 'Object Repository/FDR-VoucherEntry/Voucher/invoiceType'

2020-08-26 22:12:47 - [MESSAGE][PASSED] - Keys 'CAP' sent to object: 'Object Repository/FDR-VoucherEntry/Voucher/invoiceType'

2020-08-26 22:12:47 - [TEST_STEP][PASSED] - sendKeys(findTestObject("FDR-VoucherEntry/Voucher/invoiceType"), Keys.chord(DOWN, ENTER)): Keys 'DOWN + ENTER + ' sent to object: 'Object Repository/FDR-VoucherEntry/Voucher/invoiceType'

2020-08-26 22:12:48 - [MESSAGE][PASSED] - Keys 'DOWN + ENTER + ' sent to object: 'Object Repository/FDR-VoucherEntry/Voucher/invoiceType'

2020-08-26 22:12:48 - [TEST_STEP][PASSED] - click(findTestObject("FDR-VoucherEntry/Voucher/fundcode")): Object: 'Object Repository/FDR-VoucherEntry/Voucher/fundcode' is clicked on

2020-08-26 22:12:49 - [MESSAGE][PASSED] - Object: 'Object Repository/FDR-VoucherEntry/Voucher/fundcode' is clicked on

2020-08-26 22:12:49 - [TEST_STEP][PASSED] - waitForElementPresent(findTestObject("FDR-VoucherEntry/Voucher/fundcode"), 1): Object 'Object Repository/FDR-VoucherEntry/Voucher/fundcode' is present

2020-08-26 22:12:49 - [MESSAGE][PASSED] - Object 'Object Repository/FDR-VoucherEntry/Voucher/fundcode' is present

2020-08-26 22:12:49 - [TEST_STEP][PASSED] - sendKeys(findTestObject("FDR-VoucherEntry/Voucher/fundcode"), Datasheet.getValue("fundcode", 1)): Keys 'Health Care Deposit Fund (0912)' sent to object: 'Object Repository/FDR-VoucherEntry/Voucher/fundcode'

2020-08-26 22:12:49 - [MESSAGE][PASSED] - Keys 'Health Care Deposit Fund (0912)' sent to object: 'Object Repository/FDR-VoucherEntry/Voucher/fundcode'

2020-08-26 22:12:49 - [TEST_STEP][PASSED] - sendKeys(findTestObject("FDR-VoucherEntry/Voucher/fundcode"), Keys.chord(DOWN, ENTER)): Keys 'DOWN + ENTER + ' sent to object: 'Object Repository/FDR-VoucherEntry/Voucher/fundcode'

2020-08-26 22:12:50 - [MESSAGE][PASSED] - Keys 'DOWN + ENTER + ' sent to object: 'Object Repository/FDR-VoucherEntry/Voucher/fundcode'

2020-08-26 22:12:50 - [TEST_STEP][PASSED] - click(findTestObject("FDR-VoucherEntry/Voucher/supplierID")): Object: 'Object Repository/FDR-VoucherEntry/Voucher/supplierID' is clicked on

2020-08-26 22:12:51 - [MESSAGE][PASSED] - Object: 'Object Repository/FDR-VoucherEntry/Voucher/supplierID' is clicked on

2020-08-26 22:12:51 - [TEST_STEP][PASSED] - waitForElementPresent(findTestObject("FDR-VoucherEntry/Voucher/supplierID"), 1): Object 'Object Repository/FDR-VoucherEntry/Voucher/supplierID' is present

2020-08-26 22:12:51 - [MESSAGE][PASSED] - Object 'Object Repository/FDR-VoucherEntry/Voucher/supplierID' is present

2020-08-26 22:12:51 - [TEST_STEP][PASSED] - sendKeys(findTestObject("FDR-VoucherEntry/Voucher/supplierID"), Datasheet.getValue("supplierID", 1)): Keys '0000007954' sent to object: 'Object Repository/FDR-VoucherEntry/Voucher/supplierID'

2020-08-26 22:12:51 - [MESSAGE][PASSED] - Keys '0000007954' sent to object: 'Object Repository/FDR-VoucherEntry/Voucher/supplierID'

2020-08-26 22:12:51 - [TEST_STEP][PASSED] - sendKeys(findTestObject("FDR-VoucherEntry/Voucher/supplierID"), Keys.chord(DOWN, ENTER)): Keys 'DOWN + ENTER + ' sent to object: 'Object Repository/FDR-VoucherEntry/Voucher/supplierID'

2020-08-26 22:12:52 - [MESSAGE][PASSED] - Keys 'DOWN + ENTER + ' sent to object: 'Object Repository/FDR-VoucherEntry/Voucher/supplierID'

2020-08-26 22:12:52 - [TEST_STEP][PASSED] - click(findTestObject("FDR-VoucherEntry/Voucher/seqNum")): Object: 'Object Repository/FDR-VoucherEntry/Voucher/seqNum' is clicked on

2020-08-26 22:12:52 - [MESSAGE][PASSED] - Object: 'Object Repository/FDR-VoucherEntry/Voucher/seqNum' is clicked on

2020-08-26 22:12:52 - [TEST_STEP][PASSED] - waitForElementPresent(findTestObject("FDR-VoucherEntry/Voucher/seqNum"), 3): Object 'Object Repository/FDR-VoucherEntry/Voucher/seqNum' is present

2020-08-26 22:12:53 - [MESSAGE][PASSED] - Object 'Object Repository/FDR-VoucherEntry/Voucher/seqNum' is present

2020-08-26 22:12:53 - [TEST_STEP][PASSED] - sendKeys(findTestObject("FDR-VoucherEntry/Voucher/supplierID"), Datasheet.getValue("seqNum", 1)): Keys '01' sent to object: 'Object Repository/FDR-VoucherEntry/Voucher/supplierID'

2020-08-26 22:12:53 - [MESSAGE][PASSED] - Keys '01' sent to object: 'Object Repository/FDR-VoucherEntry/Voucher/supplierID'

2020-08-26 22:12:53 - [TEST_STEP][PASSED] - click(findTestObject("FDR-VoucherEntry/Voucher/seqNum")): Object: 'Object Repository/FDR-VoucherEntry/Voucher/seqNum' is clicked on

2020-08-26 22:12:54 - [MESSAGE][PASSED] - Object: 'Object Repository/FDR-VoucherEntry/Voucher/seqNum' is clicked on

2020-08-26 22:12:54 - [TEST_STEP][PASSED] - sendKeys(findTestObject("FDR-VoucherEntry/Voucher/seqNum"), Keys.chord(DOWN, ENTER)): Keys 'DOWN + ENTER + ' sent to object: 'Object Repository/FDR-VoucherEntry/Voucher/seqNum'

2020-08-26 22:12:54 - [MESSAGE][PASSED] - Keys 'DOWN + ENTER + ' sent to object: 'Object Repository/FDR-VoucherEntry/Voucher/seqNum'

2020-08-26 22:12:54 - [TEST_STEP][PASSED] - click(findTestObject("FDR-VoucherEntry/Voucher/contractNum")): Object: 'Object Repository/FDR-VoucherEntry/Voucher/contractNum' is clicked on

2020-08-26 22:12:55 - [MESSAGE][PASSED] - Object: 'Object Repository/FDR-VoucherEntry/Voucher/contractNum' is clicked on

2020-08-26 22:12:55 - [TEST_STEP][PASSED] - waitForElementPresent(findTestObject("FDR-VoucherEntry/Voucher/contractNum"), 1): Object 'Object Repository/FDR-VoucherEntry/Voucher/contractNum' is present

2020-08-26 22:12:55 - [MESSAGE][PASSED] - Object 'Object Repository/FDR-VoucherEntry/Voucher/contractNum' is present

2020-08-26 22:12:55 - [TEST_STEP][PASSED] - sendKeys(findTestObject("FDR-VoucherEntry/Voucher/contractNum"), Datasheet.getValue("contractNum", 1)): Keys '07-65707' sent to object: 'Object Repository/FDR-VoucherEntry/Voucher/contractNum'

2020-08-26 22:12:56 - [MESSAGE][PASSED] - Keys '07-65707' sent to object: 'Object Repository/FDR-VoucherEntry/Voucher/contractNum'

2020-08-26 22:12:56 - [TEST_STEP][PASSED] - click(findTestObject("FDR-VoucherEntry/Voucher/contractNum")): Object: 'Object Repository/FDR-VoucherEntry/Voucher/contractNum' is clicked on

2020-08-26 22:12:56 - [MESSAGE][PASSED] - Object: 'Object Repository/FDR-VoucherEntry/Voucher/contractNum' is clicked on

2020-08-26 22:12:56 - [TEST_STEP][PASSED] - sendKeys(findTestObject("FDR-VoucherEntry/Voucher/contractNum"), Keys.chord(DOWN, ENTER)): Keys 'DOWN + ENTER + ' sent to object: 'Object Repository/FDR-VoucherEntry/Voucher/contractNum'

2020-08-26 22:12:56 - [MESSAGE][PASSED] - Keys 'DOWN + ENTER + ' sent to object: 'Object Repository/FDR-VoucherEntry/Voucher/contractNum'

2020-08-26 22:12:56 - [TEST_STEP][PASSED] - click(findTestObject("FDR-VoucherEntry/Voucher/vendorMessage")): Object: 'Object Repository/FDR-VoucherEntry/Voucher/vendorMessage' is clicked on

2020-08-26 22:12:57 - [MESSAGE][PASSED] - Object: 'Object Repository/FDR-VoucherEntry/Voucher/vendorMessage' is clicked on

2020-08-26 22:12:57 - [TEST_STEP][PASSED] - setText(findTestObject("Object Repository/FDR-VoucherEntry/Voucher/vendorMessage"), Datasheet.getValue("vendorMessage", 1)): Text 'TestCase ONE' is set on object 'Object Repository/FDR-VoucherEntry/Voucher/vendorMessage'

2020-08-26 22:12:58 - [MESSAGE][PASSED] - Text 'TestCase ONE' is set on object 'Object Repository/FDR-VoucherEntry/Voucher/vendorMessage'

2020-08-26 22:12:58 - [TEST_STEP][PASSED] - click(findTestObject("FDR-VoucherEntry/Voucher/primaryContact")): Object: 'Object Repository/FDR-VoucherEntry/Voucher/primaryContact' is clicked on

2020-08-26 22:12:59 - [MESSAGE][PASSED] - Object: 'Object Repository/FDR-VoucherEntry/Voucher/primaryContact' is clicked on

2020-08-26 22:12:59 - [TEST_STEP][PASSED] - waitForElementPresent(findTestObject("FDR-VoucherEntry/Voucher/primaryContact"), 1): Object 'Object Repository/FDR-VoucherEntry/Voucher/primaryContact' is present

2020-08-26 22:12:59 - [MESSAGE][PASSED] - Object 'Object Repository/FDR-VoucherEntry/Voucher/primaryContact' is present

2020-08-26 22:12:59 - [TEST_STEP][PASSED] - sendKeys(findTestObject("FDR-VoucherEntry/Voucher/primaryContact"), Datasheet.getValue("primaryContact", 1)): Keys 'James Mowrer' sent to object: 'Object Repository/FDR-VoucherEntry/Voucher/primaryContact'

2020-08-26 22:12:59 - [MESSAGE][PASSED] - Keys 'James Mowrer' sent to object: 'Object Repository/FDR-VoucherEntry/Voucher/primaryContact'

2020-08-26 22:12:59 - [TEST_STEP][PASSED] - sendKeys(findTestObject("FDR-VoucherEntry/Voucher/primaryContact"), Keys.chord(DOWN, ENTER)): Keys 'DOWN + ENTER + ' sent to object: 'Object Repository/FDR-VoucherEntry/Voucher/primaryContact'

2020-08-26 22:13:00 - [MESSAGE][PASSED] - Keys 'DOWN + ENTER + ' sent to object: 'Object Repository/FDR-VoucherEntry/Voucher/primaryContact'

2020-08-26 22:13:00 - [TEST_STEP][PASSED] - click(findTestObject("FDR-VoucherEntry/Voucher/secondaryContact")): Object: 'Object Repository/FDR-VoucherEntry/Voucher/secondaryContact' is clicked on

2020-08-26 22:13:01 - [MESSAGE][PASSED] - Object: 'Object Repository/FDR-VoucherEntry/Voucher/secondaryContact' is clicked on

2020-08-26 22:13:01 - [TEST_STEP][PASSED] - waitForElementPresent(findTestObject("FDR-VoucherEntry/Voucher/secondaryContact"), 1): Object 'Object Repository/FDR-VoucherEntry/Voucher/secondaryContact' is present

2020-08-26 22:13:01 - [MESSAGE][PASSED] - Object 'Object Repository/FDR-VoucherEntry/Voucher/secondaryContact' is present

2020-08-26 22:13:01 - [TEST_STEP][PASSED] - sendKeys(findTestObject("FDR-VoucherEntry/Voucher/secondaryContact"), Datasheet.getValue("secondaryContact", 1)): Keys 'Aung Lin' sent to object: 'Object Repository/FDR-VoucherEntry/Voucher/secondaryContact'

2020-08-26 22:13:01 - [MESSAGE][PASSED] - Keys 'Aung Lin' sent to object: 'Object Repository/FDR-VoucherEntry/Voucher/secondaryContact'

2020-08-26 22:13:01 - [TEST_STEP][PASSED] - sendKeys(findTestObject("FDR-VoucherEntry/Voucher/secondaryContact"), Keys.chord(DOWN, ENTER)): Keys 'DOWN + ENTER + ' sent to object: 'Object Repository/FDR-VoucherEntry/Voucher/secondaryContact'

2020-08-26 22:13:02 - [MESSAGE][PASSED] - Keys 'DOWN + ENTER + ' sent to object: 'Object Repository/FDR-VoucherEntry/Voucher/secondaryContact'

2020-08-26 22:13:02 - [TEST_STEP][PASSED] - click(findTestObject("FDR-VoucherEntry/Voucher/buttonNext")): Object: 'Object Repository/FDR-VoucherEntry/Voucher/buttonNext' is clicked on

2020-08-26 22:13:03 - [MESSAGE][PASSED] - Object: 'Object Repository/FDR-VoucherEntry/Voucher/buttonNext' is clicked on

2020-08-26 22:13:03 - [TEST_STEP][PASSED] - delay(3): Delayed 3 second(s)

2020-08-26 22:13:06 - [MESSAGE][PASSED] - Delayed 3 second(s)

2020-08-26 22:13:06 - [TEST_STEP][PASSED] - noOfLine = Datasheet.getValue("NoOfLines", 1): null

2020-08-26 22:13:06 - [TEST_STEP][PASSED] - str = noOfLine: null

2020-08-26 22:13:06 - [TEST_STEP][PASSED] - for ([j = 1, j <= str, (j++)]): Object: 'Object Repository/FDR-VoucherEntry/DistributionLine/addSaveButton' is clicked on

2020-08-26 22:13:06 - [TEST_STEP][PASSED] - irandom = Random().nextInt(900000) + 100000: null

2020-08-26 22:13:06 - [TEST_STEP][PASSED] - click(findTestObject("FDR-VoucherEntry/InvoiceLine/invoice")): Object: 'Object Repository/FDR-VoucherEntry/InvoiceLine/invoice' is clicked on

2020-08-26 22:13:06 - [MESSAGE][PASSED] - Object: 'Object Repository/FDR-VoucherEntry/InvoiceLine/invoice' is clicked on

2020-08-26 22:13:06 - [TEST_STEP][PASSED] - setText(findTestObject("FDR-VoucherEntry/InvoiceLine/invoice"), "INC-" + irandom): Text 'INC-355739' is set on object 'Object Repository/FDR-VoucherEntry/InvoiceLine/invoice'

2020-08-26 22:13:07 - [MESSAGE][PASSED] - Text 'INC-355739' is set on object 'Object Repository/FDR-VoucherEntry/InvoiceLine/invoice'

2020-08-26 22:13:07 - [TEST_STEP][PASSED] - click(findTestObject("FDR-VoucherEntry/InvoiceLine/invoiceDate")): Object: 'Object Repository/FDR-VoucherEntry/InvoiceLine/invoiceDate' is clicked on

2020-08-26 22:13:07 - [MESSAGE][PASSED] - Object: 'Object Repository/FDR-VoucherEntry/InvoiceLine/invoiceDate' is clicked on

2020-08-26 22:13:07 - [TEST_STEP][PASSED] - setText(findTestObject("FDR-VoucherEntry/InvoiceLine/invoiceDate"), Datasheet.getValue("invoiceDate", 1)): Text '08/26/2020' is set on object 'Object Repository/FDR-VoucherEntry/InvoiceLine/invoiceDate'

2020-08-26 22:13:08 - [MESSAGE][PASSED] - Text '08/26/2020' is set on object 'Object Repository/FDR-VoucherEntry/InvoiceLine/invoiceDate'

2020-08-26 22:13:08 - [TEST_STEP][PASSED] - click(findTestObject("FDR-VoucherEntry/InvoiceLine/originalWarrantDate")): Object: 'Object Repository/FDR-VoucherEntry/InvoiceLine/originalWarrantDate' is clicked on

2020-08-26 22:13:09 - [MESSAGE][PASSED] - Object: 'Object Repository/FDR-VoucherEntry/InvoiceLine/originalWarrantDate' is clicked on

2020-08-26 22:13:09 - [TEST_STEP][PASSED] - setText(findTestObject("FDR-VoucherEntry/InvoiceLine/originalWarrantDate"), Datasheet.getValue("originalWarrantDate", 1)): Text '08/26/2020' is set on object 'Object Repository/FDR-VoucherEntry/InvoiceLine/originalWarrantDate'

2020-08-26 22:13:09 - [MESSAGE][PASSED] - Text '08/26/2020' is set on object 'Object Repository/FDR-VoucherEntry/InvoiceLine/originalWarrantDate'

2020-08-26 22:13:09 - [TEST_STEP][PASSED] - delay(3): Delayed 3 second(s)

2020-08-26 22:13:12 - [MESSAGE][PASSED] - Delayed 3 second(s)

2020-08-26 22:13:12 - [TEST_STEP][PASSED] - click(findTestObject("FDR-VoucherEntry/InvoiceLine/addInvoiceLineButton")): Object: 'Object Repository/FDR-VoucherEntry/InvoiceLine/addInvoiceLineButton' is clicked on

2020-08-26 22:13:13 - [MESSAGE][PASSED] - Object: 'Object Repository/FDR-VoucherEntry/InvoiceLine/addInvoiceLineButton' is clicked on

2020-08-26 22:13:13 - [TEST_STEP][PASSED] - delay(5): Delayed 5 second(s)

2020-08-26 22:13:18 - [MESSAGE][PASSED] - Delayed 5 second(s)

2020-08-26 22:13:18 - [TEST_STEP][PASSED] - if (j == 1): Object: 'Object Repository/FDR-EditVoucher/expandicon1' is clicked on

2020-08-26 22:13:18 - [TEST_STEP][PASSED] - click(findTestObject("Object Repository/FDR-EditVoucher/expandicon1")): Object: 'Object Repository/FDR-EditVoucher/expandicon1' is clicked on

2020-08-26 22:13:18 - [MESSAGE][PASSED] - Object: 'Object Repository/FDR-EditVoucher/expandicon1' is clicked on

2020-08-26 22:13:18 - [TEST_STEP][PASSED] - click(findTestObject("FDR-VoucherEntry/InvoiceLine/invoiceAddlineButton")): Object: 'Object Repository/FDR-VoucherEntry/InvoiceLine/invoiceAddlineButton' is clicked on

2020-08-26 22:13:19 - [MESSAGE][PASSED] - Object: 'Object Repository/FDR-VoucherEntry/InvoiceLine/invoiceAddlineButton' is clicked on

2020-08-26 22:13:19 - [TEST_STEP][PASSED] - click(findTestObject("FDR-VoucherEntry/DistributionLine/serviceDateFrom")): Object: 'Object Repository/FDR-VoucherEntry/DistributionLine/serviceDateFrom' is clicked on

2020-08-26 22:13:20 - [MESSAGE][PASSED] - Object: 'Object Repository/FDR-VoucherEntry/DistributionLine/serviceDateFrom' is clicked on

2020-08-26 22:13:20 - [TEST_STEP][PASSED] - setText(findTestObject("FDR-VoucherEntry/DistributionLine/serviceDateFrom"), Datasheet.getValue("serviceDateFrom", 1)): Text '08/26/2020' is set on object 'Object Repository/FDR-VoucherEntry/DistributionLine/serviceDateFrom'

2020-08-26 22:13:21 - [MESSAGE][PASSED] - Text '08/26/2020' is set on object 'Object Repository/FDR-VoucherEntry/DistributionLine/serviceDateFrom'

2020-08-26 22:13:21 - [TEST_STEP][PASSED] - setText(findTestObject("FDR-VoucherEntry/DistributionLine/serviceDateTo"), Datasheet.getValue("serviceDateTo", 1)): Text '08/26/2020' is set on object 'Object Repository/FDR-VoucherEntry/DistributionLine/serviceDateTo'

2020-08-26 22:13:22 - [MESSAGE][PASSED] - Text '08/26/2020' is set on object 'Object Repository/FDR-VoucherEntry/DistributionLine/serviceDateTo'

2020-08-26 22:13:22 - [TEST_STEP][PASSED] - click(findTestObject("FDR-VoucherEntry/DistributionLine/amount")): Object: 'Object Repository/FDR-VoucherEntry/DistributionLine/amount' is clicked on

2020-08-26 22:13:23 - [MESSAGE][PASSED] - Object: 'Object Repository/FDR-VoucherEntry/DistributionLine/amount' is clicked on

2020-08-26 22:13:23 - [TEST_STEP][PASSED] - setText(findTestObject("FDR-VoucherEntry/DistributionLine/amount"), Datasheet.getValue("amount", 1)): Text '100000' is set on object 'Object Repository/FDR-VoucherEntry/DistributionLine/amount'

2020-08-26 22:13:24 - [MESSAGE][PASSED] - Text '100000' is set on object 'Object Repository/FDR-VoucherEntry/DistributionLine/amount'

2020-08-26 22:13:24 - [TEST_STEP][PASSED] - click(findTestObject("FDR-VoucherEntry/DistributionLine/waiverType")): Object: 'Object Repository/FDR-VoucherEntry/DistributionLine/waiverType' is clicked on

2020-08-26 22:13:24 - [MESSAGE][PASSED] - Object: 'Object Repository/FDR-VoucherEntry/DistributionLine/waiverType' is clicked on

2020-08-26 22:13:24 - [TEST_STEP][PASSED] - setText(findTestObject("FDR-VoucherEntry/DistributionLine/waiverType"), Datasheet.getValue("waiverType", 1)): Text '2020' is set on object 'Object Repository/FDR-VoucherEntry/DistributionLine/waiverType'

2020-08-26 22:13:25 - [MESSAGE][PASSED] - Text '2020' is set on object 'Object Repository/FDR-VoucherEntry/DistributionLine/waiverType'

2020-08-26 22:13:25 - [TEST_STEP][PASSED] - sendKeys(findTestObject("FDR-VoucherEntry/DistributionLine/waiverType"), Keys.chord(DOWN, ENTER)): Keys 'DOWN + ENTER + ' sent to object: 'Object Repository/FDR-VoucherEntry/DistributionLine/waiverType'

2020-08-26 22:13:26 - [MESSAGE][PASSED] - Keys 'DOWN + ENTER + ' sent to object: 'Object Repository/FDR-VoucherEntry/DistributionLine/waiverType'

2020-08-26 22:13:26 - [TEST_STEP][PASSED] - click(findTestObject("FDR-VoucherEntry/DistributionLine/waiverName")): Object: 'Object Repository/FDR-VoucherEntry/DistributionLine/waiverName' is clicked on

2020-08-26 22:13:26 - [MESSAGE][PASSED] - Object: 'Object Repository/FDR-VoucherEntry/DistributionLine/waiverName' is clicked on

2020-08-26 22:13:26 - [TEST_STEP][PASSED] - setText(findTestObject("FDR-VoucherEntry/DistributionLine/waiverName"), Datasheet.getValue("waiverName", 1)): Text 'A-FamilyU TPM/GMC' is set on object 'Object Repository/FDR-VoucherEntry/DistributionLine/waiverName'

2020-08-26 22:13:27 - [MESSAGE][PASSED] - Text 'A-FamilyU TPM/GMC' is set on object 'Object Repository/FDR-VoucherEntry/DistributionLine/waiverName'

2020-08-26 22:13:27 - [TEST_STEP][PASSED] - sendKeys(findTestObject("FDR-VoucherEntry/DistributionLine/waiverName"), Keys.chord(DOWN, ENTER)): Keys 'DOWN + ENTER + ' sent to object: 'Object Repository/FDR-VoucherEntry/DistributionLine/waiverName'

2020-08-26 22:13:28 - [MESSAGE][PASSED] - Keys 'DOWN + ENTER + ' sent to object: 'Object Repository/FDR-VoucherEntry/DistributionLine/waiverName'

2020-08-26 22:13:28 - [TEST_STEP][PASSED] - click(findTestObject("FDR-VoucherEntry/DistributionLine/fundingSource")): Object: 'Object Repository/FDR-VoucherEntry/DistributionLine/fundingSource' is clicked on

2020-08-26 22:13:28 - [MESSAGE][PASSED] - Object: 'Object Repository/FDR-VoucherEntry/DistributionLine/fundingSource' is clicked on

2020-08-26 22:13:28 - [TEST_STEP][PASSED] - setText(findTestObject("FDR-VoucherEntry/DistributionLine/fundingSource"), Datasheet.getValue("fundingSource", 1)): Text 'Dental' is set on object 'Object Repository/FDR-VoucherEntry/DistributionLine/fundingSource'

2020-08-26 22:13:29 - [MESSAGE][PASSED] - Text 'Dental' is set on object 'Object Repository/FDR-VoucherEntry/DistributionLine/fundingSource'

2020-08-26 22:13:29 - [TEST_STEP][PASSED] - sendKeys(findTestObject("FDR-VoucherEntry/DistributionLine/fundingSource"), Keys.chord(DOWN, ENTER)): Keys 'DOWN + ENTER + ' sent to object: 'Object Repository/FDR-VoucherEntry/DistributionLine/fundingSource'

2020-08-26 22:13:30 - [MESSAGE][PASSED] - Keys 'DOWN + ENTER + ' sent to object: 'Object Repository/FDR-VoucherEntry/DistributionLine/fundingSource'

2020-08-26 22:13:30 - [TEST_STEP][PASSED] - click(findTestObject("FDR-VoucherEntry/DistributionLine/fundRatio")): Object: 'Object Repository/FDR-VoucherEntry/DistributionLine/fundRatio' is clicked on

2020-08-26 22:13:30 - [MESSAGE][PASSED] - Object: 'Object Repository/FDR-VoucherEntry/DistributionLine/fundRatio' is clicked on

2020-08-26 22:13:30 - [TEST_STEP][PASSED] - setText(findTestObject("FDR-VoucherEntry/DistributionLine/fundRatio"), Datasheet.getValue("fundRatio", 1)): Text '50/50' is set on object 'Object Repository/FDR-VoucherEntry/DistributionLine/fundRatio'

2020-08-26 22:13:31 - [MESSAGE][PASSED] - Text '50/50' is set on object 'Object Repository/FDR-VoucherEntry/DistributionLine/fundRatio'

2020-08-26 22:13:31 - [TEST_STEP][PASSED] - sendKeys(findTestObject("FDR-VoucherEntry/DistributionLine/fundRatio"), Keys.chord(DOWN, ENTER)): Keys 'DOWN + ENTER + ' sent to object: 'Object Repository/FDR-VoucherEntry/DistributionLine/fundRatio'

2020-08-26 22:13:31 - [MESSAGE][PASSED] - Keys 'DOWN + ENTER + ' sent to object: 'Object Repository/FDR-VoucherEntry/DistributionLine/fundRatio'

2020-08-26 22:13:31 - [TEST_STEP][PASSED] - click(findTestObject("FDR-VoucherEntry/DistributionLine/nonFederalFund")): Object: 'Object Repository/FDR-VoucherEntry/DistributionLine/nonFederalFund' is clicked on

2020-08-26 22:13:32 - [MESSAGE][PASSED] - Object: 'Object Repository/FDR-VoucherEntry/DistributionLine/nonFederalFund' is clicked on

2020-08-26 22:13:32 - [TEST_STEP][PASSED] - setText(findTestObject("FDR-VoucherEntry/DistributionLine/nonFederalFund"), Datasheet.getValue("nonFederalFund", 1)): Text '3158' is set on object 'Object Repository/FDR-VoucherEntry/DistributionLine/nonFederalFund'

2020-08-26 22:13:33 - [MESSAGE][PASSED] - Text '3158' is set on object 'Object Repository/FDR-VoucherEntry/DistributionLine/nonFederalFund'

2020-08-26 22:13:33 - [TEST_STEP][PASSED] - sendKeys(findTestObject("FDR-VoucherEntry/DistributionLine/nonFederalFund"), Keys.chord(DOWN, ENTER)): Keys 'DOWN + ENTER + ' sent to object: 'Object Repository/FDR-VoucherEntry/DistributionLine/nonFederalFund'

2020-08-26 22:13:34 - [MESSAGE][PASSED] - Keys 'DOWN + ENTER + ' sent to object: 'Object Repository/FDR-VoucherEntry/DistributionLine/nonFederalFund'

2020-08-26 22:13:34 - [TEST_STEP][PASSED] - click(findTestObject("FDR-VoucherEntry/DistributionLine/account")): Object: 'Object Repository/FDR-VoucherEntry/DistributionLine/account' is clicked on

2020-08-26 22:13:34 - [MESSAGE][PASSED] - Object: 'Object Repository/FDR-VoucherEntry/DistributionLine/account' is clicked on

2020-08-26 22:13:34 - [TEST_STEP][PASSED] - sendKeys(findTestObject("FDR-VoucherEntry/DistributionLine/account"), Datasheet.getValue("account", 1)): Keys '5442000' sent to object: 'Object Repository/FDR-VoucherEntry/DistributionLine/account'

2020-08-26 22:13:35 - [MESSAGE][PASSED] - Keys '5442000' sent to object: 'Object Repository/FDR-VoucherEntry/DistributionLine/account'

2020-08-26 22:13:35 - [TEST_STEP][PASSED] - sendKeys(findTestObject("FDR-VoucherEntry/DistributionLine/account"), Keys.chord(DOWN, ENTER)): Keys 'DOWN + ENTER + ' sent to object: 'Object Repository/FDR-VoucherEntry/DistributionLine/account'

2020-08-26 22:13:35 - [MESSAGE][PASSED] - Keys 'DOWN + ENTER + ' sent to object: 'Object Repository/FDR-VoucherEntry/DistributionLine/account'

2020-08-26 22:13:35 - [TEST_STEP][PASSED] - click(findTestObject("FDR-VoucherEntry/DistributionLine/altAccount")): Object: 'Object Repository/FDR-VoucherEntry/DistributionLine/altAccount' is clicked on

2020-08-26 22:13:36 - [MESSAGE][PASSED] - Object: 'Object Repository/FDR-VoucherEntry/DistributionLine/altAccount' is clicked on

2020-08-26 22:13:36 - [TEST_STEP][PASSED] - sendKeys(findTestObject("FDR-VoucherEntry/DistributionLine/altAccount"), Datasheet.getValue("altAccount", 1)): Keys '5442000089' sent to object: 'Object Repository/FDR-VoucherEntry/DistributionLine/altAccount'

2020-08-26 22:13:36 - [MESSAGE][PASSED] - Keys '5442000089' sent to object: 'Object Repository/FDR-VoucherEntry/DistributionLine/altAccount'

2020-08-26 22:13:36 - [TEST_STEP][PASSED] - sendKeys(findTestObject("FDR-VoucherEntry/DistributionLine/altAccount"), Keys.chord(DOWN, ENTER)): Keys 'DOWN + ENTER + ' sent to object: 'Object Repository/FDR-VoucherEntry/DistributionLine/altAccount'

2020-08-26 22:13:37 - [MESSAGE][PASSED] - Keys 'DOWN + ENTER + ' sent to object: 'Object Repository/FDR-VoucherEntry/DistributionLine/altAccount'

2020-08-26 22:13:37 - [TEST_STEP][PASSED] - click(findTestObject("FDR-VoucherEntry/DistributionLine/serviceCategory")): Object: 'Object Repository/FDR-VoucherEntry/DistributionLine/serviceCategory' is clicked on

2020-08-26 22:13:38 - [MESSAGE][PASSED] - Object: 'Object Repository/FDR-VoucherEntry/DistributionLine/serviceCategory' is clicked on

2020-08-26 22:13:38 - [TEST_STEP][PASSED] - sendKeys(findTestObject("FDR-VoucherEntry/DistributionLine/serviceCategory"), Datasheet.getValue("serviceCategory", 1)): Keys '18B1' sent to object: 'Object Repository/FDR-VoucherEntry/DistributionLine/serviceCategory'

2020-08-26 22:13:38 - [MESSAGE][PASSED] - Keys '18B1' sent to object: 'Object Repository/FDR-VoucherEntry/DistributionLine/serviceCategory'

2020-08-26 22:13:38 - [TEST_STEP][PASSED] - sendKeys(findTestObject("FDR-VoucherEntry/DistributionLine/serviceCategory"), Keys.chord(DOWN, ENTER)): Keys 'DOWN + ENTER + ' sent to object: 'Object Repository/FDR-VoucherEntry/DistributionLine/serviceCategory'

2020-08-26 22:13:38 - [MESSAGE][PASSED] - Keys 'DOWN + ENTER + ' sent to object: 'Object Repository/FDR-VoucherEntry/DistributionLine/serviceCategory'

2020-08-26 22:13:38 - [TEST_STEP][PASSED] - click(findTestObject("FDR-VoucherEntry/DistributionLine/incDecLine")): Object: 'Object Repository/FDR-VoucherEntry/DistributionLine/incDecLine' is clicked on

2020-08-26 22:13:39 - [MESSAGE][PASSED] - Object: 'Object Repository/FDR-VoucherEntry/DistributionLine/incDecLine' is clicked on

2020-08-26 22:13:39 - [TEST_STEP][PASSED] - sendKeys(findTestObject("FDR-VoucherEntry/DistributionLine/incDecLine"), Datasheet.getValue("incDecLine", 1)): Keys '1: New (service Period is current quarter and never been claimed)' sent to object: 'Object Repository/FDR-VoucherEntry/DistributionLine/incDecLine'

2020-08-26 22:13:40 - [MESSAGE][PASSED] - Keys '1: New (service Period is current quarter and never been claimed)' sent to object: 'Object Repository/FDR-VoucherEntry/DistributionLine/incDecLine'

2020-08-26 22:13:40 - [TEST_STEP][PASSED] - sendKeys(findTestObject("FDR-VoucherEntry/DistributionLine/incDecLine"), Keys.chord(DOWN, ENTER)): Keys 'DOWN + ENTER + ' sent to object: 'Object Repository/FDR-VoucherEntry/DistributionLine/incDecLine'

2020-08-26 22:13:40 - [MESSAGE][PASSED] - Keys 'DOWN + ENTER + ' sent to object: 'Object Repository/FDR-VoucherEntry/DistributionLine/incDecLine'

2020-08-26 22:13:40 - [TEST_STEP][PASSED] - click(findTestObject("FDR-VoucherEntry/DistributionLine/index")): Object: 'Object Repository/FDR-VoucherEntry/DistributionLine/index' is clicked on

2020-08-26 22:13:41 - [MESSAGE][PASSED] - Object: 'Object Repository/FDR-VoucherEntry/DistributionLine/index' is clicked on

2020-08-26 22:13:41 - [TEST_STEP][PASSED] - sendKeys(findTestObject("FDR-VoucherEntry/DistributionLine/index"), Datasheet.getValue("index", 1)): Keys '1155' sent to object: 'Object Repository/FDR-VoucherEntry/DistributionLine/index'

2020-08-26 22:13:41 - [MESSAGE][PASSED] - Keys '1155' sent to object: 'Object Repository/FDR-VoucherEntry/DistributionLine/index'

2020-08-26 22:13:41 - [TEST_STEP][PASSED] - sendKeys(findTestObject("FDR-VoucherEntry/DistributionLine/index"), Keys.chord(DOWN, ENTER)): Keys 'DOWN + ENTER + ' sent to object: 'Object Repository/FDR-VoucherEntry/DistributionLine/index'

2020-08-26 22:13:41 - [MESSAGE][PASSED] - Keys 'DOWN + ENTER + ' sent to object: 'Object Repository/FDR-VoucherEntry/DistributionLine/index'

2020-08-26 22:13:41 - [TEST_STEP][PASSED] - click(findTestObject("FDR-VoucherEntry/DistributionLine/ServiceLocation")): Object: 'Object Repository/FDR-VoucherEntry/DistributionLine/ServiceLocation' is clicked on

2020-08-26 22:13:42 - [MESSAGE][PASSED] - Object: 'Object Repository/FDR-VoucherEntry/DistributionLine/ServiceLocation' is clicked on

2020-08-26 22:13:42 - [TEST_STEP][PASSED] - sendKeys(findTestObject("FDR-VoucherEntry/DistributionLine/ServiceLocation"), Datasheet.getValue("ServiceLocation", 1)): Keys '12345' sent to object: 'Object Repository/FDR-VoucherEntry/DistributionLine/ServiceLocation'

2020-08-26 22:13:43 - [MESSAGE][PASSED] - Keys '12345' sent to object: 'Object Repository/FDR-VoucherEntry/DistributionLine/ServiceLocation'

2020-08-26 22:13:43 - [TEST_STEP][PASSED] - sendKeys(findTestObject("FDR-VoucherEntry/DistributionLine/ServiceLocation"), Keys.chord(DOWN, ENTER)): Keys 'DOWN + ENTER + ' sent to object: 'Object Repository/FDR-VoucherEntry/DistributionLine/ServiceLocation'

2020-08-26 22:13:43 - [MESSAGE][PASSED] - Keys 'DOWN + ENTER + ' sent to object: 'Object Repository/FDR-VoucherEntry/DistributionLine/ServiceLocation'

2020-08-26 22:13:43 - [TEST_STEP][PASSED] - click(findTestObject("Object Repository/FDR-VoucherEntry/DistributionLine/addSaveButton")): Object: 'Object Repository/FDR-VoucherEntry/DistributionLine/addSaveButton' is clicked on

2020-08-26 22:13:44 - [MESSAGE][PASSED] - Object: 'Object Repository/FDR-VoucherEntry/DistributionLine/addSaveButton' is clicked on

2020-08-26 22:13:44 - [TEST_STEP][PASSED] - processorVoucherNumber = getText(findTestObject("FDR-VoucherEntry/VoucherHeader/voucherNum")): Text of object 'Object Repository/FDR-VoucherEntry/VoucherHeader/voucherNum' is: 'CAP00000102'

2020-08-26 22:13:45 - [MESSAGE][PASSED] - Text of object 'Object Repository/FDR-VoucherEntry/VoucherHeader/voucherNum' is: 'CAP00000102'

2020-08-26 22:13:45 - [TEST_STEP][PASSED] - delay(2): Delayed 2 second(s)

2020-08-26 22:13:47 - [MESSAGE][PASSED] - Delayed 2 second(s)

2020-08-26 22:13:47 - [TEST_STEP][PASSED] - click(findTestObject("Object Repository/FDR-Vouchers-States/Resume/reviewButton")): Object: 'Object Repository/FDR-Vouchers-States/Resume/reviewButton' is clicked on

2020-08-26 22:13:48 - [MESSAGE][PASSED] - Object: 'Object Repository/FDR-Vouchers-States/Resume/reviewButton' is clicked on

2020-08-26 22:13:48 - [TEST_STEP][PASSED] - click(findTestObject("Object Repository/FDR-Vouchers-States/Resume/submitForApproval")): Object: 'Object Repository/FDR-Vouchers-States/Resume/submitForApproval' is clicked on

2020-08-26 22:13:49 - [MESSAGE][PASSED] - Object: 'Object Repository/FDR-Vouchers-States/Resume/submitForApproval' is clicked on

2020-08-26 22:13:49 - [TEST_STEP][PASSED] - commonFunctions.selectRole("accountsPayableApprover"): Object 'Object Repository/FDR-VoucherEntry/VoucherHeader/reviewButton' is not present after 2 second(s)

2020-08-26 22:13:53 - [MESSAGE][INFO] - Unable to find the element located by 'By.xpath: //*[@data-id='action-button']//*[contains(text(),'Review')]'. Please recheck the objects properties to make sure the desired element is located. 

2020-08-26 22:13:53 - [MESSAGE][WARNING] - Object 'Object Repository/FDR-VoucherEntry/VoucherHeader/reviewButton' is not present after 2 second(s)

2020-08-26 22:13:53 - [MESSAGE][PASSED] - Object: 'Object Repository/FDR-SuperUser-Dashboard/userExpandButton' is clicked on

2020-08-26 22:13:56 - [MESSAGE][INFO] - Unable to find the element located by 'By.xpath: //*[@data-id='action-button']//*[contains(text(),'Review')]'. Please recheck the objects properties to make sure the desired element is located. 

2020-08-26 22:13:56 - [MESSAGE][WARNING] - Object 'Object Repository/FDR-VoucherEntry/VoucherHeader/reviewButton' is not present after 2 second(s)

2020-08-26 22:13:57 - [MESSAGE][PASSED] - Object: 'Object Repository/FDR-SuperUser-Dashboard/accountsPayableApprover' is clicked on

2020-08-26 22:14:00 - [MESSAGE][INFO] - Unable to find the element located by 'By.xpath: //*[@data-id='action-button']//*[contains(text(),'Review')]'. Please recheck the objects properties to make sure the desired element is located. 

2020-08-26 22:14:00 - [MESSAGE][WARNING] - Object 'Object Repository/FDR-VoucherEntry/VoucherHeader/reviewButton' is not present after 2 second(s)

2020-08-26 22:14:00 - [TEST_STEP][PASSED] - delay(2): Delayed 2 second(s)

2020-08-26 22:14:02 - [MESSAGE][PASSED] - Delayed 2 second(s)

2020-08-26 22:14:02 - [TEST_STEP][PASSED] - click(findTestObject("FDR-Dashboard/Filters/validateFilterButton")): Object: 'Object Repository/FDR-Dashboard/Filters/validateFilterButton' is clicked on

2020-08-26 22:14:03 - [MESSAGE][PASSED] - Object: 'Object Repository/FDR-Dashboard/Filters/validateFilterButton' is clicked on

2020-08-26 22:14:03 - [TEST_STEP][PASSED] - delay(20): Delayed 20 second(s)

2020-08-26 22:14:23 - [MESSAGE][PASSED] - Delayed 20 second(s)

2020-08-26 22:14:23 - [TEST_STEP][PASSED] - delay(3): Delayed 3 second(s)

2020-08-26 22:14:26 - [MESSAGE][PASSED] - Delayed 3 second(s)

2020-08-26 22:14:26 - [TEST_STEP][PASSED] - click(findTestObject("FDR-VoucherEntry/InvoiceLine/invoiceLineExpandButton")): Object: 'Object Repository/FDR-VoucherEntry/InvoiceLine/invoiceLineExpandButton' is clicked on

2020-08-26 22:14:26 - [MESSAGE][PASSED] - Object: 'Object Repository/FDR-VoucherEntry/InvoiceLine/invoiceLineExpandButton' is clicked on

2020-08-26 22:14:26 - [TEST_STEP][PASSED] - waitForElementPresent(findTestObject("FDR-EditVoucher/DLHover"), 3): Object 'Object Repository/FDR-EditVoucher/DLHover' is present

2020-08-26 22:14:27 - [MESSAGE][PASSED] - Object 'Object Repository/FDR-EditVoucher/DLHover' is present

2020-08-26 22:14:27 - [TEST_STEP][PASSED] - mouseOver(findTestObject("FDR-EditVoucher/DLHover")): Object: 'Object Repository/FDR-EditVoucher/DLHover' is hovered

2020-08-26 22:14:27 - [MESSAGE][PASSED] - Object: 'Object Repository/FDR-EditVoucher/DLHover' is hovered

2020-08-26 22:14:27 - [TEST_STEP][PASSED] - waitForElementPresent(findTestObject("FDR-EditVoucher/DLEditIcon"), 3): Object 'Object Repository/FDR-EditVoucher/DLEditIcon' is present

2020-08-26 22:14:28 - [MESSAGE][PASSED] - Object 'Object Repository/FDR-EditVoucher/DLEditIcon' is present

2020-08-26 22:14:28 - [TEST_STEP][PASSED] - click(findTestObject("FDR-EditVoucher/DLEditIcon")): Object: 'Object Repository/FDR-EditVoucher/DLEditIcon' is clicked on

2020-08-26 22:14:28 - [MESSAGE][PASSED] - Object: 'Object Repository/FDR-EditVoucher/DLEditIcon' is clicked on

2020-08-26 22:14:28 - [TEST_STEP][PASSED] - click(findTestObject("FDR-Vouchers-States/Validate/Reject/RejectDistributionLine/DLRejectClick")): Object: 'Object Repository/FDR-Vouchers-States/Validate/Reject/RejectDistributionLine/DLRejectClick' is clicked on

2020-08-26 22:14:29 - [MESSAGE][PASSED] - Object: 'Object Repository/FDR-Vouchers-States/Validate/Reject/RejectDistributionLine/DLRejectClick' is clicked on

2020-08-26 22:14:29 - [TEST_STEP][PASSED] - click(findTestObject("FDR-Vouchers-States/Validate/Reject/RejectDistributionLine/rejectDistributionLine")): Object: 'Object Repository/FDR-Vouchers-States/Validate/Reject/RejectDistributionLine/rejectDistributionLine' is clicked on

2020-08-26 22:14:29 - [MESSAGE][PASSED] - Object: 'Object Repository/FDR-Vouchers-States/Validate/Reject/RejectDistributionLine/rejectDistributionLine' is clicked on

2020-08-26 22:14:29 - [TEST_STEP][PASSED] - click(findTestObject("FDR-Vouchers-States/Validate/Reject/RejectDistributionLine/spanIncorrectFundRatio")): Object: 'Object Repository/FDR-Vouchers-States/Validate/Reject/RejectDistributionLine/spanIncorrectFundRatio' is clicked on

2020-08-26 22:14:30 - [MESSAGE][PASSED] - Object: 'Object Repository/FDR-Vouchers-States/Validate/Reject/RejectDistributionLine/spanIncorrectFundRatio' is clicked on

2020-08-26 22:14:30 - [TEST_STEP][PASSED] - click(findTestObject("FDR-Vouchers-States/Validate/Reject/RejectDistributionLine/spanIncorrectDistributionLine")): Object: 'Object Repository/FDR-Vouchers-States/Validate/Reject/RejectDistributionLine/spanIncorrectDistributionLine' is clicked on

2020-08-26 22:14:30 - [MESSAGE][PASSED] - Object: 'Object Repository/FDR-Vouchers-States/Validate/Reject/RejectDistributionLine/spanIncorrectDistributionLine' is clicked on

2020-08-26 22:14:30 - [TEST_STEP][PASSED] - setText(findTestObject("Object Repository/FDR-Dashboard/DashBoard Validation/Notes"), "Distribution Line Reject Notes Here"): Text 'Distribution Line Reject Notes Here' is set on object 'Object Repository/FDR-Dashboard/DashBoard Validation/Notes'

2020-08-26 22:14:31 - [MESSAGE][PASSED] - Text 'Distribution Line Reject Notes Here' is set on object 'Object Repository/FDR-Dashboard/DashBoard Validation/Notes'

2020-08-26 22:14:31 - [TEST_STEP][PASSED] - click(findTestObject("FDR-Vouchers-States/Validate/Reject/RejectDistributionLine/rejectDistributionLine")): Object: 'Object Repository/FDR-Vouchers-States/Validate/Reject/RejectDistributionLine/rejectDistributionLine' is clicked on

2020-08-26 22:14:32 - [MESSAGE][PASSED] - Object: 'Object Repository/FDR-Vouchers-States/Validate/Reject/RejectDistributionLine/rejectDistributionLine' is clicked on

2020-08-26 22:14:32 - [TEST_STEP][PASSED] - click(findTestObject("FDR-VoucherEntry/InvoiceLine/invoiceLineExpandButton")): Object: 'Object Repository/FDR-VoucherEntry/InvoiceLine/invoiceLineExpandButton' is clicked on

2020-08-26 22:14:33 - [MESSAGE][PASSED] - Object: 'Object Repository/FDR-VoucherEntry/InvoiceLine/invoiceLineExpandButton' is clicked on

2020-08-26 22:14:33 - [TEST_STEP][PASSED] - waitForElementPresent(findTestObject("FDR-Dashboard/createNewVoucherButton"), 1): Object 'Object Repository/FDR-Dashboard/createNewVoucherButton' is not present after 1 second(s)

2020-08-26 22:14:35 - [MESSAGE][INFO] - Unable to find the element located by 'By.xpath: //*[@data-id='button-link']//*[contains(text(),'Create New Voucher')]'. Please recheck the objects properties to make sure the desired element is located. 

2020-08-26 22:14:35 - [MESSAGE][WARNING] - Object 'Object Repository/FDR-Dashboard/createNewVoucherButton' is not present after 1 second(s)

2020-08-26 22:14:35 - [TEST_STEP][PASSED] - mouseOver(findTestObject("FDR-EditVoucher/invoiceHover")): Object: 'Object Repository/FDR-EditVoucher/invoiceHover' is hovered

2020-08-26 22:14:36 - [MESSAGE][PASSED] - Object: 'Object Repository/FDR-EditVoucher/invoiceHover' is hovered

2020-08-26 22:14:36 - [TEST_STEP][PASSED] - click(findTestObject("FDR-EditVoucher/voucherLineEditIcon")): Object: 'Object Repository/FDR-EditVoucher/voucherLineEditIcon' is clicked on

2020-08-26 22:14:36 - [MESSAGE][PASSED] - Object: 'Object Repository/FDR-EditVoucher/voucherLineEditIcon' is clicked on

2020-08-26 22:14:36 - [TEST_STEP][PASSED] - waitForElementPresent(findTestObject("FDR-Dashboard/createNewVoucherButton"), 1): Object 'Object Repository/FDR-Dashboard/createNewVoucherButton' is not present after 1 second(s)

2020-08-26 22:14:38 - [MESSAGE][INFO] - Unable to find the element located by 'By.xpath: //*[@data-id='button-link']//*[contains(text(),'Create New Voucher')]'. Please recheck the objects properties to make sure the desired element is located. 

2020-08-26 22:14:38 - [MESSAGE][WARNING] - Object 'Object Repository/FDR-Dashboard/createNewVoucherButton' is not present after 1 second(s)

2020-08-26 22:14:38 - [TEST_STEP][PASSED] - click(findTestObject("FDR-Vouchers-States/Validate/Reject/RejectDistributionLine/DLRejectClick")): Object: 'Object Repository/FDR-Vouchers-States/Validate/Reject/RejectDistributionLine/DLRejectClick' is clicked on

2020-08-26 22:14:38 - [MESSAGE][PASSED] - Object: 'Object Repository/FDR-Vouchers-States/Validate/Reject/RejectDistributionLine/DLRejectClick' is clicked on

2020-08-26 22:14:38 - [TEST_STEP][PASSED] - click(findTestObject("FDR-Vouchers-States/Validate/Reject/RejectVoucherLine/spanIncorrectInvoiceNum")): Object: 'Object Repository/FDR-Vouchers-States/Validate/Reject/RejectVoucherLine/spanIncorrectInvoiceNum' is clicked on

2020-08-26 22:14:38 - [MESSAGE][PASSED] - Object: 'Object Repository/FDR-Vouchers-States/Validate/Reject/RejectVoucherLine/spanIncorrectInvoiceNum' is clicked on

2020-08-26 22:14:38 - [TEST_STEP][PASSED] - waitForElementPresent(findTestObject("FDR-Dashboard/createNewVoucherButton"), 1): Object 'Object Repository/FDR-Dashboard/createNewVoucherButton' is not present after 1 second(s)

2020-08-26 22:14:40 - [MESSAGE][INFO] - Unable to find the element located by 'By.xpath: //*[@data-id='button-link']//*[contains(text(),'Create New Voucher')]'. Please recheck the objects properties to make sure the desired element is located. 

2020-08-26 22:14:40 - [MESSAGE][WARNING] - Object 'Object Repository/FDR-Dashboard/createNewVoucherButton' is not present after 1 second(s)

2020-08-26 22:14:40 - [TEST_STEP][PASSED] - click(findTestObject("FDR-Vouchers-States/Validate/Reject/RejectVoucherLine/spanIncorrectInvoiceAmount")): Object: 'Object Repository/FDR-Vouchers-States/Validate/Reject/RejectVoucherLine/spanIncorrectInvoiceAmount' is clicked on

2020-08-26 22:14:40 - [MESSAGE][PASSED] - Object: 'Object Repository/FDR-Vouchers-States/Validate/Reject/RejectVoucherLine/spanIncorrectInvoiceAmount' is clicked on

2020-08-26 22:14:40 - [TEST_STEP][PASSED] - setText(findTestObject("Object Repository/FDR-Dashboard/DashBoard Validation/Notes"), "Invoice Reject Notes Here"): Text 'Invoice Reject Notes Here' is set on object 'Object Repository/FDR-Dashboard/DashBoard Validation/Notes'

2020-08-26 22:14:42 - [MESSAGE][PASSED] - Text 'Invoice Reject Notes Here' is set on object 'Object Repository/FDR-Dashboard/DashBoard Validation/Notes'

2020-08-26 22:14:42 - [TEST_STEP][PASSED] - click(findTestObject("FDR-Vouchers-States/Validate/Reject/RejectVoucherLine/rejectInvoiceLine")): Object: 'Object Repository/FDR-Vouchers-States/Validate/Reject/RejectVoucherLine/rejectInvoiceLine' is clicked on

2020-08-26 22:14:42 - [MESSAGE][PASSED] - Object: 'Object Repository/FDR-Vouchers-States/Validate/Reject/RejectVoucherLine/rejectInvoiceLine' is clicked on

2020-08-26 22:14:42 - [TEST_STEP][PASSED] - waitForElementPresent(findTestObject("FDR-Dashboard/createNewVoucherButton"), 2): Object 'Object Repository/FDR-Dashboard/createNewVoucherButton' is not present after 2 second(s)

2020-08-26 22:14:46 - [MESSAGE][INFO] - Unable to find the element located by 'By.xpath: //*[@data-id='button-link']//*[contains(text(),'Create New Voucher')]'. Please recheck the objects properties to make sure the desired element is located. 

2020-08-26 22:14:46 - [MESSAGE][WARNING] - Object 'Object Repository/FDR-Dashboard/createNewVoucherButton' is not present after 2 second(s)

2020-08-26 22:14:46 - [TEST_STEP][PASSED] - click(findTestObject("FDR-Vouchers-States/Validate/Reject/rejectButton")): Object: 'Object Repository/FDR-Vouchers-States/Validate/Reject/rejectButton' is clicked on

2020-08-26 22:14:46 - [MESSAGE][PASSED] - Object: 'Object Repository/FDR-Vouchers-States/Validate/Reject/rejectButton' is clicked on

2020-08-26 22:14:46 - [TEST_STEP][PASSED] - check(findTestObject("FDR-Vouchers-States/Validate/Reject/RejectVoucher/spanDrawDate")): Object 'Object Repository/FDR-Vouchers-States/Validate/Reject/RejectVoucher/spanDrawDate' is checked

2020-08-26 22:14:47 - [MESSAGE][PASSED] - Object 'Object Repository/FDR-Vouchers-States/Validate/Reject/RejectVoucher/spanDrawDate' is checked

2020-08-26 22:14:47 - [TEST_STEP][PASSED] - check(findTestObject("FDR-Vouchers-States/Validate/Reject/RejectVoucher/spanPayDate")): Object 'Object Repository/FDR-Vouchers-States/Validate/Reject/RejectVoucher/spanPayDate' is checked

2020-08-26 22:14:47 - [MESSAGE][PASSED] - Object 'Object Repository/FDR-Vouchers-States/Validate/Reject/RejectVoucher/spanPayDate' is checked

2020-08-26 22:14:47 - [TEST_STEP][PASSED] - setText(findTestObject("FDR-Vouchers-States/Validate/Reject/RejectVoucher/Notes"), "Voucher Reject Notes"): Text 'Voucher Reject Notes' is set on object 'Object Repository/FDR-Vouchers-States/Validate/Reject/RejectVoucher/Notes'

2020-08-26 22:14:48 - [MESSAGE][PASSED] - Text 'Voucher Reject Notes' is set on object 'Object Repository/FDR-Vouchers-States/Validate/Reject/RejectVoucher/Notes'

2020-08-26 22:14:48 - [TEST_STEP][PASSED] - check(findTestObject("FDR-Vouchers-States/Validate/Reject/RejectVoucher/rejectVoucherButton")): Object 'Object Repository/FDR-Vouchers-States/Validate/Reject/RejectVoucher/rejectVoucherButton' is checked

2020-08-26 22:14:49 - [MESSAGE][PASSED] - Object 'Object Repository/FDR-Vouchers-States/Validate/Reject/RejectVoucher/rejectVoucherButton' is checked

2020-08-26 22:14:49 - [TEST_STEP][PASSED] - click(findTestObject("FDR-Dashboard/Filters/clearFilterButton")): Object: 'Object Repository/FDR-Dashboard/Filters/clearFilterButton' is clicked on

2020-08-26 22:14:50 - [MESSAGE][PASSED] - Object: 'Object Repository/FDR-Dashboard/Filters/clearFilterButton' is clicked on

2020-08-26 22:14:50 - [TEST_STEP][PASSED] - commonFunctions.selectRole("accountsPayableProcessor"): Object 'Object Repository/FDR-VoucherEntry/VoucherHeader/reviewButton' is not present after 2 second(s)

2020-08-26 22:14:53 - [MESSAGE][INFO] - Unable to find the element located by 'By.xpath: //*[@data-id='action-button']//*[contains(text(),'Review')]'. Please recheck the objects properties to make sure the desired element is located. 

2020-08-26 22:14:53 - [MESSAGE][WARNING] - Object 'Object Repository/FDR-VoucherEntry/VoucherHeader/reviewButton' is not present after 2 second(s)

2020-08-26 22:14:54 - [MESSAGE][PASSED] - Object: 'Object Repository/FDR-SuperUser-Dashboard/userExpandButton' is clicked on

2020-08-26 22:14:57 - [MESSAGE][INFO] - Unable to find the element located by 'By.xpath: //*[@data-id='action-button']//*[contains(text(),'Review')]'. Please recheck the objects properties to make sure the desired element is located. 

2020-08-26 22:14:57 - [MESSAGE][WARNING] - Object 'Object Repository/FDR-VoucherEntry/VoucherHeader/reviewButton' is not present after 2 second(s)

2020-08-26 22:14:57 - [MESSAGE][PASSED] - Object: 'Object Repository/FDR-SuperUser-Dashboard/accountsPayableProcessor' is clicked on

2020-08-26 22:15:01 - [MESSAGE][INFO] - Unable to find the element located by 'By.xpath: //*[@data-id='action-button']//*[contains(text(),'Review')]'. Please recheck the objects properties to make sure the desired element is located. 

2020-08-26 22:15:01 - [MESSAGE][WARNING] - Object 'Object Repository/FDR-VoucherEntry/VoucherHeader/reviewButton' is not present after 2 second(s)

2020-08-26 22:15:01 - [TEST_STEP][PASSED] - delay(3): Delayed 3 second(s)

2020-08-26 22:15:04 - [MESSAGE][PASSED] - Delayed 3 second(s)

2020-08-26 22:15:04 - [TEST_STEP][PASSED] - click(findTestObject("FDR-Dashboard/Filters/fixFilterButton")): Object: 'Object Repository/FDR-Dashboard/Filters/fixFilterButton' is clicked on

2020-08-26 22:15:04 - [MESSAGE][PASSED] - Object: 'Object Repository/FDR-Dashboard/Filters/fixFilterButton' is clicked on

2020-08-26 22:15:04 - [TEST_STEP][PASSED] - delay(12): Delayed 12 second(s)

2020-08-26 22:15:16 - [MESSAGE][PASSED] - Delayed 12 second(s)

2020-08-26 22:15:16 - [TEST_STEP][PASSED] - click(findTestObject("FDR-VoucherEntry/InvoiceLine/invoiceLineExpandButton")): Object: 'Object Repository/FDR-VoucherEntry/InvoiceLine/invoiceLineExpandButton' is clicked on

2020-08-26 22:15:17 - [MESSAGE][PASSED] - Object: 'Object Repository/FDR-VoucherEntry/InvoiceLine/invoiceLineExpandButton' is clicked on

2020-08-26 22:15:17 - [TEST_STEP][PASSED] - waitForElementPresent(findTestObject("FDR-Dashboard/createNewVoucherButton"), 1): Object 'Object Repository/FDR-Dashboard/createNewVoucherButton' is not present after 1 second(s)

2020-08-26 22:15:19 - [MESSAGE][INFO] - Unable to find the element located by 'By.xpath: //*[@data-id='button-link']//*[contains(text(),'Create New Voucher')]'. Please recheck the objects properties to make sure the desired element is located. 

2020-08-26 22:15:19 - [MESSAGE][WARNING] - Object 'Object Repository/FDR-Dashboard/createNewVoucherButton' is not present after 1 second(s)

2020-08-26 22:15:19 - [TEST_STEP][PASSED] - mouseOver(findTestObject("FDR-EditVoucher/invoiceHover")): Object: 'Object Repository/FDR-EditVoucher/invoiceHover' is hovered

2020-08-26 22:15:19 - [MESSAGE][PASSED] - Object: 'Object Repository/FDR-EditVoucher/invoiceHover' is hovered

2020-08-26 22:15:19 - [TEST_STEP][PASSED] - click(findTestObject("Object Repository/FDR-Receipt/FDR-Receipt-DistributionLine/3dots/editIconDistributionLine")): Object: 'Object Repository/FDR-Receipt/FDR-Receipt-DistributionLine/3dots/editIconDistributionLine' is clicked on

2020-08-26 22:15:20 - [MESSAGE][PASSED] - Object: 'Object Repository/FDR-Receipt/FDR-Receipt-DistributionLine/3dots/editIconDistributionLine' is clicked on

2020-08-26 22:15:20 - [TEST_STEP][PASSED] - click(findTestObject("Object Repository/FDR-EditVoucher/DLEditClick")): Object: 'Object Repository/FDR-EditVoucher/DLEditClick' is clicked on

2020-08-26 22:15:20 - [MESSAGE][PASSED] - Object: 'Object Repository/FDR-EditVoucher/DLEditClick' is clicked on

2020-08-26 22:15:20 - [TEST_STEP][PASSED] - click(findTestObject("FDR-VoucherEntry/DistributionLine/fundRatio")): Object: 'Object Repository/FDR-VoucherEntry/DistributionLine/fundRatio' is clicked on

2020-08-26 22:15:21 - [MESSAGE][PASSED] - Object: 'Object Repository/FDR-VoucherEntry/DistributionLine/fundRatio' is clicked on

2020-08-26 22:15:21 - [TEST_STEP][PASSED] - sendKeys(findTestObject("FDR-VoucherEntry/DistributionLine/fundRatio"), Keys.chord(BACK_SPACE)): Keys 'BACK_SPACE + ' sent to object: 'Object Repository/FDR-VoucherEntry/DistributionLine/fundRatio'

2020-08-26 22:15:22 - [MESSAGE][PASSED] - Keys 'BACK_SPACE + ' sent to object: 'Object Repository/FDR-VoucherEntry/DistributionLine/fundRatio'

2020-08-26 22:15:22 - [TEST_STEP][PASSED] - setText(findTestObject("FDR-VoucherEntry/DistributionLine/fundRatio"), "90/10"): Text '90/10' is set on object 'Object Repository/FDR-VoucherEntry/DistributionLine/fundRatio'

2020-08-26 22:15:23 - [MESSAGE][PASSED] - Text '90/10' is set on object 'Object Repository/FDR-VoucherEntry/DistributionLine/fundRatio'

2020-08-26 22:15:23 - [TEST_STEP][PASSED] - sendKeys(findTestObject("FDR-VoucherEntry/DistributionLine/fundRatio"), Keys.chord(DOWN, ENTER)): Keys 'DOWN + ENTER + ' sent to object: 'Object Repository/FDR-VoucherEntry/DistributionLine/fundRatio'

2020-08-26 22:15:24 - [MESSAGE][PASSED] - Keys 'DOWN + ENTER + ' sent to object: 'Object Repository/FDR-VoucherEntry/DistributionLine/fundRatio'

2020-08-26 22:15:24 - [TEST_STEP][PASSED] - click(findTestObject("FDR-VoucherEntry/DistributionLine/nonFederalFund")): Object: 'Object Repository/FDR-VoucherEntry/DistributionLine/nonFederalFund' is clicked on

2020-08-26 22:15:24 - [MESSAGE][PASSED] - Object: 'Object Repository/FDR-VoucherEntry/DistributionLine/nonFederalFund' is clicked on

2020-08-26 22:15:24 - [TEST_STEP][PASSED] - sendKeys(findTestObject("FDR-VoucherEntry/DistributionLine/nonFederalFund"), Keys.chord(BACK_SPACE)): Keys 'BACK_SPACE + ' sent to object: 'Object Repository/FDR-VoucherEntry/DistributionLine/nonFederalFund'

2020-08-26 22:15:25 - [MESSAGE][PASSED] - Keys 'BACK_SPACE + ' sent to object: 'Object Repository/FDR-VoucherEntry/DistributionLine/nonFederalFund'

2020-08-26 22:15:25 - [TEST_STEP][PASSED] - setText(findTestObject("FDR-VoucherEntry/DistributionLine/nonFederalFund"), "0001"): Text '0001' is set on object 'Object Repository/FDR-VoucherEntry/DistributionLine/nonFederalFund'

2020-08-26 22:15:25 - [MESSAGE][PASSED] - Text '0001' is set on object 'Object Repository/FDR-VoucherEntry/DistributionLine/nonFederalFund'

2020-08-26 22:15:25 - [TEST_STEP][PASSED] - sendKeys(findTestObject("FDR-VoucherEntry/DistributionLine/nonFederalFund"), Keys.chord(DOWN, ENTER)): Keys 'DOWN + ENTER + ' sent to object: 'Object Repository/FDR-VoucherEntry/DistributionLine/nonFederalFund'

2020-08-26 22:15:26 - [MESSAGE][PASSED] - Keys 'DOWN + ENTER + ' sent to object: 'Object Repository/FDR-VoucherEntry/DistributionLine/nonFederalFund'

2020-08-26 22:15:26 - [TEST_STEP][PASSED] - click(findTestObject("FDR-VoucherEntry/DistributionLine/serviceCategory")): Object: 'Object Repository/FDR-VoucherEntry/DistributionLine/serviceCategory' is clicked on

2020-08-26 22:15:26 - [MESSAGE][PASSED] - Object: 'Object Repository/FDR-VoucherEntry/DistributionLine/serviceCategory' is clicked on

2020-08-26 22:15:26 - [TEST_STEP][PASSED] - sendKeys(findTestObject("FDR-VoucherEntry/DistributionLine/serviceCategory"), "18B1"): Keys '18B1' sent to object: 'Object Repository/FDR-VoucherEntry/DistributionLine/serviceCategory'

2020-08-26 22:15:27 - [MESSAGE][PASSED] - Keys '18B1' sent to object: 'Object Repository/FDR-VoucherEntry/DistributionLine/serviceCategory'

2020-08-26 22:15:27 - [TEST_STEP][PASSED] - sendKeys(findTestObject("FDR-VoucherEntry/DistributionLine/serviceCategory"), Keys.chord(DOWN, ENTER)): Keys 'DOWN + ENTER + ' sent to object: 'Object Repository/FDR-VoucherEntry/DistributionLine/serviceCategory'

2020-08-26 22:15:27 - [MESSAGE][PASSED] - Keys 'DOWN + ENTER + ' sent to object: 'Object Repository/FDR-VoucherEntry/DistributionLine/serviceCategory'

2020-08-26 22:15:27 - [TEST_STEP][PASSED] - click(findTestObject("Object Repository/FDR-EditVoucher/editvocuherSave")): Object: 'Object Repository/FDR-EditVoucher/editvocuherSave' is clicked on

2020-08-26 22:15:28 - [MESSAGE][PASSED] - Object: 'Object Repository/FDR-EditVoucher/editvocuherSave' is clicked on

2020-08-26 22:15:28 - [TEST_STEP][PASSED] - click(findTestObject("FDR-VoucherEntry/VoucherHeader/reviewButton")): Object: 'Object Repository/FDR-VoucherEntry/VoucherHeader/reviewButton' is clicked on

2020-08-26 22:15:29 - [MESSAGE][PASSED] - Object: 'Object Repository/FDR-VoucherEntry/VoucherHeader/reviewButton' is clicked on

2020-08-26 22:15:29 - [TEST_STEP][PASSED] - delay(2): Delayed 2 second(s)

2020-08-26 22:15:31 - [MESSAGE][PASSED] - Delayed 2 second(s)

2020-08-26 22:15:31 - [TEST_STEP][PASSED] - click(findTestObject("FDR-Vouchers-States/Resume/submitForApproval")): Object: 'Object Repository/FDR-Vouchers-States/Resume/submitForApproval' is clicked on

2020-08-26 22:15:32 - [MESSAGE][PASSED] - Object: 'Object Repository/FDR-Vouchers-States/Resume/submitForApproval' is clicked on

2020-08-26 22:15:32 - [TEST_STEP][PASSED] - click(findTestObject("FDR-Dashboard/Filters/clearFilterButton")): Object: 'Object Repository/FDR-Dashboard/Filters/clearFilterButton' is clicked on

2020-08-26 22:15:33 - [MESSAGE][PASSED] - Object: 'Object Repository/FDR-Dashboard/Filters/clearFilterButton' is clicked on

2020-08-26 22:15:33 - [TEST_STEP][PASSED] - commonFunctions.selectRole("accountsPayableApprover"): Object 'Object Repository/FDR-VoucherEntry/VoucherHeader/reviewButton' is not present after 2 second(s)

2020-08-26 22:15:36 - [MESSAGE][INFO] - Unable to find the element located by 'By.xpath: //*[@data-id='action-button']//*[contains(text(),'Review')]'. Please recheck the objects properties to make sure the desired element is located. 

2020-08-26 22:15:36 - [MESSAGE][WARNING] - Object 'Object Repository/FDR-VoucherEntry/VoucherHeader/reviewButton' is not present after 2 second(s)

2020-08-26 22:15:37 - [MESSAGE][PASSED] - Object: 'Object Repository/FDR-SuperUser-Dashboard/userExpandButton' is clicked on

2020-08-26 22:15:40 - [MESSAGE][INFO] - Unable to find the element located by 'By.xpath: //*[@data-id='action-button']//*[contains(text(),'Review')]'. Please recheck the objects properties to make sure the desired element is located. 

2020-08-26 22:15:40 - [MESSAGE][WARNING] - Object 'Object Repository/FDR-VoucherEntry/VoucherHeader/reviewButton' is not present after 2 second(s)

2020-08-26 22:15:40 - [MESSAGE][PASSED] - Object: 'Object Repository/FDR-SuperUser-Dashboard/accountsPayableApprover' is clicked on

2020-08-26 22:15:44 - [MESSAGE][INFO] - Unable to find the element located by 'By.xpath: //*[@data-id='action-button']//*[contains(text(),'Review')]'. Please recheck the objects properties to make sure the desired element is located. 

2020-08-26 22:15:44 - [MESSAGE][WARNING] - Object 'Object Repository/FDR-VoucherEntry/VoucherHeader/reviewButton' is not present after 2 second(s)

2020-08-26 22:15:44 - [TEST_STEP][PASSED] - delay(1): Delayed 1 second(s)

2020-08-26 22:15:45 - [MESSAGE][PASSED] - Delayed 1 second(s)

2020-08-26 22:15:45 - [TEST_STEP][PASSED] - click(findTestObject("FDR-Dashboard/Filters/validateFilterButton")): Object: 'Object Repository/FDR-Dashboard/Filters/validateFilterButton' is clicked on

2020-08-26 22:15:45 - [MESSAGE][PASSED] - Object: 'Object Repository/FDR-Dashboard/Filters/validateFilterButton' is clicked on

2020-08-26 22:15:45 - [TEST_STEP][PASSED] - delay(12): Delayed 12 second(s)

2020-08-26 22:15:57 - [MESSAGE][PASSED] - Delayed 12 second(s)

2020-08-26 22:15:57 - [TEST_STEP][PASSED] - click(findTestObject("Object Repository/FDR-Draw/reviewScreen/approveButton")): Object: 'Object Repository/FDR-Draw/reviewScreen/approveButton' is clicked on

2020-08-26 22:15:58 - [MESSAGE][PASSED] - Object: 'Object Repository/FDR-Draw/reviewScreen/approveButton' is clicked on

2020-08-26 22:15:58 - [TEST_STEP][PASSED] - delay(1): Delayed 1 second(s)

2020-08-26 22:15:59 - [MESSAGE][PASSED] - Delayed 1 second(s)

2020-08-26 22:15:59 - [TEST_STEP][PASSED] - click(findTestObject("FDR-Dashboard/Filters/clearFilterButton")): Object: 'Object Repository/FDR-Dashboard/Filters/clearFilterButton' is clicked on

2020-08-26 22:15:59 - [MESSAGE][PASSED] - Object: 'Object Repository/FDR-Dashboard/Filters/clearFilterButton' is clicked on

2020-08-26 22:15:59 - [TEST_STEP][PASSED] - delay(5): Delayed 5 second(s)

2020-08-26 22:16:04 - [MESSAGE][PASSED] - Delayed 5 second(s)

2020-08-26 22:16:04 - [TEST_STEP][PASSED] - click(findTestObject("Object Repository/FDR-Dashboard/Filters/printFilterButton")): Object: 'Object Repository/FDR-Dashboard/Filters/printFilterButton' is clicked on

2020-08-26 22:16:04 - [MESSAGE][PASSED] - Object: 'Object Repository/FDR-Dashboard/Filters/printFilterButton' is clicked on

2020-08-26 22:16:04 - [TEST_STEP][PASSED] - delay(12): Delayed 12 second(s)

2020-08-26 22:16:16 - [MESSAGE][PASSED] - Delayed 12 second(s)

2020-08-26 22:16:16 - [TEST_STEP][PASSED] - click(findTestObject("Object Repository/FDR-Vouchers-States/Print/printCMIAForm")): Object: 'Object Repository/FDR-Vouchers-States/Print/printCMIAForm' is clicked on

2020-08-26 22:16:19 - [MESSAGE][PASSED] - Object: 'Object Repository/FDR-Vouchers-States/Print/printCMIAForm' is clicked on

2020-08-26 22:16:19 - [TEST_STEP][PASSED] - waitForPageLoad(7): Wait for page load successfully

2020-08-26 22:16:19 - [MESSAGE][PASSED] - Wait for page load successfully

2020-08-26 22:16:19 - [TEST_STEP][PASSED] - closeWindowIndex(1): Window with index 1 is closed

2020-08-26 22:16:22 - [MESSAGE][PASSED] - Window with index 1 is closed

2020-08-26 22:16:22 - [TEST_STEP][PASSED] - delay(1): Delayed 1 second(s)

2020-08-26 22:16:23 - [MESSAGE][PASSED] - Delayed 1 second(s)

2020-08-26 22:16:23 - [TEST_STEP][PASSED] - switchToWindowIndex(0): Switched to window with index: '0'

2020-08-26 22:16:23 - [MESSAGE][PASSED] - Switched to window with index: '0'

2020-08-26 22:16:23 - [TEST_STEP][PASSED] - click(findTestObject("FDR-Vouchers-States/Print/printFaceSheet")): Object: 'Object Repository/FDR-Vouchers-States/Print/printFaceSheet' is clicked on

2020-08-26 22:16:23 - [MESSAGE][PASSED] - Object: 'Object Repository/FDR-Vouchers-States/Print/printFaceSheet' is clicked on

2020-08-26 22:16:23 - [TEST_STEP][PASSED] - waitForPageLoad(7): Wait for page load successfully

2020-08-26 22:16:23 - [MESSAGE][PASSED] - Wait for page load successfully

2020-08-26 22:16:23 - [TEST_STEP][PASSED] - closeWindowIndex(1): Window with index 1 is closed

2020-08-26 22:16:25 - [MESSAGE][PASSED] - Window with index 1 is closed

2020-08-26 22:16:25 - [TEST_STEP][PASSED] - delay(5): Delayed 5 second(s)

2020-08-26 22:16:30 - [MESSAGE][PASSED] - Delayed 5 second(s)

2020-08-26 22:16:30 - [TEST_STEP][PASSED] - switchToWindowIndex(0): Switched to window with index: '0'

2020-08-26 22:16:30 - [MESSAGE][PASSED] - Switched to window with index: '0'

2020-08-26 22:16:30 - [TEST_STEP][PASSED] - click(findTestObject("/FDR-Vouchers-States/Print/printRA")): Object: 'Object Repository//FDR-Vouchers-States/Print/printRA' is clicked on

2020-08-26 22:16:30 - [MESSAGE][PASSED] - Object: 'Object Repository//FDR-Vouchers-States/Print/printRA' is clicked on

2020-08-26 22:16:30 - [TEST_STEP][PASSED] - waitForPageLoad(7): Wait for page load successfully

2020-08-26 22:16:30 - [MESSAGE][PASSED] - Wait for page load successfully

2020-08-26 22:16:30 - [TEST_STEP][PASSED] - closeWindowIndex(1): Window with index 1 is closed

2020-08-26 22:16:32 - [MESSAGE][PASSED] - Window with index 1 is closed

2020-08-26 22:16:32 - [TEST_STEP][PASSED] - delay(5): Delayed 5 second(s)

2020-08-26 22:16:37 - [MESSAGE][PASSED] - Delayed 5 second(s)

2020-08-26 22:16:37 - [TEST_STEP][PASSED] - switchToWindowIndex(0): Switched to window with index: '0'

2020-08-26 22:16:37 - [MESSAGE][PASSED] - Switched to window with index: '0'

2020-08-26 22:16:37 - [TEST_STEP][PASSED] - click(findTestObject("Object Repository/FDR-Vouchers-States/Print/allFormsPrintButton")): Object: 'Object Repository/FDR-Vouchers-States/Print/allFormsPrintButton' is clicked on

2020-08-26 22:16:38 - [MESSAGE][PASSED] - Object: 'Object Repository/FDR-Vouchers-States/Print/allFormsPrintButton' is clicked on

2020-08-26 22:16:38 - [TEST_STEP][PASSED] - delay(5): Delayed 5 second(s)

2020-08-26 22:16:43 - [MESSAGE][PASSED] - Delayed 5 second(s)

2020-08-26 22:16:43 - [TEST_STEP][PASSED] - click(findTestObject("FDR-Dashboard/Filters/clearFilterButton")): Object: 'Object Repository/FDR-Dashboard/Filters/clearFilterButton' is clicked on

2020-08-26 22:16:43 - [MESSAGE][PASSED] - Object: 'Object Repository/FDR-Dashboard/Filters/clearFilterButton' is clicked on

2020-08-26 22:16:43 - [TEST_STEP][PASSED] - click(findTestObject("Object Repository/FDR-Dashboard/appLogo")): Object: 'Object Repository/FDR-Dashboard/appLogo' is clicked on

2020-08-26 22:16:44 - [MESSAGE][PASSED] - Object: 'Object Repository/FDR-Dashboard/appLogo' is clicked on

2020-08-26 22:16:44 - [TEST_STEP][PASSED] - commonFunctions.logout(): Browser is closed

2020-08-26 22:16:45 - [MESSAGE][PASSED] - Browser is closed

2020-08-26 22:16:45 - [TEST_STEP][PASSED] - Start listener action : sampleAfterTestCase: null

2020-08-26 22:16:45 - [TEST_STEP][PASSED] - profileName = getExecutionProfile(): null

2020-08-26 22:16:45 - [TEST_STEP][PASSED] - switch (profileName): null

2020-08-26 22:16:45 - [TEST_STEP][PASSED] - case "superUser":: null

2020-08-26 22:16:45 - [TEST_STEP][PASSED] - return null: null

2020-08-26 22:16:45 - [TEST_STEP][PASSED] - Start listener action : afterTestCase: null

2020-08-26 22:16:45 - [TEST_STEP][PASSED] - profileName = getExecutionProfile(): null

2020-08-26 22:16:45 - [TEST_STEP][PASSED] - if (profileName.equalsIgnoreCase("SysAdmin")): null

2020-08-26 22:16:45 - [TEST_STEP][PASSED] - Start listener action : sampleAfterTestCase: null

2020-08-26 22:16:45 - [TEST_STEP][PASSED] - profileName = getExecutionProfile(): null

2020-08-26 22:16:45 - [TEST_STEP][PASSED] - switch (profileName): null

2020-08-26 22:16:45 - [TEST_STEP][PASSED] - Default: null

2020-08-26 22:16:45 - [TEST_STEP][PASSED] - return null: null

2020-08-26 22:16:45 - [TEST_STEP][PASSED] - Start listener action : addFailedTCToList: null]]></system-out>
         <system-err><![CDATA[]]></system-err>
      </testcase>
      <testcase name="Test Cases/FDR_END_2_END/FDR_END_2_END_Voucher_Approval" time="166.375" classname="Test Cases/FDR_END_2_END/FDR_END_2_END_Voucher_Approval" status="PASSED">
         <system-out><![CDATA[2020-08-26 22:16:45 - [TEST_CASE][PASSED] - Test Cases/FDR_END_2_END/FDR_END_2_END_Voucher_Approval: Test Cases/FDR_END_2_END/FDR_END_2_END_Voucher_Approval

2020-08-26 22:16:45 - [TEST_STEP][PASSED] - Start listener action : sampleBeforeTestCase: null

2020-08-26 22:16:45 - [TEST_STEP][PASSED] - profileName = getExecutionProfile(): null

2020-08-26 22:16:45 - [TEST_STEP][PASSED] - switch (profileName): null

2020-08-26 22:16:45 - [TEST_STEP][PASSED] - case "superUser":: null

2020-08-26 22:16:45 - [TEST_STEP][PASSED] - return null: null

2020-08-26 22:16:45 - [TEST_STEP][PASSED] - Start listener action : beforeTestCase: null

2020-08-26 22:16:45 - [TEST_STEP][PASSED] - profileName = getExecutionProfile(): null

2020-08-26 22:16:45 - [TEST_STEP][PASSED] - if (profileName.equalsIgnoreCase("SysAdmin")): null

2020-08-26 22:16:45 - [TEST_STEP][PASSED] - Start listener action : sampleBeforeTestCase: null

2020-08-26 22:16:45 - [TEST_STEP][PASSED] - profileName = getExecutionProfile(): null

2020-08-26 22:16:45 - [TEST_STEP][PASSED] - testCaseId = testCaseContext.getTestCaseId(): null

2020-08-26 22:16:45 - [TEST_STEP][PASSED] - switch (profileName): null

2020-08-26 22:16:45 - [TEST_STEP][PASSED] - Default: null

2020-08-26 22:16:45 - [TEST_STEP][PASSED] - return null: null

2020-08-26 22:16:45 - [TEST_STEP][PASSED] - Start listener action : executeRows: null

2020-08-26 22:16:45 - [TEST_STEP][PASSED] - Datasheet = findTestData("End_2_End/End_2_End_Voucher"): null

2020-08-26 22:16:45 - [TEST_STEP][PASSED] - commonFunctions.login(superUserAccnt, superUserPwd): Object: 'Object Repository/FDR-SignIn/SignInButton' is clicked on

2020-08-26 22:16:45 - [MESSAGE][INFO] - Starting 'Chrome' driver

2020-08-26 22:16:45 - [MESSAGE][INFO] - Action delay is set to 0 milliseconds

2020-08-26 22:16:49 - [MESSAGE][PASSED] - Browser is opened with url: 'https://fdr-katalon.cammis-mod-dev.dhcs.ca.gov/'

2020-08-26 22:16:51 - [MESSAGE][PASSED] - Current window maximized

2020-08-26 22:16:51 - [MESSAGE][PASSED] - Object 'Object Repository/FDR-SignIn/SignInEmail' is present

2020-08-26 22:16:52 - [MESSAGE][PASSED] - Object: 'Object Repository/FDR-SignIn/SignInEmail' is clicked on

2020-08-26 22:16:52 - [MESSAGE][PASSED] - Object 'Object Repository/FDR-SignIn/SignInEmail' is present

2020-08-26 22:16:53 - [MESSAGE][PASSED] - Text 'fdr.test11@dhcs.ca.gov' is set on object 'Object Repository/FDR-SignIn/SignInEmail'

2020-08-26 22:16:53 - [MESSAGE][PASSED] - Object 'Object Repository/FDR-SignIn/SignInEmailNext' is visible

2020-08-26 22:16:53 - [MESSAGE][PASSED] - Object: 'Object Repository/FDR-SignIn/SignInEmailNext' is clicked on

2020-08-26 22:16:56 - [MESSAGE][PASSED] - Object 'Object Repository/FDR-SignIn/SignInEmailPassword' is visible

2020-08-26 22:16:57 - [MESSAGE][PASSED] - Object: 'Object Repository/FDR-SignIn/SignInEmailPassword' is clicked on

2020-08-26 22:16:57 - [MESSAGE][PASSED] - Text ****** has been set on object 'Object Repository/FDR-SignIn/SignInEmailPassword'

2020-08-26 22:16:58 - [MESSAGE][PASSED] - Object: 'Object Repository/FDR-SignIn/SignInButton' is clicked on

2020-08-26 22:16:58 - [TEST_STEP][PASSED] - commonFunctions.selectRole("accountsPayableProcessor"): Object 'Object Repository/FDR-VoucherEntry/VoucherHeader/reviewButton' is not present after 2 second(s)

2020-08-26 22:17:02 - [MESSAGE][INFO] - Unable to find the element located by 'By.xpath: //*[@data-id='action-button']//*[contains(text(),'Review')]'. Please recheck the objects properties to make sure the desired element is located. 

2020-08-26 22:17:02 - [MESSAGE][WARNING] - Object 'Object Repository/FDR-VoucherEntry/VoucherHeader/reviewButton' is not present after 2 second(s)

2020-08-26 22:17:03 - [MESSAGE][PASSED] - Object: 'Object Repository/FDR-SuperUser-Dashboard/userExpandButton' is clicked on

2020-08-26 22:17:06 - [MESSAGE][INFO] - Unable to find the element located by 'By.xpath: //*[@data-id='action-button']//*[contains(text(),'Review')]'. Please recheck the objects properties to make sure the desired element is located. 

2020-08-26 22:17:06 - [MESSAGE][WARNING] - Object 'Object Repository/FDR-VoucherEntry/VoucherHeader/reviewButton' is not present after 2 second(s)

2020-08-26 22:17:06 - [MESSAGE][PASSED] - Object: 'Object Repository/FDR-SuperUser-Dashboard/accountsPayableProcessor' is clicked on

2020-08-26 22:17:10 - [MESSAGE][INFO] - Unable to find the element located by 'By.xpath: //*[@data-id='action-button']//*[contains(text(),'Review')]'. Please recheck the objects properties to make sure the desired element is located. 

2020-08-26 22:17:10 - [MESSAGE][WARNING] - Object 'Object Repository/FDR-VoucherEntry/VoucherHeader/reviewButton' is not present after 2 second(s)

2020-08-26 22:17:10 - [TEST_STEP][PASSED] - click(findTestObject("Object Repository/FDR-Dashboard/createNewVoucherButton")): Object: 'Object Repository/FDR-Dashboard/createNewVoucherButton' is clicked on

2020-08-26 22:17:10 - [MESSAGE][PASSED] - Object: 'Object Repository/FDR-Dashboard/createNewVoucherButton' is clicked on

2020-08-26 22:17:10 - [TEST_STEP][PASSED] - setText(findTestObject("FDR-VoucherEntry/Voucher/drawDate"), Datasheet.getValue("drawDate", 1)): Text '01/19/2021' is set on object 'Object Repository/FDR-VoucherEntry/Voucher/drawDate'

2020-08-26 22:17:12 - [MESSAGE][PASSED] - Text '01/19/2021' is set on object 'Object Repository/FDR-VoucherEntry/Voucher/drawDate'

2020-08-26 22:17:12 - [TEST_STEP][PASSED] - setText(findTestObject("FDR-VoucherEntry/Voucher/payDate"), Datasheet.getValue("payDate", 1)): Text '01/21/2021' is set on object 'Object Repository/FDR-VoucherEntry/Voucher/payDate'

2020-08-26 22:17:12 - [MESSAGE][PASSED] - Text '01/21/2021' is set on object 'Object Repository/FDR-VoucherEntry/Voucher/payDate'

2020-08-26 22:17:12 - [TEST_STEP][PASSED] - click(findTestObject("FDR-VoucherEntry/Voucher/programType")): Object: 'Object Repository/FDR-VoucherEntry/Voucher/programType' is clicked on

2020-08-26 22:17:13 - [MESSAGE][PASSED] - Object: 'Object Repository/FDR-VoucherEntry/Voucher/programType' is clicked on

[...]

2020-08-26 22:17:58 - [MESSAGE][PASSED] - Object: 'Object Repository/FDR-VoucherEntry/DistributionLine/fundRatio' is clicked on

2020-08-26 22:17:58 - [TEST_STEP][PASSED] - setText(findTestObject("FDR-VoucherEntry/DistributionLine/fundRatio"), Datasheet.getValue("fundRatio", 1)): Text '50/50' is set on object 'Object Repository/FDR-VoucherEntry/DistributionLine/fundRatio'

2020-08-26 22:17:59 - [MESSAGE][PASSED] - Text '50/50' is set on object 'Object Repository/FDR-VoucherEntry/DistributionLine/fundRatio'

2020-08-26 22:17:59 - [TEST_STEP][PASSED] - sendKeys(findTestObject("FDR-VoucherEntry/DistributionLine/fundRatio"), Keys.chord(DOWN, ENTER)): Keys 'DOWN + ENTER + ' sent to object: 'Object Repository/FDR-VoucherEntry/DistributionLine/fundRatio'

2020-08-26 22:17:59 - [MESSAGE][PASSED] - Keys 'DOWN + ENTER + ' sent to object: 'Object Repository/FDR-VoucherEntry/DistributionLine/fundRatio'

2020-08-26 22:17:59 - [TEST_STEP][PASSED] - click(findTestObject("FDR-VoucherEntry/DistributionLine/nonFederalFund")): Object: 'Object Repository/FDR-VoucherEntry/DistributionLine/nonFederalFund' is clicked on

2020-08-26 22:18:00 - [MESSAGE][PASSED] - Object: 'Object Repository/FDR-VoucherEntry/DistributionLine/nonFederalFund' is clicked on

2020-08-26 22:18:00 - [TEST_STEP][PASSED] - setText(findTestObject("FDR-VoucherEntry/DistributionLine/nonFederalFund"), Datasheet.getValue("nonFederalFund", 1)): Text '3158' is set on object 'Object Repository/FDR-VoucherEntry/DistributionLine/nonFederalFund'

2020-08-26 22:18:01 - [MESSAGE][PASSED] - Text '3158' is set on object 'Object Repository/FDR-VoucherEntry/DistributionLine/nonFederalFund'

2020-08-26 22:18:01 - [TEST_STEP][PASSED] - sendKeys(findTestObject("FDR-VoucherEntry/DistributionLine/nonFederalFund"), Keys.chord(DOWN, ENTER)): Keys 'DOWN + ENTER + ' sent to object: 'Object Repository/FDR-VoucherEntry/DistributionLine/nonFederalFund'

2020-08-26 22:18:01 - [MESSAGE][PASSED] - Keys 'DOWN + ENTER + ' sent to object: 'Object Repository/FDR-VoucherEntry/DistributionLine/nonFederalFund'

2020-08-26 22:18:01 - [TEST_STEP][PASSED] - click(findTestObject("FDR-VoucherEntry/DistributionLine/account")): Object: 'Object Repository/FDR-VoucherEntry/DistributionLine/account' is clicked on

2020-08-26 22:18:02 - [MESSAGE][PASSED] - Object: 'Object Repository/FDR-VoucherEntry/DistributionLine/account' is clicked on

2020-08-26 22:18:02 - [TEST_STEP][PASSED] - sendKeys(findTestObject("FDR-VoucherEntry/DistributionLine/account"), Datasheet.getValue("account", 1)): Keys '5442000' sent to object: 'Object Repository/FDR-VoucherEntry/DistributionLine/account'

2020-08-26 22:18:03 - [MESSAGE][PASSED] - Keys '5442000' sent to object: 'Object Repository/FDR-VoucherEntry/DistributionLine/account'

2020-08-26 22:18:03 - [TEST_STEP][PASSED] - sendKeys(findTestObject("FDR-VoucherEntry/DistributionLine/account"), Keys.chord(DOWN, ENTER)): Keys 'DOWN + ENTER + ' sent to object: 'Object Repository/FDR-VoucherEntry/DistributionLine/account'

2020-08-26 22:18:03 - [MESSAGE][PASSED] - Keys 'DOWN + ENTER + ' sent to object: 'Object Repository/FDR-VoucherEntry/DistributionLine/account'

2020-08-26 22:18:03 - [TEST_STEP][PASSED] - click(findTestObject("FDR-VoucherEntry/DistributionLine/altAccount")): Object: 'Object Repository/FDR-VoucherEntry/DistributionLine/altAccount' is clicked on

2020-08-26 22:18:04 - [MESSAGE][PASSED] - Object: 'Object Repository/FDR-VoucherEntry/DistributionLine/altAccount' is clicked on

2020-08-26 22:18:04 - [TEST_STEP][PASSED] - sendKeys(findTestObject("FDR-VoucherEntry/DistributionLine/altAccount"), Datasheet.getValue("altAccount", 1)): Keys '5442000089' sent to object: 'Object Repository/FDR-VoucherEntry/DistributionLine/altAccount'

2020-08-26 22:18:04 - [MESSAGE][PASSED] - Keys '5442000089' sent to object: 'Object Repository/FDR-VoucherEntry/DistributionLine/altAccount'

2020-08-26 22:18:04 - [TEST_STEP][PASSED] - sendKeys(findTestObject("FDR-VoucherEntry/DistributionLine/altAccount"), Keys.chord(DOWN, ENTER)): Keys 'DOWN + ENTER + ' sent to object: 'Object Repository/FDR-VoucherEntry/DistributionLine/altAccount'

2020-08-26 22:18:05 - [MESSAGE][PASSED] - Keys 'DOWN + ENTER + ' sent to object: 'Object Repository/FDR-VoucherEntry/DistributionLine/altAccount'

2020-08-26 22:18:05 - [TEST_STEP][PASSED] - click(findTestObject("FDR-VoucherEntry/DistributionLine/serviceCategory")): Object: 'Object Repository/FDR-VoucherEntry/DistributionLine/serviceCategory' is clicked on

2020-08-26 22:18:06 - [MESSAGE][PASSED] - Object: 'Object Repository/FDR-VoucherEntry/DistributionLine/serviceCategory' is clicked on

2020-08-26 22:18:06 - [TEST_STEP][PASSED] - sendKeys(findTestObject("FDR-VoucherEntry/DistributionLine/serviceCategory"), Datasheet.getValue("serviceCategory", 1)): Keys '18B1' sent to object: 'Object Repository/FDR-VoucherEntry/DistributionLine/serviceCategory'

2020-08-26 22:18:06 - [MESSAGE][PASSED] - Keys '18B1' sent to object: 'Object Repository/FDR-VoucherEntry/DistributionLine/serviceCategory'

2020-08-26 22:18:06 - [TEST_STEP][PASSED] - sendKeys(findTestObject("FDR-VoucherEntry/DistributionLine/serviceCategory"), Keys.chord(DOWN, ENTER)): Keys 'DOWN + ENTER + ' sent to object: 'Object Repository/FDR-VoucherEntry/DistributionLine/serviceCategory'

2020-08-26 22:18:06 - [MESSAGE][PASSED] - Keys 'DOWN + ENTER + ' sent to object: 'Object Repository/FDR-VoucherEntry/DistributionLine/serviceCategory'

2020-08-26 22:18:06 - [TEST_STEP][PASSED] - click(findTestObject("FDR-VoucherEntry/DistributionLine/incDecLine")): Object: 'Object Repository/FDR-VoucherEntry/DistributionLine/incDecLine' is clicked on

2020-08-26 22:18:07 - [MESSAGE][PASSED] - Object: 'Object Repository/FDR-VoucherEntry/DistributionLine/incDecLine' is clicked on

2020-08-26 22:18:07 - [TEST_STEP][PASSED] - sendKeys(findTestObject("FDR-VoucherEntry/DistributionLine/incDecLine"), Datasheet.getValue("incDecLine", 1)): Keys '1: New (service Period is current quarter and never been claimed)' sent to object: 'Object Repository/FDR-VoucherEntry/DistributionLine/incDecLine'

2020-08-26 22:18:08 - [MESSAGE][PASSED] - Keys '1: New (service Period is current quarter and never been claimed)' sent to object: 'Object Repository/FDR-VoucherEntry/DistributionLine/incDecLine'

2020-08-26 22:18:08 - [TEST_STEP][PASSED] - sendKeys(findTestObject("FDR-VoucherEntry/DistributionLine/incDecLine"), Keys.chord(DOWN, ENTER)): Keys 'DOWN + ENTER + ' sent to object: 'Object Repository/FDR-VoucherEntry/DistributionLine/incDecLine'

2020-08-26 22:18:08 - [MESSAGE][PASSED] - Keys 'DOWN + ENTER + ' sent to object: 'Object Repository/FDR-VoucherEntry/DistributionLine/incDecLine'

2020-08-26 22:18:08 - [TEST_STEP][PASSED] - click(findTestObject("FDR-VoucherEntry/DistributionLine/index")): Object: 'Object Repository/FDR-VoucherEntry/DistributionLine/index' is clicked on

2020-08-26 22:18:09 - [MESSAGE][PASSED] - Object: 'Object Repository/FDR-VoucherEntry/DistributionLine/index' is clicked on

2020-08-26 22:18:09 - [TEST_STEP][PASSED] - sendKeys(findTestObject("FDR-VoucherEntry/DistributionLine/index"), Datasheet.getValue("index", 1)): Keys '1155' sent to object: 'Object Repository/FDR-VoucherEntry/DistributionLine/index'

2020-08-26 22:18:09 - [MESSAGE][PASSED] - Keys '1155' sent to object: 'Object Repository/FDR-VoucherEntry/DistributionLine/index'

2020-08-26 22:18:09 - [TEST_STEP][PASSED] - sendKeys(findTestObject("FDR-VoucherEntry/DistributionLine/index"), Keys.chord(DOWN, ENTER)): Keys 'DOWN + ENTER + ' sent to object: 'Object Repository/FDR-VoucherEntry/DistributionLine/index'

2020-08-26 22:18:09 - [MESSAGE][PASSED] - Keys 'DOWN + ENTER + ' sent to object: 'Object Repository/FDR-VoucherEntry/DistributionLine/index'

2020-08-26 22:18:09 - [TEST_STEP][PASSED] - click(findTestObject("FDR-VoucherEntry/DistributionLine/ServiceLocation")): Object: 'Object Repository/FDR-VoucherEntry/DistributionLine/ServiceLocation' is clicked on

2020-08-26 22:18:10 - [MESSAGE][PASSED] - Object: 'Object Repository/FDR-VoucherEntry/DistributionLine/ServiceLocation' is clicked on

2020-08-26 22:18:10 - [TEST_STEP][PASSED] - sendKeys(findTestObject("FDR-VoucherEntry/DistributionLine/ServiceLocation"), Datasheet.getValue("ServiceLocation", 1)): Keys '12345' sent to object: 'Object Repository/FDR-VoucherEntry/DistributionLine/ServiceLocation'

2020-08-26 22:18:11 - [MESSAGE][PASSED] - Keys '12345' sent to object: 'Object Repository/FDR-VoucherEntry/DistributionLine/ServiceLocation'

2020-08-26 22:18:11 - [TEST_STEP][PASSED] - sendKeys(findTestObject("FDR-VoucherEntry/DistributionLine/ServiceLocation"), Keys.chord(DOWN, ENTER)): Keys 'DOWN + ENTER + ' sent to object: 'Object Repository/FDR-VoucherEntry/DistributionLine/ServiceLocation'

2020-08-26 22:18:11 - [MESSAGE][PASSED] - Keys 'DOWN + ENTER + ' sent to object: 'Object Repository/FDR-VoucherEntry/DistributionLine/ServiceLocation'

2020-08-26 22:18:11 - [TEST_STEP][PASSED] - click(findTestObject("Object Repository/FDR-VoucherEntry/DistributionLine/addSaveButton")): Object: 'Object Repository/FDR-VoucherEntry/DistributionLine/addSaveButton' is clicked on

2020-08-26 22:18:12 - [MESSAGE][PASSED] - Object: 'Object Repository/FDR-VoucherEntry/DistributionLine/addSaveButton' is clicked on

2020-08-26 22:18:12 - [TEST_STEP][PASSED] - processorVoucherNumber = getText(findTestObject("FDR-VoucherEntry/VoucherHeader/voucherNum")): Text of object 'Object Repository/FDR-VoucherEntry/VoucherHeader/voucherNum' is: 'CAP00000103'

2020-08-26 22:18:13 - [MESSAGE][PASSED] - Text of object 'Object Repository/FDR-VoucherEntry/VoucherHeader/voucherNum' is: 'CAP00000103'

2020-08-26 22:18:13 - [TEST_STEP][PASSED] - delay(2): Delayed 2 second(s)

2020-08-26 22:18:15 - [MESSAGE][PASSED] - Delayed 2 second(s)

2020-08-26 22:18:15 - [TEST_STEP][PASSED] - click(findTestObject("Object Repository/FDR-Vouchers-States/Resume/reviewButton")): Object: 'Object Repository/FDR-Vouchers-States/Resume/reviewButton' is clicked on

2020-08-26 22:18:16 - [MESSAGE][PASSED] - Object: 'Object Repository/FDR-Vouchers-States/Resume/reviewButton' is clicked on

2020-08-26 22:18:16 - [TEST_STEP][PASSED] - click(findTestObject("Object Repository/FDR-Vouchers-States/Resume/submitForApproval")): Object: 'Object Repository/FDR-Vouchers-States/Resume/submitForApproval' is clicked on

2020-08-26 22:18:17 - [MESSAGE][PASSED] - Object: 'Object Repository/FDR-Vouchers-States/Resume/submitForApproval' is clicked on

2020-08-26 22:18:17 - [TEST_STEP][PASSED] - commonFunctions.selectRole("accountsPayableApprover"): Object 'Object Repository/FDR-VoucherEntry/VoucherHeader/reviewButton' is not present after 2 second(s)

2020-08-26 22:18:19 - [MESSAGE][INFO] - Unable to find the element located by 'By.xpath: //*[@data-id='action-button']//*[contains(text(),'Review')]'. Please recheck the objects properties to make sure the desired element is located. 

2020-08-26 22:18:19 - [MESSAGE][WARNING] - Object 'Object Repository/FDR-VoucherEntry/VoucherHeader/reviewButton' is not present after 2 second(s)

2020-08-26 22:18:20 - [MESSAGE][PASSED] - Object: 'Object Repository/FDR-SuperUser-Dashboard/userExpandButton' is clicked on

2020-08-26 22:18:23 - [MESSAGE][INFO] - Unable to find the element located by 'By.xpath: //*[@data-id='action-button']//*[contains(text(),'Review')]'. Please recheck the objects properties to make sure the desired element is located. 

2020-08-26 22:18:23 - [MESSAGE][WARNING] - Object 'Object Repository/FDR-VoucherEntry/VoucherHeader/reviewButton' is not present after 2 second(s)

2020-08-26 22:18:23 - [MESSAGE][PASSED] - Object: 'Object Repository/FDR-SuperUser-Dashboard/accountsPayableApprover' is clicked on

2020-08-26 22:18:27 - [MESSAGE][INFO] - Unable to find the element located by 'By.xpath: //*[@data-id='action-button']//*[contains(text(),'Review')]'. Please recheck the objects properties to make sure the desired element is located. 

2020-08-26 22:18:27 - [MESSAGE][WARNING] - Object 'Object Repository/FDR-VoucherEntry/VoucherHeader/reviewButton' is not present after 2 second(s)

2020-08-26 22:18:27 - [TEST_STEP][PASSED] - delay(2): Delayed 2 second(s)

2020-08-26 22:18:29 - [MESSAGE][PASSED] - Delayed 2 second(s)

2020-08-26 22:18:29 - [TEST_STEP][PASSED] - click(findTestObject("FDR-Dashboard/Filters/validateFilterButton")): Object: 'Object Repository/FDR-Dashboard/Filters/validateFilterButton' is clicked on

2020-08-26 22:18:29 - [MESSAGE][PASSED] - Object: 'Object Repository/FDR-Dashboard/Filters/validateFilterButton' is clicked on

2020-08-26 22:18:29 - [TEST_STEP][PASSED] - delay(2): Delayed 2 second(s)

2020-08-26 22:18:31 - [MESSAGE][PASSED] - Delayed 2 second(s)

2020-08-26 22:18:31 - [TEST_STEP][PASSED] - delay(15): Delayed 15 second(s)

2020-08-26 22:18:46 - [MESSAGE][PASSED] - Delayed 15 second(s)

2020-08-26 22:18:46 - [TEST_STEP][PASSED] - click(findTestObject("Object Repository/FDR-Draw/reviewScreen/approveButton")): Object: 'Object Repository/FDR-Draw/reviewScreen/approveButton' is clicked on

2020-08-26 22:18:47 - [MESSAGE][PASSED] - Object: 'Object Repository/FDR-Draw/reviewScreen/approveButton' is clicked on

2020-08-26 22:18:47 - [TEST_STEP][PASSED] - delay(1): Delayed 1 second(s)

2020-08-26 22:18:48 - [MESSAGE][PASSED] - Delayed 1 second(s)

2020-08-26 22:18:48 - [TEST_STEP][PASSED] - click(findTestObject("FDR-Dashboard/Filters/clearFilterButton")): Object: 'Object Repository/FDR-Dashboard/Filters/clearFilterButton' is clicked on

2020-08-26 22:18:48 - [MESSAGE][PASSED] - Object: 'Object Repository/FDR-Dashboard/Filters/clearFilterButton' is clicked on

2020-08-26 22:18:48 - [TEST_STEP][PASSED] - delay(5): Delayed 5 second(s)

2020-08-26 22:18:53 - [MESSAGE][PASSED] - Delayed 5 second(s)

2020-08-26 22:18:53 - [TEST_STEP][PASSED] - click(findTestObject("Object Repository/FDR-Dashboard/Filters/printFilterButton")): Object: 'Object Repository/FDR-Dashboard/Filters/printFilterButton' is clicked on

2020-08-26 22:18:53 - [MESSAGE][PASSED] - Object: 'Object Repository/FDR-Dashboard/Filters/printFilterButton' is clicked on

2020-08-26 22:18:53 - [TEST_STEP][PASSED] - delay(12): Delayed 12 second(s)

2020-08-26 22:19:05 - [MESSAGE][PASSED] - Delayed 12 second(s)

2020-08-26 22:19:05 - [TEST_STEP][PASSED] - click(findTestObject("Object Repository/FDR-Vouchers-States/Print/printCMIAForm")): Object: 'Object Repository/FDR-Vouchers-States/Print/printCMIAForm' is clicked on

2020-08-26 22:19:06 - [MESSAGE][PASSED] - Object: 'Object Repository/FDR-Vouchers-States/Print/printCMIAForm' is clicked on

2020-08-26 22:19:06 - [TEST_STEP][PASSED] - waitForPageLoad(7): Wait for page load successfully

2020-08-26 22:19:06 - [MESSAGE][PASSED] - Wait for page load successfully

2020-08-26 22:19:06 - [TEST_STEP][PASSED] - closeWindowIndex(1): Window with index 1 is closed

2020-08-26 22:19:08 - [MESSAGE][PASSED] - Window with index 1 is closed

2020-08-26 22:19:08 - [TEST_STEP][PASSED] - delay(1): Delayed 1 second(s)

2020-08-26 22:19:09 - [MESSAGE][PASSED] - Delayed 1 second(s)

2020-08-26 22:19:09 - [TEST_STEP][PASSED] - switchToWindowIndex(0): Switched to window with index: '0'

2020-08-26 22:19:09 - [MESSAGE][PASSED] - Switched to window with index: '0'

2020-08-26 22:19:09 - [TEST_STEP][PASSED] - click(findTestObject("FDR-Vouchers-States/Print/printFaceSheet")): Object: 'Object Repository/FDR-Vouchers-States/Print/printFaceSheet' is clicked on

2020-08-26 22:19:09 - [MESSAGE][PASSED] - Object: 'Object Repository/FDR-Vouchers-States/Print/printFaceSheet' is clicked on

2020-08-26 22:19:09 - [TEST_STEP][PASSED] - waitForPageLoad(7): Wait for page load successfully

2020-08-26 22:19:09 - [MESSAGE][PASSED] - Wait for page load successfully

2020-08-26 22:19:09 - [TEST_STEP][PASSED] - closeWindowIndex(1): Window with index 1 is closed

2020-08-26 22:19:11 - [MESSAGE][PASSED] - Window with index 1 is closed

2020-08-26 22:19:11 - [TEST_STEP][PASSED] - delay(5): Delayed 5 second(s)

2020-08-26 22:19:16 - [MESSAGE][PASSED] - Delayed 5 second(s)

2020-08-26 22:19:16 - [TEST_STEP][PASSED] - switchToWindowIndex(0): Switched to window with index: '0'

2020-08-26 22:19:16 - [MESSAGE][PASSED] - Switched to window with index: '0'

2020-08-26 22:19:16 - [TEST_STEP][PASSED] - click(findTestObject("/FDR-Vouchers-States/Print/printRA")): Object: 'Object Repository//FDR-Vouchers-States/Print/printRA' is clicked on

2020-08-26 22:19:17 - [MESSAGE][PASSED] - Object: 'Object Repository//FDR-Vouchers-States/Print/printRA' is clicked on

2020-08-26 22:19:17 - [TEST_STEP][PASSED] - waitForPageLoad(7): Wait for page load successfully

2020-08-26 22:19:17 - [MESSAGE][PASSED] - Wait for page load successfully

2020-08-26 22:19:17 - [TEST_STEP][PASSED] - closeWindowIndex(1): Window with index 1 is closed

2020-08-26 22:19:19 - [MESSAGE][PASSED] - Window with index 1 is closed

2020-08-26 22:19:19 - [TEST_STEP][PASSED] - delay(5): Delayed 5 second(s)

2020-08-26 22:19:24 - [MESSAGE][PASSED] - Delayed 5 second(s)

2020-08-26 22:19:24 - [TEST_STEP][PASSED] - switchToWindowIndex(0): Switched to window with index: '0'

2020-08-26 22:19:24 - [MESSAGE][PASSED] - Switched to window with index: '0'

2020-08-26 22:19:24 - [TEST_STEP][PASSED] - click(findTestObject("Object Repository/FDR-Vouchers-States/Print/allFormsPrintButton")): Object: 'Object Repository/FDR-Vouchers-States/Print/allFormsPrintButton' is clicked on

2020-08-26 22:19:24 - [MESSAGE][PASSED] - Object: 'Object Repository/FDR-Vouchers-States/Print/allFormsPrintButton' is clicked on

2020-08-26 22:19:24 - [TEST_STEP][PASSED] - delay(5): Delayed 5 second(s)

2020-08-26 22:19:29 - [MESSAGE][PASSED] - Delayed 5 second(s)

2020-08-26 22:19:29 - [TEST_STEP][PASSED] - click(findTestObject("FDR-Dashboard/Filters/clearFilterButton")): Object: 'Object Repository/FDR-Dashboard/Filters/clearFilterButton' is clicked on

2020-08-26 22:19:29 - [MESSAGE][PASSED] - Object: 'Object Repository/FDR-Dashboard/Filters/clearFilterButton' is clicked on

2020-08-26 22:19:29 - [TEST_STEP][PASSED] - click(findTestObject("Object Repository/FDR-Dashboard/appLogo")): Object: 'Object Repository/FDR-Dashboard/appLogo' is clicked on

2020-08-26 22:19:31 - [MESSAGE][PASSED] - Object: 'Object Repository/FDR-Dashboard/appLogo' is clicked on

2020-08-26 22:19:31 - [TEST_STEP][PASSED] - commonFunctions.logout(): Browser is closed

2020-08-26 22:19:31 - [MESSAGE][PASSED] - Browser is closed

2020-08-26 22:19:31 - [TEST_STEP][PASSED] - Start listener action : sampleAfterTestCase: null

2020-08-26 22:19:31 - [TEST_STEP][PASSED] - profileName = getExecutionProfile(): null

2020-08-26 22:19:31 - [TEST_STEP][PASSED] - switch (profileName): null

2020-08-26 22:19:31 - [TEST_STEP][PASSED] - case "superUser":: null

2020-08-26 22:19:31 - [TEST_STEP][PASSED] - return null: null

2020-08-26 22:19:31 - [TEST_STEP][PASSED] - Start listener action : afterTestCase: null

2020-08-26 22:19:31 - [TEST_STEP][PASSED] - profileName = getExecutionProfile(): null

2020-08-26 22:19:31 - [TEST_STEP][PASSED] - if (profileName.equalsIgnoreCase("SysAdmin")): null

2020-08-26 22:19:31 - [TEST_STEP][PASSED] - Start listener action : sampleAfterTestCase: null

2020-08-26 22:19:31 - [TEST_STEP][PASSED] - profileName = getExecutionProfile(): null

2020-08-26 22:19:31 - [TEST_STEP][PASSED] - switch (profileName): null

2020-08-26 22:19:31 - [TEST_STEP][PASSED] - Default: null

2020-08-26 22:19:31 - [TEST_STEP][PASSED] - return null: null

2020-08-26 22:19:31 - [TEST_STEP][PASSED] - Start listener action : addFailedTCToList: null]]></system-out>
         <system-err><![CDATA[]]></system-err>
      </testcase>
      <system-out><![CDATA[2020-08-26 22:12:15 - [TEST_SUITE][PASSED] - FDR_END_2_END: Test Cases/FDR_END_2_END/FDR_END_2_END_Voucher_Approval]]></system-out>
      <system-err><![CDATA[]]></system-err>
   </testsuite>
</testsuites>
