<?xml version="1.0" encoding="UTF-8"?>
<testsuites name="Draw-Integration_Suite" time="217.831" tests="1" failures="1" errors="0">
   <testsuite name="Draw-Integration_Suite" tests="1" failures="1" errors="0" time="217.831" timestamp="2020-09-16 11:08:20" hostname="nagesh.allu - DESKTOP-9VU7G8T.attlocal.net" id="Test Suites/Draw-Integration_Suite">
      <properties>
[...]
</properties>
      <testcase name="Test Cases/WEB-UI-TESTS/Draw/FDR-Draw-Reject-Vouchers-Receipts" time="210.016" classname="Test Cases/WEB-UI-TESTS/Draw/FDR-Draw-Reject-Vouchers-Receipts" status="FAILED">
         <failure type="FAILED" message="Test Cases/WEB-UI-TESTS/Draw/FDR-Draw-Reject-Vouchers-Receipts FAILED.
Reason:
com.kms.katalon.core.exception.StepFailedException: Unable to click on object 'Object Repository/FDR-Draw/RejectVocuherReceipts/thumbsUpButtonReceipt' (Root cause: com.kms.katalon.core.exception.StepFailedException: Unable to click on object 'Object Repository/FDR-Draw/RejectVocuherReceipts/thumbsUpButtonReceipt'
	at com.kms.katalon.core.webui.keyword.internal.WebUIKeywordMain.stepFailed(WebUIKeywordMain.groovy:64)
	at com.kms.katalon.core.webui.keyword.internal.WebUIKeywordMain.runKeyword(WebUIKeywordMain.groovy:26)
	at com.kms.katalon.core.webui.keyword.builtin.ClickKeyword.click(ClickKeyword.groovy:76)
	at com.kms.katalon.core.webui.keyword.builtin.ClickKeyword.execute(ClickKeyword.groovy:43)
	at com.kms.katalon.core.keyword.internal.KeywordExecutor.executeKeywordForPlatform(KeywordExecutor.groovy:73)
	at com.kms.katalon.core.webui.keyword.WebUiBuiltInKeywords.click(WebUiBuiltInKeywords.groovy:616)
	at com.kms.katalon.core.webui.keyword.WebUiBuiltInKeywords$click$6.call(Unknown Source)
	at FDR-Draw-Reject-Vouchers-Receipts.run(FDR-Draw-Reject-Vouchers-Receipts:46)
	at com.kms.katalon.core.main.ScriptEngine.run(ScriptEngine.java:194)
	at com.kms.katalon.core.main.ScriptEngine.runScriptAsRawText(ScriptEngine.java:119)
	at com.kms.katalon.core.main.TestCaseExecutor.runScript(TestCaseExecutor.java:339)
	at com.kms.katalon.core.main.TestCaseExecutor.doExecute(TestCaseExecutor.java:330)
	at com.kms.katalon.core.main.TestCaseExecutor.processExecutionPhase(TestCaseExecutor.java:309)
	at com.kms.katalon.core.main.TestCaseExecutor.accessMainPhase(TestCaseExecutor.java:301)
	at com.kms.katalon.core.main.TestCaseExecutor.execute(TestCaseExecutor.java:235)
	at com.kms.katalon.core.main.TestSuiteExecutor.accessTestCaseMainPhase(TestSuiteExecutor.java:191)
	at com.kms.katalon.core.main.TestSuiteExecutor.accessTestSuiteMainPhase(TestSuiteExecutor.java:141)
	at com.kms.katalon.core.main.TestSuiteExecutor.execute(TestSuiteExecutor.java:90)
	at com.kms.katalon.core.main.TestCaseMain.startTestSuite(TestCaseMain.java:157)
	at com.kms.katalon.core.main.TestCaseMain$startTestSuite$0.call(Unknown Source)
	at TempTestSuite1600279698766.run(TempTestSuite1600279698766.groovy:39)
Caused by: com.kms.katalon.core.webui.exception.WebElementNotFoundException: Web element with id: 'Object Repository/FDR-Draw/RejectVocuherReceipts/thumbsUpButtonReceipt' located by '((//*[text()='Expenditures']//parent::*//parent::*//parent::*//parent::*)//button)[12]' not found
	at com.kms.katalon.core.webui.common.WebUiCommonHelper.findWebElement(WebUiCommonHelper.java:1368)
	at com.kms.katalon.core.webui.keyword.internal.WebUIAbstractKeyword.findWebElement(WebUIAbstractKeyword.groovy:27)
	at com.kms.katalon.core.webui.keyword.internal.WebUIAbstractKeyword.findWebElement(WebUIAbstractKeyword.groovy:26)
	at com.kms.katalon.core.webui.keyword.builtin.ClickKeyword$_click_closure1.doCall(ClickKeyword.groovy:67)
	at com.kms.katalon.core.webui.keyword.builtin.ClickKeyword$_click_closure1.call(ClickKeyword.groovy)
	at com.kms.katalon.core.webui.keyword.internal.WebUIKeywordMain.runKeyword(WebUIKeywordMain.groovy:20)
	at com.kms.katalon.core.webui.keyword.builtin.ClickKeyword.click(ClickKeyword.groovy:76)
	at com.kms.katalon.core.webui.keyword.builtin.ClickKeyword.execute(ClickKeyword.groovy:43)
	at com.kms.katalon.core.keyword.internal.KeywordExecutor.executeKeywordForPlatform(KeywordExecutor.groovy:73)
	at com.kms.katalon.core.webui.keyword.WebUiBuiltInKeywords.click(WebUiBuiltInKeywords.groovy:616)
	at com.kms.katalon.core.webui.keyword.WebUiBuiltInKeywords$click$6.call(Unknown Source)
	at Script1591634957380.run(Script1591634957380.groovy:46)
	... 13 more
)
	at com.kms.katalon.core.keyword.internal.KeywordMain.stepFailed(KeywordMain.groovy:39)
	at com.kms.katalon.core.webui.keyword.internal.WebUIKeywordMain.stepFailed(WebUIKeywordMain.groovy:64)
	at com.kms.katalon.core.webui.keyword.internal.WebUIKeywordMain.runKeyword(WebUIKeywordMain.groovy:26)
	at com.kms.katalon.core.webui.keyword.builtin.ClickKeyword.click(ClickKeyword.groovy:76)
	at com.kms.katalon.core.webui.keyword.builtin.ClickKeyword.execute(ClickKeyword.groovy:43)
	at com.kms.katalon.core.keyword.internal.KeywordExecutor.executeKeywordForPlatform(KeywordExecutor.groovy:73)
	at com.kms.katalon.core.webui.keyword.WebUiBuiltInKeywords.click(WebUiBuiltInKeywords.groovy:616)
	at com.kms.katalon.core.webui.keyword.WebUiBuiltInKeywords$click$6.call(Unknown Source)
	at FDR-Draw-Reject-Vouchers-Receipts.run(FDR-Draw-Reject-Vouchers-Receipts:46)
	at com.kms.katalon.core.main.ScriptEngine.run(ScriptEngine.java:194)
	at com.kms.katalon.core.main.ScriptEngine.runScriptAsRawText(ScriptEngine.java:119)
	at com.kms.katalon.core.main.TestCaseExecutor.runScript(TestCaseExecutor.java:339)
	at com.kms.katalon.core.main.TestCaseExecutor.doExecute(TestCaseExecutor.java:330)
	at com.kms.katalon.core.main.TestCaseExecutor.processExecutionPhase(TestCaseExecutor.java:309)
	at com.kms.katalon.core.main.TestCaseExecutor.accessMainPhase(TestCaseExecutor.java:301)
	at com.kms.katalon.core.main.TestCaseExecutor.execute(TestCaseExecutor.java:235)
	at com.kms.katalon.core.main.TestSuiteExecutor.accessTestCaseMainPhase(TestSuiteExecutor.java:191)
	at com.kms.katalon.core.main.TestSuiteExecutor.accessTestSuiteMainPhase(TestSuiteExecutor.java:141)
	at com.kms.katalon.core.main.TestSuiteExecutor.execute(TestSuiteExecutor.java:90)
	at com.kms.katalon.core.main.TestCaseMain.startTestSuite(TestCaseMain.java:157)
	at com.kms.katalon.core.main.TestCaseMain$startTestSuite$0.call(Unknown Source)
	at TempTestSuite1600279698766.run(TempTestSuite1600279698766.groovy:39)
Caused by: com.kms.katalon.core.exception.StepFailedException: Unable to click on object 'Object Repository/FDR-Draw/RejectVocuherReceipts/thumbsUpButtonReceipt'
	... 21 more
Caused by: com.kms.katalon.core.webui.exception.WebElementNotFoundException: Web element with id: 'Object Repository/FDR-Draw/RejectVocuherReceipts/thumbsUpButtonReceipt' located by '((//*[text()='Expenditures']//parent::*//parent::*//parent::*//parent::*)//button)[12]' not found
	at com.kms.katalon.core.webui.common.WebUiCommonHelper.findWebElement(WebUiCommonHelper.java:1368)
	at com.kms.katalon.core.webui.keyword.internal.WebUIAbstractKeyword.findWebElement(WebUIAbstractKeyword.groovy:27)
	at com.kms.katalon.core.webui.keyword.internal.WebUIAbstractKeyword.findWebElement(WebUIAbstractKeyword.groovy:26)
	at com.kms.katalon.core.webui.keyword.builtin.ClickKeyword$_click_closure1.doCall(ClickKeyword.groovy:67)
	at com.kms.katalon.core.webui.keyword.builtin.ClickKeyword$_click_closure1.call(ClickKeyword.groovy)
	at com.kms.katalon.core.webui.keyword.internal.WebUIKeywordMain.runKeyword(WebUIKeywordMain.groovy:20)
	... 19 more
"/>
         <system-out><![CDATA[2020-09-16 11:08:21 - [TEST_CASE][FAILED] - Test Cases/WEB-UI-TESTS/Draw/FDR-Draw-Reject-Vouchers-Receipts: Test Cases/WEB-UI-TESTS/Draw/FDR-Draw-Reject-Vouchers-Receipts FAILED.
Reason:
com.kms.katalon.core.exception.StepFailedException: Unable to click on object 'Object Repository/FDR-Draw/RejectVocuherReceipts/thumbsUpButtonReceipt' (Root cause: com.kms.katalon.core.exception.StepFailedException: Unable to click on object 'Object Repository/FDR-Draw/RejectVocuherReceipts/thumbsUpButtonReceipt'
	at com.kms.katalon.core.webui.keyword.internal.WebUIKeywordMain.stepFailed(WebUIKeywordMain.groovy:64)
	at com.kms.katalon.core.webui.keyword.internal.WebUIKeywordMain.runKeyword(WebUIKeywordMain.groovy:26)
	at com.kms.katalon.core.webui.keyword.builtin.ClickKeyword.click(ClickKeyword.groovy:76)
	at com.kms.katalon.core.webui.keyword.builtin.ClickKeyword.execute(ClickKeyword.groovy:43)
	at com.kms.katalon.core.keyword.internal.KeywordExecutor.executeKeywordForPlatform(KeywordExecutor.groovy:73)
	at com.kms.katalon.core.webui.keyword.WebUiBuiltInKeywords.click(WebUiBuiltInKeywords.groovy:616)
	at com.kms.katalon.core.webui.keyword.WebUiBuiltInKeywords$click$6.call(Unknown Source)
	at FDR-Draw-Reject-Vouchers-Receipts.run(FDR-Draw-Reject-Vouchers-Receipts:46)
	at com.kms.katalon.core.main.ScriptEngine.run(ScriptEngine.java:194)
	at com.kms.katalon.core.main.ScriptEngine.runScriptAsRawText(ScriptEngine.java:119)
	at com.kms.katalon.core.main.TestCaseExecutor.runScript(TestCaseExecutor.java:339)
	at com.kms.katalon.core.main.TestCaseExecutor.doExecute(TestCaseExecutor.java:330)
	at com.kms.katalon.core.main.TestCaseExecutor.processExecutionPhase(TestCaseExecutor.java:309)
	at com.kms.katalon.core.main.TestCaseExecutor.accessMainPhase(TestCaseExecutor.java:301)
	at com.kms.katalon.core.main.TestCaseExecutor.execute(TestCaseExecutor.java:235)
	at com.kms.katalon.core.main.TestSuiteExecutor.accessTestCaseMainPhase(TestSuiteExecutor.java:191)
	at com.kms.katalon.core.main.TestSuiteExecutor.accessTestSuiteMainPhase(TestSuiteExecutor.java:141)
	at com.kms.katalon.core.main.TestSuiteExecutor.execute(TestSuiteExecutor.java:90)
	at com.kms.katalon.core.main.TestCaseMain.startTestSuite(TestCaseMain.java:157)
	at com.kms.katalon.core.main.TestCaseMain$startTestSuite$0.call(Unknown Source)
	at TempTestSuite1600279698766.run(TempTestSuite1600279698766.groovy:39)
Caused by: com.kms.katalon.core.webui.exception.WebElementNotFoundException: Web element with id: 'Object Repository/FDR-Draw/RejectVocuherReceipts/thumbsUpButtonReceipt' located by '((//*[text()='Expenditures']//parent::*//parent::*//parent::*//parent::*)//button)[12]' not found
	at com.kms.katalon.core.webui.common.WebUiCommonHelper.findWebElement(WebUiCommonHelper.java:1368)
	at com.kms.katalon.core.webui.keyword.internal.WebUIAbstractKeyword.findWebElement(WebUIAbstractKeyword.groovy:27)
	at com.kms.katalon.core.webui.keyword.internal.WebUIAbstractKeyword.findWebElement(WebUIAbstractKeyword.groovy:26)
	at com.kms.katalon.core.webui.keyword.builtin.ClickKeyword$_click_closure1.doCall(ClickKeyword.groovy:67)
	at com.kms.katalon.core.webui.keyword.builtin.ClickKeyword$_click_closure1.call(ClickKeyword.groovy)
	at com.kms.katalon.core.webui.keyword.internal.WebUIKeywordMain.runKeyword(WebUIKeywordMain.groovy:20)
	at com.kms.katalon.core.webui.keyword.builtin.ClickKeyword.click(ClickKeyword.groovy:76)
	at com.kms.katalon.core.webui.keyword.builtin.ClickKeyword.execute(ClickKeyword.groovy:43)
	at com.kms.katalon.core.keyword.internal.KeywordExecutor.executeKeywordForPlatform(KeywordExecutor.groovy:73)
	at com.kms.katalon.core.webui.keyword.WebUiBuiltInKeywords.click(WebUiBuiltInKeywords.groovy:616)
	at com.kms.katalon.core.webui.keyword.WebUiBuiltInKeywords$click$6.call(Unknown Source)
	at Script1591634957380.run(Script1591634957380.groovy:46)
	... 13 more
)
	at com.kms.katalon.core.keyword.internal.KeywordMain.stepFailed(KeywordMain.groovy:39)
	at com.kms.katalon.core.webui.keyword.internal.WebUIKeywordMain.stepFailed(WebUIKeywordMain.groovy:64)
	at com.kms.katalon.core.webui.keyword.internal.WebUIKeywordMain.runKeyword(WebUIKeywordMain.groovy:26)
	at com.kms.katalon.core.webui.keyword.builtin.ClickKeyword.click(ClickKeyword.groovy:76)
	at com.kms.katalon.core.webui.keyword.builtin.ClickKeyword.execute(ClickKeyword.groovy:43)
	at com.kms.katalon.core.keyword.internal.KeywordExecutor.executeKeywordForPlatform(KeywordExecutor.groovy:73)
	at com.kms.katalon.core.webui.keyword.WebUiBuiltInKeywords.click(WebUiBuiltInKeywords.groovy:616)
	at com.kms.katalon.core.webui.keyword.WebUiBuiltInKeywords$click$6.call(Unknown Source)
	at FDR-Draw-Reject-Vouchers-Receipts.run(FDR-Draw-Reject-Vouchers-Receipts:46)
	at com.kms.katalon.core.main.ScriptEngine.run(ScriptEngine.java:194)
	at com.kms.katalon.core.main.ScriptEngine.runScriptAsRawText(ScriptEngine.java:119)
	at com.kms.katalon.core.main.TestCaseExecutor.runScript(TestCaseExecutor.java:339)
	at com.kms.katalon.core.main.TestCaseExecutor.doExecute(TestCaseExecutor.java:330)
	at com.kms.katalon.core.main.TestCaseExecutor.processExecutionPhase(TestCaseExecutor.java:309)
	at com.kms.katalon.core.main.TestCaseExecutor.accessMainPhase(TestCaseExecutor.java:301)
	at com.kms.katalon.core.main.TestCaseExecutor.execute(TestCaseExecutor.java:235)
	at com.kms.katalon.core.main.TestSuiteExecutor.accessTestCaseMainPhase(TestSuiteExecutor.java:191)
	at com.kms.katalon.core.main.TestSuiteExecutor.accessTestSuiteMainPhase(TestSuiteExecutor.java:141)
	at com.kms.katalon.core.main.TestSuiteExecutor.execute(TestSuiteExecutor.java:90)
	at com.kms.katalon.core.main.TestCaseMain.startTestSuite(TestCaseMain.java:157)
	at com.kms.katalon.core.main.TestCaseMain$startTestSuite$0.call(Unknown Source)
	at TempTestSuite1600279698766.run(TempTestSuite1600279698766.groovy:39)
Caused by: com.kms.katalon.core.exception.StepFailedException: Unable to click on object 'Object Repository/FDR-Draw/RejectVocuherReceipts/thumbsUpButtonReceipt'
	... 21 more
Caused by: com.kms.katalon.core.webui.exception.WebElementNotFoundException: Web element with id: 'Object Repository/FDR-Draw/RejectVocuherReceipts/thumbsUpButtonReceipt' located by '((//*[text()='Expenditures']//parent::*//parent::*//parent::*//parent::*)//button)[12]' not found
	at com.kms.katalon.core.webui.common.WebUiCommonHelper.findWebElement(WebUiCommonHelper.java:1368)
	at com.kms.katalon.core.webui.keyword.internal.WebUIAbstractKeyword.findWebElement(WebUIAbstractKeyword.groovy:27)
	at com.kms.katalon.core.webui.keyword.internal.WebUIAbstractKeyword.findWebElement(WebUIAbstractKeyword.groovy:26)
	at com.kms.katalon.core.webui.keyword.builtin.ClickKeyword$_click_closure1.doCall(ClickKeyword.groovy:67)
	at com.kms.katalon.core.webui.keyword.builtin.ClickKeyword$_click_closure1.call(ClickKeyword.groovy)
	at com.kms.katalon.core.webui.keyword.internal.WebUIKeywordMain.runKeyword(WebUIKeywordMain.groovy:20)
	... 19 more


2020-09-16 11:08:21 - [TEST_STEP][PASSED] - Start listener action : sampleBeforeTestCase: null

2020-09-16 11:08:21 - [TEST_STEP][PASSED] - profileName = getExecutionProfile(): null

2020-09-16 11:08:21 - [TEST_STEP][PASSED] - switch (profileName): null

2020-09-16 11:08:21 - [TEST_STEP][PASSED] - case "superUser":: null

2020-09-16 11:08:21 - [TEST_STEP][PASSED] - return null: null

2020-09-16 11:08:21 - [TEST_STEP][PASSED] - Start listener action : beforeTestCase: null

2020-09-16 11:08:21 - [TEST_STEP][PASSED] - profileName = getExecutionProfile(): null

2020-09-16 11:08:21 - [TEST_STEP][PASSED] - if (profileName.equalsIgnoreCase("SysAdmin")): null

2020-09-16 11:08:21 - [TEST_STEP][PASSED] - Start listener action : sampleBeforeTestCase: Navigate to 'https://fdr.cammis-mod-sit.dhcs.ca.gov' successfully

2020-09-16 11:08:21 - [TEST_STEP][PASSED] - profileName = getExecutionProfile(): null

2020-09-16 11:08:21 - [TEST_STEP][PASSED] - testCaseId = testCaseContext.getTestCaseId(): null

2020-09-16 11:08:21 - [TEST_STEP][PASSED] - switch (profileName): null

2020-09-16 11:08:21 - [TEST_STEP][PASSED] - case "Draw":: null

2020-09-16 11:08:21 - [TEST_STEP][PASSED] - if (account6TestCases.contains(testCaseId)): Object: 'Object Repository/FDR-SignIn/SignInButton' is clicked on

2020-09-16 11:08:21 - [TEST_STEP][PASSED] - Uifunctions.loginFDR(drawCashierAcc6, drawCashierAcc6Pwd): Object: 'Object Repository/FDR-SignIn/SignInButton' is clicked on

2020-09-16 11:08:21 - [MESSAGE][INFO] - Starting 'Chrome' driver

2020-09-16 11:08:21 - [MESSAGE][INFO] - Action delay is set to 0 milliseconds

2020-09-16 11:08:25 - [MESSAGE][PASSED] - Browser is opened with url: ''

2020-09-16 11:08:27 - [MESSAGE][PASSED] - Current window maximized

2020-09-16 11:08:33 - [MESSAGE][PASSED] - Navigate to 'https://fdr.cammis-mod-sit.dhcs.ca.gov' successfully

2020-09-16 11:08:35 - [MESSAGE][PASSED] - Object 'Object Repository/FDR-SignIn/SignInEmail' is present

2020-09-16 11:08:35 - [MESSAGE][PASSED] - Object: 'Object Repository/FDR-SignIn/SignInEmail' is clicked on

2020-09-16 11:08:35 - [MESSAGE][PASSED] - Object 'Object Repository/FDR-SignIn/SignInEmail' is present

2020-09-16 11:08:36 - [MESSAGE][PASSED] - Text 'fdr.test6@dhcs.ca.gov' is set on object 'Object Repository/FDR-SignIn/SignInEmail'

2020-09-16 11:08:36 - [MESSAGE][PASSED] - Object 'Object Repository/FDR-SignIn/SignInEmailNext' is visible

2020-09-16 11:08:37 - [MESSAGE][PASSED] - Object: 'Object Repository/FDR-SignIn/SignInEmailNext' is clicked on

2020-09-16 11:08:40 - [MESSAGE][PASSED] - Object 'Object Repository/FDR-SignIn/SignInEmailPassword' is visible

2020-09-16 11:08:40 - [MESSAGE][PASSED] - Object: 'Object Repository/FDR-SignIn/SignInEmailPassword' is clicked on

2020-09-16 11:08:41 - [MESSAGE][PASSED] - Text ****** has been set on object 'Object Repository/FDR-SignIn/SignInEmailPassword'

2020-09-16 11:08:42 - [MESSAGE][PASSED] - Object: 'Object Repository/FDR-SignIn/SignInButton' is clicked on

2020-09-16 11:08:42 - [TEST_STEP][PASSED] - break: null

2020-09-16 11:08:42 - [TEST_STEP][PASSED] - navigateToUrl(URL): Navigate to 'https://fdr.cammis-mod-sit.dhcs.ca.gov' successfully

2020-09-16 11:08:43 - [MESSAGE][PASSED] - Navigate to 'https://fdr.cammis-mod-sit.dhcs.ca.gov' successfully

2020-09-16 11:08:43 - [TEST_STEP][PASSED] - Start listener action : executeRows: null

2020-09-16 11:08:43 - [TEST_STEP][PASSED] - waitForElementPresent(findTestObject("FDR-Dashboard/createNewVoucherButton"), 2): Object 'Object Repository/FDR-Dashboard/createNewVoucherButton' is not present after 2 second(s)

2020-09-16 11:08:46 - [MESSAGE][INFO] - Unable to find the element located by 'By.xpath: //*[@data-id='button-link']//*[contains(text(),'Create New Voucher')]'. Please recheck the objects properties to make sure the desired element is located. 

2020-09-16 11:08:46 - [MESSAGE][WARNING] - Object 'Object Repository/FDR-Dashboard/createNewVoucherButton' is not present after 2 second(s)

2020-09-16 11:08:46 - [TEST_STEP][PASSED] - drawDate = "10/21/2020": null

2020-09-16 11:08:46 - [TEST_STEP][PASSED] - Uifunctions.clickOnReconcileButton(drawDate): Object 'Object Repository/FDR-Dashboard/createNewVoucherButton' is not present after 3 second(s)

2020-09-16 11:08:46 - [MESSAGE][PASSED] - Object: 'expandButton' is clicked on

2020-09-16 11:08:51 - [MESSAGE][INFO] - Unable to find the element located by 'By.xpath: //*[@data-id='button-link']//*[contains(text(),'Create New Voucher')]'. Please recheck the objects properties to make sure the desired element is located. 

2020-09-16 11:08:51 - [MESSAGE][WARNING] - Object 'Object Repository/FDR-Dashboard/createNewVoucherButton' is not present after 3 second(s)

2020-09-16 11:08:51 - [MESSAGE][PASSED] - Text of object 'drawDate' is: '10/21/2020'

2020-09-16 11:08:51 - [MESSAGE][PASSED] - Object: 'expandButton' is clicked on

2020-09-16 11:08:54 - [MESSAGE][INFO] - Unable to find the element located by 'By.xpath: //*[@data-id='button-link']//*[contains(text(),'Create New Voucher')]'. Please recheck the objects properties to make sure the desired element is located. 

2020-09-16 11:08:54 - [MESSAGE][WARNING] - Object 'Object Repository/FDR-Dashboard/createNewVoucherButton' is not present after 1 second(s)

2020-09-16 11:08:55 - [MESSAGE][PASSED] - Object: 'reconcileButton' is clicked on

2020-09-16 11:08:59 - [MESSAGE][INFO] - Unable to find the element located by 'By.xpath: //*[@data-id='button-link']//*[contains(text(),'Create New Voucher')]'. Please recheck the objects properties to make sure the desired element is located. 

2020-09-16 11:08:59 - [MESSAGE][WARNING] - Object 'Object Repository/FDR-Dashboard/createNewVoucherButton' is not present after 3 second(s)

2020-09-16 11:08:59 - [TEST_STEP][PASSED] - waitForElementPresent(findTestObject("FDR-Dashboard/createNewVoucherButton"), 2): Object 'Object Repository/FDR-Dashboard/createNewVoucherButton' is not present after 2 second(s)

2020-09-16 11:09:02 - [MESSAGE][INFO] - Unable to find the element located by 'By.xpath: //*[@data-id='button-link']//*[contains(text(),'Create New Voucher')]'. Please recheck the objects properties to make sure the desired element is located. 

2020-09-16 11:09:02 - [MESSAGE][WARNING] - Object 'Object Repository/FDR-Dashboard/createNewVoucherButton' is not present after 2 second(s)

2020-09-16 11:09:02 - [TEST_STEP][PASSED] - click(findTestObject("FDR-Draw/RejectVocuherReceipts/thumbsUpButtonVoucher")): Object: 'Object Repository/FDR-Draw/RejectVocuherReceipts/thumbsUpButtonVoucher' is clicked on

2020-09-16 11:09:03 - [MESSAGE][PASSED] - Object: 'Object Repository/FDR-Draw/RejectVocuherReceipts/thumbsUpButtonVoucher' is clicked on

2020-09-16 11:09:03 - [TEST_STEP][PASSED] - waitForElementPresent(findTestObject("FDR-Dashboard/createNewVoucherButton"), 2): Object 'Object Repository/FDR-Dashboard/createNewVoucherButton' is not present after 2 second(s)

2020-09-16 11:09:06 - [MESSAGE][INFO] - Unable to find the element located by 'By.xpath: //*[@data-id='button-link']//*[contains(text(),'Create New Voucher')]'. Please recheck the objects properties to make sure the desired element is located. 

2020-09-16 11:09:06 - [MESSAGE][WARNING] - Object 'Object Repository/FDR-Dashboard/createNewVoucherButton' is not present after 2 second(s)

2020-09-16 11:09:06 - [TEST_STEP][PASSED] - rejectVoucherNum = getText(findTestObject("FDR-Draw/RejectVocuherReceipts/voucherNum1")): Text of object 'Object Repository/FDR-Draw/RejectVocuherReceipts/voucherNum1' is: 'CAP00000038'

2020-09-16 11:09:06 - [MESSAGE][PASSED] - Text of object 'Object Repository/FDR-Draw/RejectVocuherReceipts/voucherNum1' is: 'CAP00000038'

2020-09-16 11:09:06 - [TEST_STEP][PASSED] - click(findTestObject("FDR-Draw/RejectVocuherReceipts/thubmsDownVoucher1")): Object: 'Object Repository/FDR-Draw/RejectVocuherReceipts/thubmsDownVoucher1' is clicked on

2020-09-16 11:09:07 - [MESSAGE][PASSED] - Object: 'Object Repository/FDR-Draw/RejectVocuherReceipts/thubmsDownVoucher1' is clicked on

2020-09-16 11:09:07 - [TEST_STEP][PASSED] - waitForElementPresent(findTestObject("FDR-Dashboard/createNewVoucherButton"), 4): Object 'Object Repository/FDR-Dashboard/createNewVoucherButton' is not present after 4 second(s)

2020-09-16 11:09:12 - [MESSAGE][INFO] - Unable to find the element located by 'By.xpath: //*[@data-id='button-link']//*[contains(text(),'Create New Voucher')]'. Please recheck the objects properties to make sure the desired element is located. 

2020-09-16 11:09:12 - [MESSAGE][WARNING] - Object 'Object Repository/FDR-Dashboard/createNewVoucherButton' is not present after 4 second(s)

2020-09-16 11:09:12 - [TEST_STEP][PASSED] - click(findTestObject("FDR-Draw/RejectVocuherReceipts/spanOverdrawnFund(s)")): Object: 'Object Repository/FDR-Draw/RejectVocuherReceipts/spanOverdrawnFund(s)' is clicked on

2020-09-16 11:09:12 - [MESSAGE][PASSED] - Object: 'Object Repository/FDR-Draw/RejectVocuherReceipts/spanOverdrawnFund(s)' is clicked on

2020-09-16 11:09:12 - [TEST_STEP][PASSED] - waitForElementPresent(findTestObject("FDR-Draw/reconcileButton"), 2): Object 'Object Repository/FDR-Draw/reconcileButton' is not present after 2 second(s)

2020-09-16 11:09:15 - [MESSAGE][INFO] - Unable to find the element located by 'By.xpath: (//*[@data-id='button-link' ]//*[contains(text(),'Reconcile')])[1]'. Please recheck the objects properties to make sure the desired element is located. 

2020-09-16 11:09:15 - [MESSAGE][WARNING] - Object 'Object Repository/FDR-Draw/reconcileButton' is not present after 2 second(s)

2020-09-16 11:09:16 - [TEST_STEP][PASSED] - click(findTestObject("FDR-Draw/RejectVocuherReceipts/overFundInput1")): Object: 'Object Repository/FDR-Draw/RejectVocuherReceipts/overFundInput1' is clicked on

2020-09-16 11:09:16 - [MESSAGE][PASSED] - Object: 'Object Repository/FDR-Draw/RejectVocuherReceipts/overFundInput1' is clicked on

2020-09-16 11:09:16 - [TEST_STEP][PASSED] - waitForElementPresent(findTestObject("FDR-Draw/reconcileButton"), 2): Object 'Object Repository/FDR-Draw/reconcileButton' is not present after 2 second(s)

2020-09-16 11:09:19 - [MESSAGE][INFO] - Unable to find the element located by 'By.xpath: (//*[@data-id='button-link' ]//*[contains(text(),'Reconcile')])[1]'. Please recheck the objects properties to make sure the desired element is located. 

2020-09-16 11:09:19 - [MESSAGE][WARNING] - Object 'Object Repository/FDR-Draw/reconcileButton' is not present after 2 second(s)

2020-09-16 11:09:19 - [TEST_STEP][PASSED] - sendKeys(findTestObject("FDR-Draw/RejectVocuherReceipts/overFundInput1"), "Federal"): Keys 'Federal' sent to object: 'Object Repository/FDR-Draw/RejectVocuherReceipts/overFundInput1'

2020-09-16 11:09:19 - [MESSAGE][PASSED] - Keys 'Federal' sent to object: 'Object Repository/FDR-Draw/RejectVocuherReceipts/overFundInput1'

2020-09-16 11:09:19 - [TEST_STEP][PASSED] - waitForElementPresent(findTestObject("FDR-Draw/reconcileButton"), 2): Object 'Object Repository/FDR-Draw/reconcileButton' is not present after 2 second(s)

2020-09-16 11:09:23 - [MESSAGE][INFO] - Unable to find the element located by 'By.xpath: (//*[@data-id='button-link' ]//*[contains(text(),'Reconcile')])[1]'. Please recheck the objects properties to make sure the desired element is located. 

2020-09-16 11:09:23 - [MESSAGE][WARNING] - Object 'Object Repository/FDR-Draw/reconcileButton' is not present after 2 second(s)

2020-09-16 11:09:23 - [TEST_STEP][PASSED] - sendKeys(findTestObject("FDR-Draw/RejectVocuherReceipts/overFundInput1"), Keys.chord(UP, ENTER)): Keys 'UP + ENTER + ' sent to object: 'Object Repository/FDR-Draw/RejectVocuherReceipts/overFundInput1'

2020-09-16 11:09:23 - [MESSAGE][PASSED] - Keys 'UP + ENTER + ' sent to object: 'Object Repository/FDR-Draw/RejectVocuherReceipts/overFundInput1'

2020-09-16 11:09:23 - [TEST_STEP][PASSED] - waitForElementPresent(findTestObject("FDR-Draw/reconcileButton"), 2): Object 'Object Repository/FDR-Draw/reconcileButton' is not present after 2 second(s)

2020-09-16 11:09:26 - [MESSAGE][INFO] - Unable to find the element located by 'By.xpath: (//*[@data-id='button-link' ]//*[contains(text(),'Reconcile')])[1]'. Please recheck the objects properties to make sure the desired element is located. 

2020-09-16 11:09:26 - [MESSAGE][WARNING] - Object 'Object Repository/FDR-Draw/reconcileButton' is not present after 2 second(s)

2020-09-16 11:09:26 - [TEST_STEP][PASSED] - click(findTestObject("FDR-Draw/RejectVocuherReceipts/addFundButton")): Object: 'Object Repository/FDR-Draw/RejectVocuherReceipts/addFundButton' is clicked on

2020-09-16 11:09:26 - [MESSAGE][PASSED] - Object: 'Object Repository/FDR-Draw/RejectVocuherReceipts/addFundButton' is clicked on

2020-09-16 11:09:26 - [TEST_STEP][PASSED] - waitForElementPresent(findTestObject("FDR-Draw/reconcileButton"), 4): Object 'Object Repository/FDR-Draw/reconcileButton' is not present after 4 second(s)

2020-09-16 11:09:31 - [MESSAGE][INFO] - Unable to find the element located by 'By.xpath: (//*[@data-id='button-link' ]//*[contains(text(),'Reconcile')])[1]'. Please recheck the objects properties to make sure the desired element is located. 

2020-09-16 11:09:31 - [MESSAGE][WARNING] - Object 'Object Repository/FDR-Draw/reconcileButton' is not present after 4 second(s)

2020-09-16 11:09:31 - [TEST_STEP][PASSED] - click(findTestObject("FDR-Draw/RejectVocuherReceipts/overFundInput2")): Object: 'Object Repository/FDR-Draw/RejectVocuherReceipts/overFundInput2' is clicked on

2020-09-16 11:09:32 - [MESSAGE][PASSED] - Object: 'Object Repository/FDR-Draw/RejectVocuherReceipts/overFundInput2' is clicked on

2020-09-16 11:09:32 - [TEST_STEP][PASSED] - waitForElementPresent(findTestObject("FDR-Draw/reconcileButton"), 4): Object 'Object Repository/FDR-Draw/reconcileButton' is not present after 4 second(s)

2020-09-16 11:09:37 - [MESSAGE][INFO] - Unable to find the element located by 'By.xpath: (//*[@data-id='button-link' ]//*[contains(text(),'Reconcile')])[1]'. Please recheck the objects properties to make sure the desired element is located. 

2020-09-16 11:09:37 - [MESSAGE][WARNING] - Object 'Object Repository/FDR-Draw/reconcileButton' is not present after 4 second(s)

2020-09-16 11:09:37 - [TEST_STEP][PASSED] - sendKeys(findTestObject("FDR-Draw/RejectVocuherReceipts/overFundInput2"), "Non-Federal"): Keys 'Non-Federal' sent to object: 'Object Repository/FDR-Draw/RejectVocuherReceipts/overFundInput2'

2020-09-16 11:09:37 - [MESSAGE][PASSED] - Keys 'Non-Federal' sent to object: 'Object Repository/FDR-Draw/RejectVocuherReceipts/overFundInput2'

2020-09-16 11:09:37 - [TEST_STEP][PASSED] - waitForElementPresent(findTestObject("FDR-Draw/reconcileButton"), 2): Object 'Object Repository/FDR-Draw/reconcileButton' is not present after 2 second(s)

2020-09-16 11:09:41 - [MESSAGE][INFO] - Unable to find the element located by 'By.xpath: (//*[@data-id='button-link' ]//*[contains(text(),'Reconcile')])[1]'. Please recheck the objects properties to make sure the desired element is located. 

2020-09-16 11:09:41 - [MESSAGE][WARNING] - Object 'Object Repository/FDR-Draw/reconcileButton' is not present after 2 second(s)

2020-09-16 11:09:41 - [TEST_STEP][PASSED] - sendKeys(findTestObject("FDR-Draw/RejectVocuherReceipts/overFundInput2"), Keys.chord(DOWN, ENTER)): Keys 'DOWN + ENTER + ' sent to object: 'Object Repository/FDR-Draw/RejectVocuherReceipts/overFundInput2'

2020-09-16 11:09:41 - [MESSAGE][PASSED] - Keys 'DOWN + ENTER + ' sent to object: 'Object Repository/FDR-Draw/RejectVocuherReceipts/overFundInput2'

2020-09-16 11:09:41 - [TEST_STEP][PASSED] - waitForElementPresent(findTestObject("FDR-Draw/reconcileButton"), 2): Object 'Object Repository/FDR-Draw/reconcileButton' is not present after 2 second(s)

2020-09-16 11:09:44 - [MESSAGE][INFO] - Unable to find the element located by 'By.xpath: (//*[@data-id='button-link' ]//*[contains(text(),'Reconcile')])[1]'. Please recheck the objects properties to make sure the desired element is located. 

2020-09-16 11:09:44 - [MESSAGE][WARNING] - Object 'Object Repository/FDR-Draw/reconcileButton' is not present after 2 second(s)

2020-09-16 11:09:44 - [TEST_STEP][PASSED] - click(findTestObject("FDR-Draw/RejectVocuherReceipts/spanIncorrectAmountEntry")): Object: 'Object Repository/FDR-Draw/RejectVocuherReceipts/spanIncorrectAmountEntry' is clicked on

2020-09-16 11:09:45 - [MESSAGE][PASSED] - Object: 'Object Repository/FDR-Draw/RejectVocuherReceipts/spanIncorrectAmountEntry' is clicked on

2020-09-16 11:09:45 - [TEST_STEP][PASSED] - waitForElementPresent(findTestObject("FDR-Draw/reconcileButton"), 2): Object 'Object Repository/FDR-Draw/reconcileButton' is not present after 2 second(s)

2020-09-16 11:09:48 - [MESSAGE][INFO] - Unable to find the element located by 'By.xpath: (//*[@data-id='button-link' ]//*[contains(text(),'Reconcile')])[1]'. Please recheck the objects properties to make sure the desired element is located. 

2020-09-16 11:09:48 - [MESSAGE][WARNING] - Object 'Object Repository/FDR-Draw/reconcileButton' is not present after 2 second(s)

2020-09-16 11:09:48 - [TEST_STEP][PASSED] - rejectionReason1 = getAttribute(findTestObject("FDR-Draw/RejectVocuherReceipts/overFundInput1"), "value", STOP_ON_FAILURE): Attribute 'value' of object 'Object Repository/FDR-Draw/RejectVocuherReceipts/overFundInput1' is: 'Non-Federal Fund HQAF (3158), FY 2020/2021 SCHIP (611) HQAF, 611 SB239 (2013) HQAF'

2020-09-16 11:09:48 - [MESSAGE][PASSED] - Attribute 'value' of object 'Object Repository/FDR-Draw/RejectVocuherReceipts/overFundInput1' is: 'Non-Federal Fund HQAF (3158), FY 2020/2021 SCHIP (611) HQAF, 611 SB239 (2013) HQAF'

2020-09-16 11:09:48 - [TEST_STEP][PASSED] - rejectionReason2 = getAttribute(findTestObject("FDR-Draw/RejectVocuherReceipts/overFundInput2"), "value", STOP_ON_FAILURE): Attribute 'value' of object 'Object Repository/FDR-Draw/RejectVocuherReceipts/overFundInput2' is: 'Non-Federal Fund HQAF (3158), FY 2020/2021 MA (611) HQAF, 611 SB239 (2013) HQAF'

2020-09-16 11:09:48 - [MESSAGE][PASSED] - Attribute 'value' of object 'Object Repository/FDR-Draw/RejectVocuherReceipts/overFundInput2' is: 'Non-Federal Fund HQAF (3158), FY 2020/2021 MA (611) HQAF, 611 SB239 (2013) HQAF'

2020-09-16 11:09:48 - [TEST_STEP][PASSED] - click(findTestObject("Object Repository/FDR-Draw/RejectVocuherReceipts/rejectVoucherButton")): Object: 'Object Repository/FDR-Draw/RejectVocuherReceipts/rejectVoucherButton' is clicked on

2020-09-16 11:09:49 - [MESSAGE][PASSED] - Object: 'Object Repository/FDR-Draw/RejectVocuherReceipts/rejectVoucherButton' is clicked on

2020-09-16 11:09:49 - [TEST_STEP][PASSED] - waitForElementPresent(findTestObject("FDR-Draw/reconcileButton"), 4): Object 'Object Repository/FDR-Draw/reconcileButton' is not present after 4 second(s)

2020-09-16 11:09:54 - [MESSAGE][INFO] - Unable to find the element located by 'By.xpath: (//*[@data-id='button-link' ]//*[contains(text(),'Reconcile')])[1]'. Please recheck the objects properties to make sure the desired element is located. 

2020-09-16 11:09:54 - [MESSAGE][WARNING] - Object 'Object Repository/FDR-Draw/reconcileButton' is not present after 4 second(s)

2020-09-16 11:09:54 - [TEST_STEP][FAILED] - click(findTestObject("FDR-Draw/RejectVocuherReceipts/thumbsUpButtonReceipt")): Unable to click on object 'Object Repository/FDR-Draw/RejectVocuherReceipts/thumbsUpButtonReceipt' (Root cause: com.kms.katalon.core.exception.StepFailedException: Unable to click on object 'Object Repository/FDR-Draw/RejectVocuherReceipts/thumbsUpButtonReceipt'
	at com.kms.katalon.core.webui.keyword.internal.WebUIKeywordMain.stepFailed(WebUIKeywordMain.groovy:64)
	at com.kms.katalon.core.webui.keyword.internal.WebUIKeywordMain.runKeyword(WebUIKeywordMain.groovy:26)
	at com.kms.katalon.core.webui.keyword.builtin.ClickKeyword.click(ClickKeyword.groovy:76)
	at com.kms.katalon.core.webui.keyword.builtin.ClickKeyword.execute(ClickKeyword.groovy:43)
	at com.kms.katalon.core.keyword.internal.KeywordExecutor.executeKeywordForPlatform(KeywordExecutor.groovy:73)
	at com.kms.katalon.core.webui.keyword.WebUiBuiltInKeywords.click(WebUiBuiltInKeywords.groovy:616)
	at com.kms.katalon.core.webui.keyword.WebUiBuiltInKeywords$click$6.call(Unknown Source)
	at FDR-Draw-Reject-Vouchers-Receipts.run(FDR-Draw-Reject-Vouchers-Receipts:46)
	at com.kms.katalon.core.main.ScriptEngine.run(ScriptEngine.java:194)
	at com.kms.katalon.core.main.ScriptEngine.runScriptAsRawText(ScriptEngine.java:119)
	at com.kms.katalon.core.main.TestCaseExecutor.runScript(TestCaseExecutor.java:339)
	at com.kms.katalon.core.main.TestCaseExecutor.doExecute(TestCaseExecutor.java:330)
	at com.kms.katalon.core.main.TestCaseExecutor.processExecutionPhase(TestCaseExecutor.java:309)
	at com.kms.katalon.core.main.TestCaseExecutor.accessMainPhase(TestCaseExecutor.java:301)
	at com.kms.katalon.core.main.TestCaseExecutor.execute(TestCaseExecutor.java:235)
	at com.kms.katalon.core.main.TestSuiteExecutor.accessTestCaseMainPhase(TestSuiteExecutor.java:191)
	at com.kms.katalon.core.main.TestSuiteExecutor.accessTestSuiteMainPhase(TestSuiteExecutor.java:141)
	at com.kms.katalon.core.main.TestSuiteExecutor.execute(TestSuiteExecutor.java:90)
	at com.kms.katalon.core.main.TestCaseMain.startTestSuite(TestCaseMain.java:157)
	at com.kms.katalon.core.main.TestCaseMain$startTestSuite$0.call(Unknown Source)
	at TempTestSuite1600279698766.run(TempTestSuite1600279698766.groovy:39)
Caused by: com.kms.katalon.core.webui.exception.WebElementNotFoundException: Web element with id: 'Object Repository/FDR-Draw/RejectVocuherReceipts/thumbsUpButtonReceipt' located by '((//*[text()='Expenditures']//parent::*//parent::*//parent::*//parent::*)//button)[12]' not found
	at com.kms.katalon.core.webui.common.WebUiCommonHelper.findWebElement(WebUiCommonHelper.java:1368)
	at com.kms.katalon.core.webui.keyword.internal.WebUIAbstractKeyword.findWebElement(WebUIAbstractKeyword.groovy:27)
	at com.kms.katalon.core.webui.keyword.internal.WebUIAbstractKeyword.findWebElement(WebUIAbstractKeyword.groovy:26)
	at com.kms.katalon.core.webui.keyword.builtin.ClickKeyword$_click_closure1.doCall(ClickKeyword.groovy:67)
	at com.kms.katalon.core.webui.keyword.builtin.ClickKeyword$_click_closure1.call(ClickKeyword.groovy)
	at com.kms.katalon.core.webui.keyword.internal.WebUIKeywordMain.runKeyword(WebUIKeywordMain.groovy:20)
	at com.kms.katalon.core.webui.keyword.builtin.ClickKeyword.click(ClickKeyword.groovy:76)
	at com.kms.katalon.core.webui.keyword.builtin.ClickKeyword.execute(ClickKeyword.groovy:43)
	at com.kms.katalon.core.keyword.internal.KeywordExecutor.executeKeywordForPlatform(KeywordExecutor.groovy:73)
	at com.kms.katalon.core.webui.keyword.WebUiBuiltInKeywords.click(WebUiBuiltInKeywords.groovy:616)
	at com.kms.katalon.core.webui.keyword.WebUiBuiltInKeywords$click$6.call(Unknown Source)
	at Script1591634957380.run(Script1591634957380.groovy:46)
	... 13 more
)

2020-09-16 11:09:58 - [MESSAGE][INFO] - Unable to find the element located by 'By.xpath: ((//*[text()='Expenditures']//parent::*//parent::*//parent::*//parent::*)//button)[12]'. Please recheck the objects properties to make sure the desired element is located. 

2020-09-16 11:09:58 - [MESSAGE][FAILED] - Unable to click on object 'Object Repository/FDR-Draw/RejectVocuherReceipts/thumbsUpButtonReceipt' (Root cause: com.kms.katalon.core.exception.StepFailedException: Unable to click on object 'Object Repository/FDR-Draw/RejectVocuherReceipts/thumbsUpButtonReceipt'
	at com.kms.katalon.core.webui.keyword.internal.WebUIKeywordMain.stepFailed(WebUIKeywordMain.groovy:64)
	at com.kms.katalon.core.webui.keyword.internal.WebUIKeywordMain.runKeyword(WebUIKeywordMain.groovy:26)
	at com.kms.katalon.core.webui.keyword.builtin.ClickKeyword.click(ClickKeyword.groovy:76)
	at com.kms.katalon.core.webui.keyword.builtin.ClickKeyword.execute(ClickKeyword.groovy:43)
	at com.kms.katalon.core.keyword.internal.KeywordExecutor.executeKeywordForPlatform(KeywordExecutor.groovy:73)
	at com.kms.katalon.core.webui.keyword.WebUiBuiltInKeywords.click(WebUiBuiltInKeywords.groovy:616)
	at com.kms.katalon.core.webui.keyword.WebUiBuiltInKeywords$click$6.call(Unknown Source)
	at FDR-Draw-Reject-Vouchers-Receipts.run(FDR-Draw-Reject-Vouchers-Receipts:46)
	at com.kms.katalon.core.main.ScriptEngine.run(ScriptEngine.java:194)
	at com.kms.katalon.core.main.ScriptEngine.runScriptAsRawText(ScriptEngine.java:119)
	at com.kms.katalon.core.main.TestCaseExecutor.runScript(TestCaseExecutor.java:339)
	at com.kms.katalon.core.main.TestCaseExecutor.doExecute(TestCaseExecutor.java:330)
	at com.kms.katalon.core.main.TestCaseExecutor.processExecutionPhase(TestCaseExecutor.java:309)
	at com.kms.katalon.core.main.TestCaseExecutor.accessMainPhase(TestCaseExecutor.java:301)
	at com.kms.katalon.core.main.TestCaseExecutor.execute(TestCaseExecutor.java:235)
	at com.kms.katalon.core.main.TestSuiteExecutor.accessTestCaseMainPhase(TestSuiteExecutor.java:191)
	at com.kms.katalon.core.main.TestSuiteExecutor.accessTestSuiteMainPhase(TestSuiteExecutor.java:141)
	at com.kms.katalon.core.main.TestSuiteExecutor.execute(TestSuiteExecutor.java:90)
	at com.kms.katalon.core.main.TestCaseMain.startTestSuite(TestCaseMain.java:157)
	at com.kms.katalon.core.main.TestCaseMain$startTestSuite$0.call(Unknown Source)
	at TempTestSuite1600279698766.run(TempTestSuite1600279698766.groovy:39)
Caused by: com.kms.katalon.core.webui.exception.WebElementNotFoundException: Web element with id: 'Object Repository/FDR-Draw/RejectVocuherReceipts/thumbsUpButtonReceipt' located by '((//*[text()='Expenditures']//parent::*//parent::*//parent::*//parent::*)//button)[12]' not found
	at com.kms.katalon.core.webui.common.WebUiCommonHelper.findWebElement(WebUiCommonHelper.java:1368)
	at com.kms.katalon.core.webui.keyword.internal.WebUIAbstractKeyword.findWebElement(WebUIAbstractKeyword.groovy:27)
	at com.kms.katalon.core.webui.keyword.internal.WebUIAbstractKeyword.findWebElement(WebUIAbstractKeyword.groovy:26)
	at com.kms.katalon.core.webui.keyword.builtin.ClickKeyword$_click_closure1.doCall(ClickKeyword.groovy:67)
	at com.kms.katalon.core.webui.keyword.builtin.ClickKeyword$_click_closure1.call(ClickKeyword.groovy)
	at com.kms.katalon.core.webui.keyword.internal.WebUIKeywordMain.runKeyword(WebUIKeywordMain.groovy:20)
	at com.kms.katalon.core.webui.keyword.builtin.ClickKeyword.click(ClickKeyword.groovy:76)
	at com.kms.katalon.core.webui.keyword.builtin.ClickKeyword.execute(ClickKeyword.groovy:43)
	at com.kms.katalon.core.keyword.internal.KeywordExecutor.executeKeywordForPlatform(KeywordExecutor.groovy:73)
	at com.kms.katalon.core.webui.keyword.WebUiBuiltInKeywords.click(WebUiBuiltInKeywords.groovy:616)
	at com.kms.katalon.core.webui.keyword.WebUiBuiltInKeywords$click$6.call(Unknown Source)
	at Script1591634957380.run(Script1591634957380.groovy:46)
	... 13 more
)
[[ATTACHMENT|C:\\fdr-automation-develop_08_25_2020\\Reports\\20200916_110818\\Draw-Integration_Suite\\20200916_110818\\1600279798494.png]]

2020-09-16 11:09:58 - [TEST_STEP][PASSED] - waitForElementPresent(findTestObject("FDR-Draw/reconcileButton"), 2): Object 'Object Repository/FDR-Draw/reconcileButton' is not present after 2 second(s)

2020-09-16 11:10:02 - [MESSAGE][INFO] - Unable to find the element located by 'By.xpath: (//*[@data-id='button-link' ]//*[contains(text(),'Reconcile')])[1]'. Please recheck the objects properties to make sure the desired element is located. 

2020-09-16 11:10:02 - [MESSAGE][WARNING] - Object 'Object Repository/FDR-Draw/reconcileButton' is not present after 2 second(s)

2020-09-16 11:10:02 - [TEST_STEP][PASSED] - click(findTestObject("FDR-Draw/RejectVocuherReceipts/thubmsDownReceipts1")): Object: 'Object Repository/FDR-Draw/RejectVocuherReceipts/thubmsDownReceipts1' is clicked on

2020-09-16 11:10:02 - [MESSAGE][PASSED] - Object: 'Object Repository/FDR-Draw/RejectVocuherReceipts/thubmsDownReceipts1' is clicked on

2020-09-16 11:10:02 - [TEST_STEP][PASSED] - waitForElementPresent(findTestObject("FDR-Draw/reconcileButton"), 2): Object 'Object Repository/FDR-Draw/reconcileButton' is not present after 2 second(s)

2020-09-16 11:10:05 - [MESSAGE][INFO] - Unable to find the element located by 'By.xpath: (//*[@data-id='button-link' ]//*[contains(text(),'Reconcile')])[1]'. Please recheck the objects properties to make sure the desired element is located. 

2020-09-16 11:10:05 - [MESSAGE][WARNING] - Object 'Object Repository/FDR-Draw/reconcileButton' is not present after 2 second(s)

2020-09-16 11:10:05 - [TEST_STEP][FAILED] - click(findTestObject("FDR-Draw/RejectVocuherReceipts/spanOverdrawnFund(s)")): Unable to click on object 'Object Repository/FDR-Draw/RejectVocuherReceipts/spanOverdrawnFund(s)' (Root cause: com.kms.katalon.core.exception.StepFailedException: Unable to click on object 'Object Repository/FDR-Draw/RejectVocuherReceipts/spanOverdrawnFund(s)'
	at com.kms.katalon.core.webui.keyword.internal.WebUIKeywordMain.stepFailed(WebUIKeywordMain.groovy:64)
	at com.kms.katalon.core.webui.keyword.internal.WebUIKeywordMain.runKeyword(WebUIKeywordMain.groovy:26)
	at com.kms.katalon.core.webui.keyword.builtin.ClickKeyword.click(ClickKeyword.groovy:76)
	at com.kms.katalon.core.webui.keyword.builtin.ClickKeyword.execute(ClickKeyword.groovy:43)
	at com.kms.katalon.core.keyword.internal.KeywordExecutor.executeKeywordForPlatform(KeywordExecutor.groovy:73)
	at com.kms.katalon.core.webui.keyword.WebUiBuiltInKeywords.click(WebUiBuiltInKeywords.groovy:616)
	at com.kms.katalon.core.webui.keyword.WebUiBuiltInKeywords$click$6.call(Unknown Source)
	at FDR-Draw-Reject-Vouchers-Receipts.run(FDR-Draw-Reject-Vouchers-Receipts:54)
	at com.kms.katalon.core.main.ScriptEngine.run(ScriptEngine.java:194)
	at com.kms.katalon.core.main.ScriptEngine.runScriptAsRawText(ScriptEngine.java:119)
	at com.kms.katalon.core.main.TestCaseExecutor.runScript(TestCaseExecutor.java:339)
	at com.kms.katalon.core.main.TestCaseExecutor.doExecute(TestCaseExecutor.java:330)
	at com.kms.katalon.core.main.TestCaseExecutor.processExecutionPhase(TestCaseExecutor.java:309)
	at com.kms.katalon.core.main.TestCaseExecutor.accessMainPhase(TestCaseExecutor.java:301)
	at com.kms.katalon.core.main.TestCaseExecutor.execute(TestCaseExecutor.java:235)
	at com.kms.katalon.core.main.TestSuiteExecutor.accessTestCaseMainPhase(TestSuiteExecutor.java:191)
	at com.kms.katalon.core.main.TestSuiteExecutor.accessTestSuiteMainPhase(TestSuiteExecutor.java:141)
	at com.kms.katalon.core.main.TestSuiteExecutor.execute(TestSuiteExecutor.java:90)
	at com.kms.katalon.core.main.TestCaseMain.startTestSuite(TestCaseMain.java:157)
	at com.kms.katalon.core.main.TestCaseMain$startTestSuite$0.call(Unknown Source)
	at TempTestSuite1600279698766.run(TempTestSuite1600279698766.groovy:39)
Caused by: com.kms.katalon.core.webui.exception.WebElementNotFoundException: Web element with id: 'Object Repository/FDR-Draw/RejectVocuherReceipts/spanOverdrawnFund(s)' located by '//span[contains(.,'Overdrawn Fund(s)')]' not found
	at com.kms.katalon.core.webui.common.WebUiCommonHelper.findWebElement(WebUiCommonHelper.java:1368)
	at com.kms.katalon.core.webui.keyword.internal.WebUIAbstractKeyword.findWebElement(WebUIAbstractKeyword.groovy:27)
	at com.kms.katalon.core.webui.keyword.internal.WebUIAbstractKeyword.findWebElement(WebUIAbstractKeyword.groovy:26)
	at com.kms.katalon.core.webui.keyword.builtin.ClickKeyword$_click_closure1.doCall(ClickKeyword.groovy:67)
	at com.kms.katalon.core.webui.keyword.builtin.ClickKeyword$_click_closure1.call(ClickKeyword.groovy)
	at com.kms.katalon.core.webui.keyword.internal.WebUIKeywordMain.runKeyword(WebUIKeywordMain.groovy:20)
	at com.kms.katalon.core.webui.keyword.builtin.ClickKeyword.click(ClickKeyword.groovy:76)
	at com.kms.katalon.core.webui.keyword.builtin.ClickKeyword.execute(ClickKeyword.groovy:43)
	at com.kms.katalon.core.keyword.internal.KeywordExecutor.executeKeywordForPlatform(KeywordExecutor.groovy:73)
	at com.kms.katalon.core.webui.keyword.WebUiBuiltInKeywords.click(WebUiBuiltInKeywords.groovy:616)
	at com.kms.katalon.core.webui.keyword.WebUiBuiltInKeywords$click$6.call(Unknown Source)
	at Script1591634957380.run(Script1591634957380.groovy:54)
	... 13 more
)

2020-09-16 11:10:09 - [MESSAGE][INFO] - Unable to find the element located by 'By.xpath: //span[contains(.,'Overdrawn Fund(s)')]'. Please recheck the objects properties to make sure the desired element is located. 

2020-09-16 11:10:10 - [MESSAGE][FAILED] - Unable to click on object 'Object Repository/FDR-Draw/RejectVocuherReceipts/spanOverdrawnFund(s)' (Root cause: com.kms.katalon.core.exception.StepFailedException: Unable to click on object 'Object Repository/FDR-Draw/RejectVocuherReceipts/spanOverdrawnFund(s)'
	at com.kms.katalon.core.webui.keyword.internal.WebUIKeywordMain.stepFailed(WebUIKeywordMain.groovy:64)
	at com.kms.katalon.core.webui.keyword.internal.WebUIKeywordMain.runKeyword(WebUIKeywordMain.groovy:26)
	at com.kms.katalon.core.webui.keyword.builtin.ClickKeyword.click(ClickKeyword.groovy:76)
	at com.kms.katalon.core.webui.keyword.builtin.ClickKeyword.execute(ClickKeyword.groovy:43)
	at com.kms.katalon.core.keyword.internal.KeywordExecutor.executeKeywordForPlatform(KeywordExecutor.groovy:73)
	at com.kms.katalon.core.webui.keyword.WebUiBuiltInKeywords.click(WebUiBuiltInKeywords.groovy:616)
	at com.kms.katalon.core.webui.keyword.WebUiBuiltInKeywords$click$6.call(Unknown Source)
	at FDR-Draw-Reject-Vouchers-Receipts.run(FDR-Draw-Reject-Vouchers-Receipts:54)
	at com.kms.katalon.core.main.ScriptEngine.run(ScriptEngine.java:194)
	at com.kms.katalon.core.main.ScriptEngine.runScriptAsRawText(ScriptEngine.java:119)
	at com.kms.katalon.core.main.TestCaseExecutor.runScript(TestCaseExecutor.java:339)
	at com.kms.katalon.core.main.TestCaseExecutor.doExecute(TestCaseExecutor.java:330)
	at com.kms.katalon.core.main.TestCaseExecutor.processExecutionPhase(TestCaseExecutor.java:309)
	at com.kms.katalon.core.main.TestCaseExecutor.accessMainPhase(TestCaseExecutor.java:301)
	at com.kms.katalon.core.main.TestCaseExecutor.execute(TestCaseExecutor.java:235)
	at com.kms.katalon.core.main.TestSuiteExecutor.accessTestCaseMainPhase(TestSuiteExecutor.java:191)
	at com.kms.katalon.core.main.TestSuiteExecutor.accessTestSuiteMainPhase(TestSuiteExecutor.java:141)
	at com.kms.katalon.core.main.TestSuiteExecutor.execute(TestSuiteExecutor.java:90)
	at com.kms.katalon.core.main.TestCaseMain.startTestSuite(TestCaseMain.java:157)
	at com.kms.katalon.core.main.TestCaseMain$startTestSuite$0.call(Unknown Source)
	at TempTestSuite1600279698766.run(TempTestSuite1600279698766.groovy:39)
Caused by: com.kms.katalon.core.webui.exception.WebElementNotFoundException: Web element with id: 'Object Repository/FDR-Draw/RejectVocuherReceipts/spanOverdrawnFund(s)' located by '//span[contains(.,'Overdrawn Fund(s)')]' not found
	at com.kms.katalon.core.webui.common.WebUiCommonHelper.findWebElement(WebUiCommonHelper.java:1368)
	at com.kms.katalon.core.webui.keyword.internal.WebUIAbstractKeyword.findWebElement(WebUIAbstractKeyword.groovy:27)
	at com.kms.katalon.core.webui.keyword.internal.WebUIAbstractKeyword.findWebElement(WebUIAbstractKeyword.groovy:26)
	at com.kms.katalon.core.webui.keyword.builtin.ClickKeyword$_click_closure1.doCall(ClickKeyword.groovy:67)
	at com.kms.katalon.core.webui.keyword.builtin.ClickKeyword$_click_closure1.call(ClickKeyword.groovy)
	at com.kms.katalon.core.webui.keyword.internal.WebUIKeywordMain.runKeyword(WebUIKeywordMain.groovy:20)
	at com.kms.katalon.core.webui.keyword.builtin.ClickKeyword.click(ClickKeyword.groovy:76)
	at com.kms.katalon.core.webui.keyword.builtin.ClickKeyword.execute(ClickKeyword.groovy:43)
	at com.kms.katalon.core.keyword.internal.KeywordExecutor.executeKeywordForPlatform(KeywordExecutor.groovy:73)
	at com.kms.katalon.core.webui.keyword.WebUiBuiltInKeywords.click(WebUiBuiltInKeywords.groovy:616)
	at com.kms.katalon.core.webui.keyword.WebUiBuiltInKeywords$click$6.call(Unknown Source)
	at Script1591634957380.run(Script1591634957380.groovy:54)
	... 13 more
)
[[ATTACHMENT|C:\\fdr-automation-develop_08_25_2020\\Reports\\20200916_110818\\Draw-Integration_Suite\\20200916_110818\\1600279809895.png]]

2020-09-16 11:10:10 - [TEST_STEP][PASSED] - waitForElementPresent(findTestObject("FDR-Draw/reconcileButton"), 2): Object 'Object Repository/FDR-Draw/reconcileButton' is not present after 2 second(s)

2020-09-16 11:10:13 - [MESSAGE][INFO] - Unable to find the element located by 'By.xpath: (//*[@data-id='button-link' ]//*[contains(text(),'Reconcile')])[1]'. Please recheck the objects properties to make sure the desired element is located. 

2020-09-16 11:10:13 - [MESSAGE][WARNING] - Object 'Object Repository/FDR-Draw/reconcileButton' is not present after 2 second(s)

2020-09-16 11:10:13 - [TEST_STEP][FAILED] - click(findTestObject("FDR-Draw/RejectVocuherReceipts/overFundInput1")): Unable to click on object 'Object Repository/FDR-Draw/RejectVocuherReceipts/overFundInput1' (Root cause: com.kms.katalon.core.exception.StepFailedException: Unable to click on object 'Object Repository/FDR-Draw/RejectVocuherReceipts/overFundInput1'
	at com.kms.katalon.core.webui.keyword.internal.WebUIKeywordMain.stepFailed(WebUIKeywordMain.groovy:64)
	at com.kms.katalon.core.webui.keyword.internal.WebUIKeywordMain.runKeyword(WebUIKeywordMain.groovy:26)
	at com.kms.katalon.core.webui.keyword.builtin.ClickKeyword.click(ClickKeyword.groovy:76)
	at com.kms.katalon.core.webui.keyword.builtin.ClickKeyword.execute(ClickKeyword.groovy:43)
	at com.kms.katalon.core.keyword.internal.KeywordExecutor.executeKeywordForPlatform(KeywordExecutor.groovy:73)
	at com.kms.katalon.core.webui.keyword.WebUiBuiltInKeywords.click(WebUiBuiltInKeywords.groovy:616)
	at com.kms.katalon.core.webui.keyword.WebUiBuiltInKeywords$click$6.call(Unknown Source)
	at FDR-Draw-Reject-Vouchers-Receipts.run(FDR-Draw-Reject-Vouchers-Receipts:58)
	at com.kms.katalon.core.main.ScriptEngine.run(ScriptEngine.java:194)
	at com.kms.katalon.core.main.ScriptEngine.runScriptAsRawText(ScriptEngine.java:119)
	at com.kms.katalon.core.main.TestCaseExecutor.runScript(TestCaseExecutor.java:339)
	at com.kms.katalon.core.main.TestCaseExecutor.doExecute(TestCaseExecutor.java:330)
	at com.kms.katalon.core.main.TestCaseExecutor.processExecutionPhase(TestCaseExecutor.java:309)
	at com.kms.katalon.core.main.TestCaseExecutor.accessMainPhase(TestCaseExecutor.java:301)
	at com.kms.katalon.core.main.TestCaseExecutor.execute(TestCaseExecutor.java:235)
	at com.kms.katalon.core.main.TestSuiteExecutor.accessTestCaseMainPhase(TestSuiteExecutor.java:191)
	at com.kms.katalon.core.main.TestSuiteExecutor.accessTestSuiteMainPhase(TestSuiteExecutor.java:141)
	at com.kms.katalon.core.main.TestSuiteExecutor.execute(TestSuiteExecutor.java:90)
	at com.kms.katalon.core.main.TestCaseMain.startTestSuite(TestCaseMain.java:157)
	at com.kms.katalon.core.main.TestCaseMain$startTestSuite$0.call(Unknown Source)
	at TempTestSuite1600279698766.run(TempTestSuite1600279698766.groovy:39)
Caused by: com.kms.katalon.core.webui.exception.WebElementNotFoundException: Web element with id: 'Object Repository/FDR-Draw/RejectVocuherReceipts/overFundInput1' located by '//*[@id='overdrawnFunds[0]']' not found
	at com.kms.katalon.core.webui.common.WebUiCommonHelper.findWebElement(WebUiCommonHelper.java:1368)
	at com.kms.katalon.core.webui.keyword.internal.WebUIAbstractKeyword.findWebElement(WebUIAbstractKeyword.groovy:27)
	at com.kms.katalon.core.webui.keyword.internal.WebUIAbstractKeyword.findWebElement(WebUIAbstractKeyword.groovy:26)
	at com.kms.katalon.core.webui.keyword.builtin.ClickKeyword$_click_closure1.doCall(ClickKeyword.groovy:67)
	at com.kms.katalon.core.webui.keyword.builtin.ClickKeyword$_click_closure1.call(ClickKeyword.groovy)
	at com.kms.katalon.core.webui.keyword.internal.WebUIKeywordMain.runKeyword(WebUIKeywordMain.groovy:20)
	at com.kms.katalon.core.webui.keyword.builtin.ClickKeyword.click(ClickKeyword.groovy:76)
	at com.kms.katalon.core.webui.keyword.builtin.ClickKeyword.execute(ClickKeyword.groovy:43)
	at com.kms.katalon.core.keyword.internal.KeywordExecutor.executeKeywordForPlatform(KeywordExecutor.groovy:73)
	at com.kms.katalon.core.webui.keyword.WebUiBuiltInKeywords.click(WebUiBuiltInKeywords.groovy:616)
	at com.kms.katalon.core.webui.keyword.WebUiBuiltInKeywords$click$6.call(Unknown Source)
	at Script1591634957380.run(Script1591634957380.groovy:58)
	... 13 more
)

2020-09-16 11:10:17 - [MESSAGE][INFO] - Unable to find the element located by 'By.xpath: //*[@id='overdrawnFunds[0]']'. Please recheck the objects properties to make sure the desired element is located. 

2020-09-16 11:10:17 - [MESSAGE][FAILED] - Unable to click on object 'Object Repository/FDR-Draw/RejectVocuherReceipts/overFundInput1' (Root cause: com.kms.katalon.core.exception.StepFailedException: Unable to click on object 'Object Repository/FDR-Draw/RejectVocuherReceipts/overFundInput1'
	at com.kms.katalon.core.webui.keyword.internal.WebUIKeywordMain.stepFailed(WebUIKeywordMain.groovy:64)
	at com.kms.katalon.core.webui.keyword.internal.WebUIKeywordMain.runKeyword(WebUIKeywordMain.groovy:26)
	at com.kms.katalon.core.webui.keyword.builtin.ClickKeyword.click(ClickKeyword.groovy:76)
	at com.kms.katalon.core.webui.keyword.builtin.ClickKeyword.execute(ClickKeyword.groovy:43)
	at com.kms.katalon.core.keyword.internal.KeywordExecutor.executeKeywordForPlatform(KeywordExecutor.groovy:73)
	at com.kms.katalon.core.webui.keyword.WebUiBuiltInKeywords.click(WebUiBuiltInKeywords.groovy:616)
	at com.kms.katalon.core.webui.keyword.WebUiBuiltInKeywords$click$6.call(Unknown Source)
	at FDR-Draw-Reject-Vouchers-Receipts.run(FDR-Draw-Reject-Vouchers-Receipts:58)
	at com.kms.katalon.core.main.ScriptEngine.run(ScriptEngine.java:194)
	at com.kms.katalon.core.main.ScriptEngine.runScriptAsRawText(ScriptEngine.java:119)
	at com.kms.katalon.core.main.TestCaseExecutor.runScript(TestCaseExecutor.java:339)
	at com.kms.katalon.core.main.TestCaseExecutor.doExecute(TestCaseExecutor.java:330)
	at com.kms.katalon.core.main.TestCaseExecutor.processExecutionPhase(TestCaseExecutor.java:309)
	at com.kms.katalon.core.main.TestCaseExecutor.accessMainPhase(TestCaseExecutor.java:301)
	at com.kms.katalon.core.main.TestCaseExecutor.execute(TestCaseExecutor.java:235)
	at com.kms.katalon.core.main.TestSuiteExecutor.accessTestCaseMainPhase(TestSuiteExecutor.java:191)
	at com.kms.katalon.core.main.TestSuiteExecutor.accessTestSuiteMainPhase(TestSuiteExecutor.java:141)
	at com.kms.katalon.core.main.TestSuiteExecutor.execute(TestSuiteExecutor.java:90)
	at com.kms.katalon.core.main.TestCaseMain.startTestSuite(TestCaseMain.java:157)
	at com.kms.katalon.core.main.TestCaseMain$startTestSuite$0.call(Unknown Source)
	at TempTestSuite1600279698766.run(TempTestSuite1600279698766.groovy:39)
Caused by: com.kms.katalon.core.webui.exception.WebElementNotFoundException: Web element with id: 'Object Repository/FDR-Draw/RejectVocuherReceipts/overFundInput1' located by '//*[@id='overdrawnFunds[0]']' not found
	at com.kms.katalon.core.webui.common.WebUiCommonHelper.findWebElement(WebUiCommonHelper.java:1368)
	at com.kms.katalon.core.webui.keyword.internal.WebUIAbstractKeyword.findWebElement(WebUIAbstractKeyword.groovy:27)
	at com.kms.katalon.core.webui.keyword.internal.WebUIAbstractKeyword.findWebElement(WebUIAbstractKeyword.groovy:26)
	at com.kms.katalon.core.webui.keyword.builtin.ClickKeyword$_click_closure1.doCall(ClickKeyword.groovy:67)
	at com.kms.katalon.core.webui.keyword.builtin.ClickKeyword$_click_closure1.call(ClickKeyword.groovy)
	at com.kms.katalon.core.webui.keyword.internal.WebUIKeywordMain.runKeyword(WebUIKeywordMain.groovy:20)
	at com.kms.katalon.core.webui.keyword.builtin.ClickKeyword.click(ClickKeyword.groovy:76)
	at com.kms.katalon.core.webui.keyword.builtin.ClickKeyword.execute(ClickKeyword.groovy:43)
	at com.kms.katalon.core.keyword.internal.KeywordExecutor.executeKeywordForPlatform(KeywordExecutor.groovy:73)
	at com.kms.katalon.core.webui.keyword.WebUiBuiltInKeywords.click(WebUiBuiltInKeywords.groovy:616)
	at com.kms.katalon.core.webui.keyword.WebUiBuiltInKeywords$click$6.call(Unknown Source)
	at Script1591634957380.run(Script1591634957380.groovy:58)
	... 13 more
)
[[ATTACHMENT|C:\\fdr-automation-develop_08_25_2020\\Reports\\20200916_110818\\Draw-Integration_Suite\\20200916_110818\\1600279817520.png]]

2020-09-16 11:10:17 - [TEST_STEP][PASSED] - waitForElementPresent(findTestObject("FDR-Draw/reconcileButton"), 2): Object 'Object Repository/FDR-Draw/reconcileButton' is not present after 2 second(s)

2020-09-16 11:10:20 - [MESSAGE][INFO] - Unable to find the element located by 'By.xpath: (//*[@data-id='button-link' ]//*[contains(text(),'Reconcile')])[1]'. Please recheck the objects properties to make sure the desired element is located. 

2020-09-16 11:10:20 - [MESSAGE][WARNING] - Object 'Object Repository/FDR-Draw/reconcileButton' is not present after 2 second(s)

2020-09-16 11:10:20 - [TEST_STEP][FAILED] - sendKeys(findTestObject("FDR-Draw/RejectVocuherReceipts/overFundInput1"), "Federal"): Unable to send keys 'Federal' to object 'Object Repository/FDR-Draw/RejectVocuherReceipts/overFundInput1' (Root cause: com.kms.katalon.core.exception.StepFailedException: Unable to send keys 'Federal' to object 'Object Repository/FDR-Draw/RejectVocuherReceipts/overFundInput1'
	at com.kms.katalon.core.webui.keyword.internal.WebUIKeywordMain.stepFailed(WebUIKeywordMain.groovy:64)
	at com.kms.katalon.core.webui.keyword.internal.WebUIKeywordMain.runKeyword(WebUIKeywordMain.groovy:26)
	at com.kms.katalon.core.webui.keyword.builtin.SendKeysKeyword.sendKeys(SendKeysKeyword.groovy:60)
	at com.kms.katalon.core.webui.keyword.builtin.SendKeysKeyword.execute(SendKeysKeyword.groovy:38)
	at com.kms.katalon.core.keyword.internal.KeywordExecutor.executeKeywordForPlatform(KeywordExecutor.groovy:73)
	at com.kms.katalon.core.webui.keyword.WebUiBuiltInKeywords.sendKeys(WebUiBuiltInKeywords.groovy:860)
	at com.kms.katalon.core.webui.keyword.WebUiBuiltInKeywords$sendKeys$9.call(Unknown Source)
	at FDR-Draw-Reject-Vouchers-Receipts.run(FDR-Draw-Reject-Vouchers-Receipts:62)
	at com.kms.katalon.core.main.ScriptEngine.run(ScriptEngine.java:194)
	at com.kms.katalon.core.main.ScriptEngine.runScriptAsRawText(ScriptEngine.java:119)
	at com.kms.katalon.core.main.TestCaseExecutor.runScript(TestCaseExecutor.java:339)
	at com.kms.katalon.core.main.TestCaseExecutor.doExecute(TestCaseExecutor.java:330)
	at com.kms.katalon.core.main.TestCaseExecutor.processExecutionPhase(TestCaseExecutor.java:309)
	at com.kms.katalon.core.main.TestCaseExecutor.accessMainPhase(TestCaseExecutor.java:301)
	at com.kms.katalon.core.main.TestCaseExecutor.execute(TestCaseExecutor.java:235)
	at com.kms.katalon.core.main.TestSuiteExecutor.accessTestCaseMainPhase(TestSuiteExecutor.java:191)
	at com.kms.katalon.core.main.TestSuiteExecutor.accessTestSuiteMainPhase(TestSuiteExecutor.java:141)
	at com.kms.katalon.core.main.TestSuiteExecutor.execute(TestSuiteExecutor.java:90)
	at com.kms.katalon.core.main.TestCaseMain.startTestSuite(TestCaseMain.java:157)
	at com.kms.katalon.core.main.TestCaseMain$startTestSuite$0.call(Unknown Source)
	at TempTestSuite1600279698766.run(TempTestSuite1600279698766.groovy:39)
Caused by: com.kms.katalon.core.webui.exception.WebElementNotFoundException: Web element with id: 'Object Repository/FDR-Draw/RejectVocuherReceipts/overFundInput1' located by '//*[@id='overdrawnFunds[0]']' not found
	at com.kms.katalon.core.webui.common.WebUiCommonHelper.findWebElement(WebUiCommonHelper.java:1368)
	at com.kms.katalon.core.webui.keyword.internal.WebUIAbstractKeyword.findWebElement(WebUIAbstractKeyword.groovy:27)
	at com.kms.katalon.core.webui.keyword.internal.WebUIAbstractKeyword.findWebElement(WebUIAbstractKeyword.groovy:26)
	at com.kms.katalon.core.webui.keyword.builtin.SendKeysKeyword$_sendKeys_closure1.doCall(SendKeysKeyword.groovy:52)
	at com.kms.katalon.core.webui.keyword.builtin.SendKeysKeyword$_sendKeys_closure1.call(SendKeysKeyword.groovy)
	at com.kms.katalon.core.webui.keyword.internal.WebUIKeywordMain.runKeyword(WebUIKeywordMain.groovy:20)
	at com.kms.katalon.core.webui.keyword.builtin.SendKeysKeyword.sendKeys(SendKeysKeyword.groovy:60)
	at com.kms.katalon.core.webui.keyword.builtin.SendKeysKeyword.execute(SendKeysKeyword.groovy:38)
	at com.kms.katalon.core.keyword.internal.KeywordExecutor.executeKeywordForPlatform(KeywordExecutor.groovy:73)
	at com.kms.katalon.core.webui.keyword.WebUiBuiltInKeywords.sendKeys(WebUiBuiltInKeywords.groovy:860)
	at com.kms.katalon.core.webui.keyword.WebUiBuiltInKeywords$sendKeys$9.call(Unknown Source)
	at Script1591634957380.run(Script1591634957380.groovy:62)
	... 13 more
)

2020-09-16 11:10:25 - [MESSAGE][INFO] - Unable to find the element located by 'By.xpath: //*[@id='overdrawnFunds[0]']'. Please recheck the objects properties to make sure the desired element is located. 

2020-09-16 11:10:25 - [MESSAGE][FAILED] - Unable to send keys 'Federal' to object 'Object Repository/FDR-Draw/RejectVocuherReceipts/overFundInput1' (Root cause: com.kms.katalon.core.exception.StepFailedException: Unable to send keys 'Federal' to object 'Object Repository/FDR-Draw/RejectVocuherReceipts/overFundInput1'
	at com.kms.katalon.core.webui.keyword.internal.WebUIKeywordMain.stepFailed(WebUIKeywordMain.groovy:64)
	at com.kms.katalon.core.webui.keyword.internal.WebUIKeywordMain.runKeyword(WebUIKeywordMain.groovy:26)
	at com.kms.katalon.core.webui.keyword.builtin.SendKeysKeyword.sendKeys(SendKeysKeyword.groovy:60)
	at com.kms.katalon.core.webui.keyword.builtin.SendKeysKeyword.execute(SendKeysKeyword.groovy:38)
	at com.kms.katalon.core.keyword.internal.KeywordExecutor.executeKeywordForPlatform(KeywordExecutor.groovy:73)
	at com.kms.katalon.core.webui.keyword.WebUiBuiltInKeywords.sendKeys(WebUiBuiltInKeywords.groovy:860)
	at com.kms.katalon.core.webui.keyword.WebUiBuiltInKeywords$sendKeys$9.call(Unknown Source)
	at FDR-Draw-Reject-Vouchers-Receipts.run(FDR-Draw-Reject-Vouchers-Receipts:62)
	at com.kms.katalon.core.main.ScriptEngine.run(ScriptEngine.java:194)
	at com.kms.katalon.core.main.ScriptEngine.runScriptAsRawText(ScriptEngine.java:119)
	at com.kms.katalon.core.main.TestCaseExecutor.runScript(TestCaseExecutor.java:339)
	at com.kms.katalon.core.main.TestCaseExecutor.doExecute(TestCaseExecutor.java:330)
	at com.kms.katalon.core.main.TestCaseExecutor.processExecutionPhase(TestCaseExecutor.java:309)
	at com.kms.katalon.core.main.TestCaseExecutor.accessMainPhase(TestCaseExecutor.java:301)
	at com.kms.katalon.core.main.TestCaseExecutor.execute(TestCaseExecutor.java:235)
	at com.kms.katalon.core.main.TestSuiteExecutor.accessTestCaseMainPhase(TestSuiteExecutor.java:191)
	at com.kms.katalon.core.main.TestSuiteExecutor.accessTestSuiteMainPhase(TestSuiteExecutor.java:141)
	at com.kms.katalon.core.main.TestSuiteExecutor.execute(TestSuiteExecutor.java:90)
	at com.kms.katalon.core.main.TestCaseMain.startTestSuite(TestCaseMain.java:157)
	at com.kms.katalon.core.main.TestCaseMain$startTestSuite$0.call(Unknown Source)
	at TempTestSuite1600279698766.run(TempTestSuite1600279698766.groovy:39)
Caused by: com.kms.katalon.core.webui.exception.WebElementNotFoundException: Web element with id: 'Object Repository/FDR-Draw/RejectVocuherReceipts/overFundInput1' located by '//*[@id='overdrawnFunds[0]']' not found
	at com.kms.katalon.core.webui.common.WebUiCommonHelper.findWebElement(WebUiCommonHelper.java:1368)
	at com.kms.katalon.core.webui.keyword.internal.WebUIAbstractKeyword.findWebElement(WebUIAbstractKeyword.groovy:27)
	at com.kms.katalon.core.webui.keyword.internal.WebUIAbstractKeyword.findWebElement(WebUIAbstractKeyword.groovy:26)
	at com.kms.katalon.core.webui.keyword.builtin.SendKeysKeyword$_sendKeys_closure1.doCall(SendKeysKeyword.groovy:52)
	at com.kms.katalon.core.webui.keyword.builtin.SendKeysKeyword$_sendKeys_closure1.call(SendKeysKeyword.groovy)
	at com.kms.katalon.core.webui.keyword.internal.WebUIKeywordMain.runKeyword(WebUIKeywordMain.groovy:20)
	at com.kms.katalon.core.webui.keyword.builtin.SendKeysKeyword.sendKeys(SendKeysKeyword.groovy:60)
	at com.kms.katalon.core.webui.keyword.builtin.SendKeysKeyword.execute(SendKeysKeyword.groovy:38)
	at com.kms.katalon.core.keyword.internal.KeywordExecutor.executeKeywordForPlatform(KeywordExecutor.groovy:73)
	at com.kms.katalon.core.webui.keyword.WebUiBuiltInKeywords.sendKeys(WebUiBuiltInKeywords.groovy:860)
	at com.kms.katalon.core.webui.keyword.WebUiBuiltInKeywords$sendKeys$9.call(Unknown Source)
	at Script1591634957380.run(Script1591634957380.groovy:62)
	... 13 more
)
[[ATTACHMENT|C:\\fdr-automation-develop_08_25_2020\\Reports\\20200916_110818\\Draw-Integration_Suite\\20200916_110818\\1600279825044.png]]

2020-09-16 11:10:25 - [TEST_STEP][PASSED] - waitForElementPresent(findTestObject("FDR-Draw/reconcileButton"), 2): Object 'Object Repository/FDR-Draw/reconcileButton' is not present after 2 second(s)

2020-09-16 11:10:28 - [MESSAGE][INFO] - Unable to find the element located by 'By.xpath: (//*[@data-id='button-link' ]//*[contains(text(),'Reconcile')])[1]'. Please recheck the objects properties to make sure the desired element is located. 

2020-09-16 11:10:28 - [MESSAGE][WARNING] - Object 'Object Repository/FDR-Draw/reconcileButton' is not present after 2 second(s)

2020-09-16 11:10:28 - [TEST_STEP][FAILED] - sendKeys(findTestObject("FDR-Draw/RejectVocuherReceipts/overFundInput1"), Keys.chord(UP, ENTER)): Unable to send keys '' to object 'Object Repository/FDR-Draw/RejectVocuherReceipts/overFundInput1' (Root cause: com.kms.katalon.core.exception.StepFailedException: Unable to send keys '' to object 'Object Repository/FDR-Draw/RejectVocuherReceipts/overFundInput1'
	at com.kms.katalon.core.webui.keyword.internal.WebUIKeywordMain.stepFailed(WebUIKeywordMain.groovy:64)
	at com.kms.katalon.core.webui.keyword.internal.WebUIKeywordMain.runKeyword(WebUIKeywordMain.groovy:26)
	at com.kms.katalon.core.webui.keyword.builtin.SendKeysKeyword.sendKeys(SendKeysKeyword.groovy:60)
	at com.kms.katalon.core.webui.keyword.builtin.SendKeysKeyword.execute(SendKeysKeyword.groovy:38)
	at com.kms.katalon.core.keyword.internal.KeywordExecutor.executeKeywordForPlatform(KeywordExecutor.groovy:73)
	at com.kms.katalon.core.webui.keyword.WebUiBuiltInKeywords.sendKeys(WebUiBuiltInKeywords.groovy:860)
	at com.kms.katalon.core.webui.keyword.WebUiBuiltInKeywords$sendKeys$9.call(Unknown Source)
	at FDR-Draw-Reject-Vouchers-Receipts.run(FDR-Draw-Reject-Vouchers-Receipts:66)
	at com.kms.katalon.core.main.ScriptEngine.run(ScriptEngine.java:194)
	at com.kms.katalon.core.main.ScriptEngine.runScriptAsRawText(ScriptEngine.java:119)
	at com.kms.katalon.core.main.TestCaseExecutor.runScript(TestCaseExecutor.java:339)
	at com.kms.katalon.core.main.TestCaseExecutor.doExecute(TestCaseExecutor.java:330)
	at com.kms.katalon.core.main.TestCaseExecutor.processExecutionPhase(TestCaseExecutor.java:309)
	at com.kms.katalon.core.main.TestCaseExecutor.accessMainPhase(TestCaseExecutor.java:301)
	at com.kms.katalon.core.main.TestCaseExecutor.execute(TestCaseExecutor.java:235)
	at com.kms.katalon.core.main.TestSuiteExecutor.accessTestCaseMainPhase(TestSuiteExecutor.java:191)
	at com.kms.katalon.core.main.TestSuiteExecutor.accessTestSuiteMainPhase(TestSuiteExecutor.java:141)
	at com.kms.katalon.core.main.TestSuiteExecutor.execute(TestSuiteExecutor.java:90)
	at com.kms.katalon.core.main.TestCaseMain.startTestSuite(TestCaseMain.java:157)
	at com.kms.katalon.core.main.TestCaseMain$startTestSuite$0.call(Unknown Source)
	at TempTestSuite1600279698766.run(TempTestSuite1600279698766.groovy:39)
Caused by: com.kms.katalon.core.webui.exception.WebElementNotFoundException: Web element with id: 'Object Repository/FDR-Draw/RejectVocuherReceipts/overFundInput1' located by '//*[@id='overdrawnFunds[0]']' not found
	at com.kms.katalon.core.webui.common.WebUiCommonHelper.findWebElement(WebUiCommonHelper.java:1368)
	at com.kms.katalon.core.webui.keyword.internal.WebUIAbstractKeyword.findWebElement(WebUIAbstractKeyword.groovy:27)
	at com.kms.katalon.core.webui.keyword.internal.WebUIAbstractKeyword.findWebElement(WebUIAbstractKeyword.groovy:26)
	at com.kms.katalon.core.webui.keyword.builtin.SendKeysKeyword$_sendKeys_closure1.doCall(SendKeysKeyword.groovy:52)
	at com.kms.katalon.core.webui.keyword.builtin.SendKeysKeyword$_sendKeys_closure1.call(SendKeysKeyword.groovy)
	at com.kms.katalon.core.webui.keyword.internal.WebUIKeywordMain.runKeyword(WebUIKeywordMain.groovy:20)
	at com.kms.katalon.core.webui.keyword.builtin.SendKeysKeyword.sendKeys(SendKeysKeyword.groovy:60)
	at com.kms.katalon.core.webui.keyword.builtin.SendKeysKeyword.execute(SendKeysKeyword.groovy:38)
	at com.kms.katalon.core.keyword.internal.KeywordExecutor.executeKeywordForPlatform(KeywordExecutor.groovy:73)
	at com.kms.katalon.core.webui.keyword.WebUiBuiltInKeywords.sendKeys(WebUiBuiltInKeywords.groovy:860)
	at com.kms.katalon.core.webui.keyword.WebUiBuiltInKeywords$sendKeys$9.call(Unknown Source)
	at Script1591634957380.run(Script1591634957380.groovy:66)
	... 13 more
)

2020-09-16 11:10:32 - [MESSAGE][INFO] - Unable to find the element located by 'By.xpath: //*[@id='overdrawnFunds[0]']'. Please recheck the objects properties to make sure the desired element is located. 

2020-09-16 11:10:33 - [MESSAGE][FAILED] - Unable to send keys '' to object 'Object Repository/FDR-Draw/RejectVocuherReceipts/overFundInput1' (Root cause: com.kms.katalon.core.exception.StepFailedException: Unable to send keys '' to object 'Object Repository/FDR-Draw/RejectVocuherReceipts/overFundInput1'
	at com.kms.katalon.core.webui.keyword.internal.WebUIKeywordMain.stepFailed(WebUIKeywordMain.groovy:64)
	at com.kms.katalon.core.webui.keyword.internal.WebUIKeywordMain.runKeyword(WebUIKeywordMain.groovy:26)
	at com.kms.katalon.core.webui.keyword.builtin.SendKeysKeyword.sendKeys(SendKeysKeyword.groovy:60)
	at com.kms.katalon.core.webui.keyword.builtin.SendKeysKeyword.execute(SendKeysKeyword.groovy:38)
	at com.kms.katalon.core.keyword.internal.KeywordExecutor.executeKeywordForPlatform(KeywordExecutor.groovy:73)
	at com.kms.katalon.core.webui.keyword.WebUiBuiltInKeywords.sendKeys(WebUiBuiltInKeywords.groovy:860)
	at com.kms.katalon.core.webui.keyword.WebUiBuiltInKeywords$sendKeys$9.call(Unknown Source)
	at FDR-Draw-Reject-Vouchers-Receipts.run(FDR-Draw-Reject-Vouchers-Receipts:66)
	at com.kms.katalon.core.main.ScriptEngine.run(ScriptEngine.java:194)
	at com.kms.katalon.core.main.ScriptEngine.runScriptAsRawText(ScriptEngine.java:119)
	at com.kms.katalon.core.main.TestCaseExecutor.runScript(TestCaseExecutor.java:339)
	at com.kms.katalon.core.main.TestCaseExecutor.doExecute(TestCaseExecutor.java:330)
	at com.kms.katalon.core.main.TestCaseExecutor.processExecutionPhase(TestCaseExecutor.java:309)
	at com.kms.katalon.core.main.TestCaseExecutor.accessMainPhase(TestCaseExecutor.java:301)
	at com.kms.katalon.core.main.TestCaseExecutor.execute(TestCaseExecutor.java:235)
	at com.kms.katalon.core.main.TestSuiteExecutor.accessTestCaseMainPhase(TestSuiteExecutor.java:191)
	at com.kms.katalon.core.main.TestSuiteExecutor.accessTestSuiteMainPhase(TestSuiteExecutor.java:141)
	at com.kms.katalon.core.main.TestSuiteExecutor.execute(TestSuiteExecutor.java:90)
	at com.kms.katalon.core.main.TestCaseMain.startTestSuite(TestCaseMain.java:157)
	at com.kms.katalon.core.main.TestCaseMain$startTestSuite$0.call(Unknown Source)
	at TempTestSuite1600279698766.run(TempTestSuite1600279698766.groovy:39)
Caused by: com.kms.katalon.core.webui.exception.WebElementNotFoundException: Web element with id: 'Object Repository/FDR-Draw/RejectVocuherReceipts/overFundInput1' located by '//*[@id='overdrawnFunds[0]']' not found
	at com.kms.katalon.core.webui.common.WebUiCommonHelper.findWebElement(WebUiCommonHelper.java:1368)
	at com.kms.katalon.core.webui.keyword.internal.WebUIAbstractKeyword.findWebElement(WebUIAbstractKeyword.groovy:27)
	at com.kms.katalon.core.webui.keyword.internal.WebUIAbstractKeyword.findWebElement(WebUIAbstractKeyword.groovy:26)
	at com.kms.katalon.core.webui.keyword.builtin.SendKeysKeyword$_sendKeys_closure1.doCall(SendKeysKeyword.groovy:52)
	at com.kms.katalon.core.webui.keyword.builtin.SendKeysKeyword$_sendKeys_closure1.call(SendKeysKeyword.groovy)
	at com.kms.katalon.core.webui.keyword.internal.WebUIKeywordMain.runKeyword(WebUIKeywordMain.groovy:20)
	at com.kms.katalon.core.webui.keyword.builtin.SendKeysKeyword.sendKeys(SendKeysKeyword.groovy:60)
	at com.kms.katalon.core.webui.keyword.builtin.SendKeysKeyword.execute(SendKeysKeyword.groovy:38)
	at com.kms.katalon.core.keyword.internal.KeywordExecutor.executeKeywordForPlatform(KeywordExecutor.groovy:73)
	at com.kms.katalon.core.webui.keyword.WebUiBuiltInKeywords.sendKeys(WebUiBuiltInKeywords.groovy:860)
	at com.kms.katalon.core.webui.keyword.WebUiBuiltInKeywords$sendKeys$9.call(Unknown Source)
	at Script1591634957380.run(Script1591634957380.groovy:66)
	... 13 more
)
[[ATTACHMENT|C:\\fdr-automation-develop_08_25_2020\\Reports\\20200916_110818\\Draw-Integration_Suite\\20200916_110818\\1600279832897.png]]

2020-09-16 11:10:33 - [TEST_STEP][PASSED] - waitForElementPresent(findTestObject("FDR-Draw/reconcileButton"), 2): Object 'Object Repository/FDR-Draw/reconcileButton' is not present after 2 second(s)

2020-09-16 11:10:36 - [MESSAGE][INFO] - Unable to find the element located by 'By.xpath: (//*[@data-id='button-link' ]//*[contains(text(),'Reconcile')])[1]'. Please recheck the objects properties to make sure the desired element is located. 

2020-09-16 11:10:36 - [MESSAGE][WARNING] - Object 'Object Repository/FDR-Draw/reconcileButton' is not present after 2 second(s)

2020-09-16 11:10:36 - [TEST_STEP][FAILED] - click(findTestObject("FDR-Draw/RejectVocuherReceipts/addFundButton")): Unable to click on object 'Object Repository/FDR-Draw/RejectVocuherReceipts/addFundButton' (Root cause: com.kms.katalon.core.exception.StepFailedException: Unable to click on object 'Object Repository/FDR-Draw/RejectVocuherReceipts/addFundButton'
	at com.kms.katalon.core.webui.keyword.internal.WebUIKeywordMain.stepFailed(WebUIKeywordMain.groovy:64)
	at com.kms.katalon.core.webui.keyword.internal.WebUIKeywordMain.runKeyword(WebUIKeywordMain.groovy:26)
	at com.kms.katalon.core.webui.keyword.builtin.ClickKeyword.click(ClickKeyword.groovy:76)
	at com.kms.katalon.core.webui.keyword.builtin.ClickKeyword.execute(ClickKeyword.groovy:43)
	at com.kms.katalon.core.keyword.internal.KeywordExecutor.executeKeywordForPlatform(KeywordExecutor.groovy:73)
	at com.kms.katalon.core.webui.keyword.WebUiBuiltInKeywords.click(WebUiBuiltInKeywords.groovy:616)
	at com.kms.katalon.core.webui.keyword.WebUiBuiltInKeywords$click$6.call(Unknown Source)
	at FDR-Draw-Reject-Vouchers-Receipts.run(FDR-Draw-Reject-Vouchers-Receipts:70)
	at com.kms.katalon.core.main.ScriptEngine.run(ScriptEngine.java:194)
	at com.kms.katalon.core.main.ScriptEngine.runScriptAsRawText(ScriptEngine.java:119)
	at com.kms.katalon.core.main.TestCaseExecutor.runScript(TestCaseExecutor.java:339)
	at com.kms.katalon.core.main.TestCaseExecutor.doExecute(TestCaseExecutor.java:330)
	at com.kms.katalon.core.main.TestCaseExecutor.processExecutionPhase(TestCaseExecutor.java:309)
	at com.kms.katalon.core.main.TestCaseExecutor.accessMainPhase(TestCaseExecutor.java:301)
	at com.kms.katalon.core.main.TestCaseExecutor.execute(TestCaseExecutor.java:235)
	at com.kms.katalon.core.main.TestSuiteExecutor.accessTestCaseMainPhase(TestSuiteExecutor.java:191)
	at com.kms.katalon.core.main.TestSuiteExecutor.accessTestSuiteMainPhase(TestSuiteExecutor.java:141)
	at com.kms.katalon.core.main.TestSuiteExecutor.execute(TestSuiteExecutor.java:90)
	at com.kms.katalon.core.main.TestCaseMain.startTestSuite(TestCaseMain.java:157)
	at com.kms.katalon.core.main.TestCaseMain$startTestSuite$0.call(Unknown Source)
	at TempTestSuite1600279698766.run(TempTestSuite1600279698766.groovy:39)
Caused by: com.kms.katalon.core.webui.exception.WebElementNotFoundException: Web element with id: 'Object Repository/FDR-Draw/RejectVocuherReceipts/addFundButton' located by '//button[@type='button' and contains(., 'Add Fund')]' not found
	at com.kms.katalon.core.webui.common.WebUiCommonHelper.findWebElement(WebUiCommonHelper.java:1368)
	at com.kms.katalon.core.webui.keyword.internal.WebUIAbstractKeyword.findWebElement(WebUIAbstractKeyword.groovy:27)
	at com.kms.katalon.core.webui.keyword.internal.WebUIAbstractKeyword.findWebElement(WebUIAbstractKeyword.groovy:26)
	at com.kms.katalon.core.webui.keyword.builtin.ClickKeyword$_click_closure1.doCall(ClickKeyword.groovy:67)
	at com.kms.katalon.core.webui.keyword.builtin.ClickKeyword$_click_closure1.call(ClickKeyword.groovy)
	at com.kms.katalon.core.webui.keyword.internal.WebUIKeywordMain.runKeyword(WebUIKeywordMain.groovy:20)
	at com.kms.katalon.core.webui.keyword.builtin.ClickKeyword.click(ClickKeyword.groovy:76)
	at com.kms.katalon.core.webui.keyword.builtin.ClickKeyword.execute(ClickKeyword.groovy:43)
	at com.kms.katalon.core.keyword.internal.KeywordExecutor.executeKeywordForPlatform(KeywordExecutor.groovy:73)
	at com.kms.katalon.core.webui.keyword.WebUiBuiltInKeywords.click(WebUiBuiltInKeywords.groovy:616)
	at com.kms.katalon.core.webui.keyword.WebUiBuiltInKeywords$click$6.call(Unknown Source)
	at Script1591634957380.run(Script1591634957380.groovy:70)
	... 13 more
)

2020-09-16 11:10:40 - [MESSAGE][INFO] - Unable to find the element located by 'By.xpath: //button[@type='button' and contains(., 'Add Fund')]'. Please recheck the objects properties to make sure the desired element is located. 

[...]
	at com.kms.katalon.core.webui.keyword.WebUiBuiltInKeywords.click(WebUiBuiltInKeywords.groovy:616)
	at com.kms.katalon.core.webui.keyword.WebUiBuiltInKeywords$click$6.call(Unknown Source)
	at FDR-Draw-Reject-Vouchers-Receipts.run(FDR-Draw-Reject-Vouchers-Receipts:46)
	at com.kms.katalon.core.main.ScriptEngine.run(ScriptEngine.java:194)
	at com.kms.katalon.core.main.ScriptEngine.runScriptAsRawText(ScriptEngine.java:119)
	at com.kms.katalon.core.main.TestCaseExecutor.runScript(TestCaseExecutor.java:339)
	at com.kms.katalon.core.main.TestCaseExecutor.doExecute(TestCaseExecutor.java:330)
	at com.kms.katalon.core.main.TestCaseExecutor.processExecutionPhase(TestCaseExecutor.java:309)
	at com.kms.katalon.core.main.TestCaseExecutor.accessMainPhase(TestCaseExecutor.java:301)
	at com.kms.katalon.core.main.TestCaseExecutor.execute(TestCaseExecutor.java:235)
	at com.kms.katalon.core.main.TestSuiteExecutor.accessTestCaseMainPhase(TestSuiteExecutor.java:191)
	at com.kms.katalon.core.main.TestSuiteExecutor.accessTestSuiteMainPhase(TestSuiteExecutor.java:141)
	at com.kms.katalon.core.main.TestSuiteExecutor.execute(TestSuiteExecutor.java:90)
	at com.kms.katalon.core.main.TestCaseMain.startTestSuite(TestCaseMain.java:157)
	at com.kms.katalon.core.main.TestCaseMain$startTestSuite$0.call(Unknown Source)
	at TempTestSuite1600279698766.run(TempTestSuite1600279698766.groovy:39)
Caused by: com.kms.katalon.core.webui.exception.WebElementNotFoundException: Web element with id: 'Object Repository/FDR-Draw/RejectVocuherReceipts/thumbsUpButtonReceipt' located by '((//*[text()='Expenditures']//parent::*//parent::*//parent::*//parent::*)//button)[12]' not found
	at com.kms.katalon.core.webui.common.WebUiCommonHelper.findWebElement(WebUiCommonHelper.java:1368)
	at com.kms.katalon.core.webui.keyword.internal.WebUIAbstractKeyword.findWebElement(WebUIAbstractKeyword.groovy:27)
	at com.kms.katalon.core.webui.keyword.internal.WebUIAbstractKeyword.findWebElement(WebUIAbstractKeyword.groovy:26)
	at com.kms.katalon.core.webui.keyword.builtin.ClickKeyword$_click_closure1.doCall(ClickKeyword.groovy:67)
	at com.kms.katalon.core.webui.keyword.builtin.ClickKeyword$_click_closure1.call(ClickKeyword.groovy)
	at com.kms.katalon.core.webui.keyword.internal.WebUIKeywordMain.runKeyword(WebUIKeywordMain.groovy:20)
	at com.kms.katalon.core.webui.keyword.builtin.ClickKeyword.click(ClickKeyword.groovy:76)
	at com.kms.katalon.core.webui.keyword.builtin.ClickKeyword.execute(ClickKeyword.groovy:43)
	at com.kms.katalon.core.keyword.internal.KeywordExecutor.executeKeywordForPlatform(KeywordExecutor.groovy:73)
	at com.kms.katalon.core.webui.keyword.WebUiBuiltInKeywords.click(WebUiBuiltInKeywords.groovy:616)
	at com.kms.katalon.core.webui.keyword.WebUiBuiltInKeywords$click$6.call(Unknown Source)
	at Script1591634957380.run(Script1591634957380.groovy:46)
	... 13 more
)
	at com.kms.katalon.core.keyword.internal.KeywordMain.stepFailed(KeywordMain.groovy:39)
	at com.kms.katalon.core.webui.keyword.internal.WebUIKeywordMain.stepFailed(WebUIKeywordMain.groovy:64)
	at com.kms.katalon.core.webui.keyword.internal.WebUIKeywordMain.runKeyword(WebUIKeywordMain.groovy:26)
	at com.kms.katalon.core.webui.keyword.builtin.ClickKeyword.click(ClickKeyword.groovy:76)
	at com.kms.katalon.core.webui.keyword.builtin.ClickKeyword.execute(ClickKeyword.groovy:43)
	at com.kms.katalon.core.keyword.internal.KeywordExecutor.executeKeywordForPlatform(KeywordExecutor.groovy:73)
	at com.kms.katalon.core.webui.keyword.WebUiBuiltInKeywords.click(WebUiBuiltInKeywords.groovy:616)
	at com.kms.katalon.core.webui.keyword.WebUiBuiltInKeywords$click$6.call(Unknown Source)
	at FDR-Draw-Reject-Vouchers-Receipts.run(FDR-Draw-Reject-Vouchers-Receipts:46)
	at com.kms.katalon.core.main.ScriptEngine.run(ScriptEngine.java:194)
	at com.kms.katalon.core.main.ScriptEngine.runScriptAsRawText(ScriptEngine.java:119)
	at com.kms.katalon.core.main.TestCaseExecutor.runScript(TestCaseExecutor.java:339)
	at com.kms.katalon.core.main.TestCaseExecutor.doExecute(TestCaseExecutor.java:330)
	at com.kms.katalon.core.main.TestCaseExecutor.processExecutionPhase(TestCaseExecutor.java:309)
	at com.kms.katalon.core.main.TestCaseExecutor.accessMainPhase(TestCaseExecutor.java:301)
	at com.kms.katalon.core.main.TestCaseExecutor.execute(TestCaseExecutor.java:235)
	at com.kms.katalon.core.main.TestSuiteExecutor.accessTestCaseMainPhase(TestSuiteExecutor.java:191)
	at com.kms.katalon.core.main.TestSuiteExecutor.accessTestSuiteMainPhase(TestSuiteExecutor.java:141)
	at com.kms.katalon.core.main.TestSuiteExecutor.execute(TestSuiteExecutor.java:90)
	at com.kms.katalon.core.main.TestCaseMain.startTestSuite(TestCaseMain.java:157)
	at com.kms.katalon.core.main.TestCaseMain$startTestSuite$0.call(Unknown Source)
	at TempTestSuite1600279698766.run(TempTestSuite1600279698766.groovy:39)
Caused by: com.kms.katalon.core.exception.StepFailedException: Unable to click on object 'Object Repository/FDR-Draw/RejectVocuherReceipts/thumbsUpButtonReceipt'
	... 21 more
Caused by: com.kms.katalon.core.webui.exception.WebElementNotFoundException: Web element with id: 'Object Repository/FDR-Draw/RejectVocuherReceipts/thumbsUpButtonReceipt' located by '((//*[text()='Expenditures']//parent::*//parent::*//parent::*//parent::*)//button)[12]' not found
	at com.kms.katalon.core.webui.common.WebUiCommonHelper.findWebElement(WebUiCommonHelper.java:1368)
	at com.kms.katalon.core.webui.keyword.internal.WebUIAbstractKeyword.findWebElement(WebUIAbstractKeyword.groovy:27)
	at com.kms.katalon.core.webui.keyword.internal.WebUIAbstractKeyword.findWebElement(WebUIAbstractKeyword.groovy:26)
	at com.kms.katalon.core.webui.keyword.builtin.ClickKeyword$_click_closure1.doCall(ClickKeyword.groovy:67)
	at com.kms.katalon.core.webui.keyword.builtin.ClickKeyword$_click_closure1.call(ClickKeyword.groovy)
	at com.kms.katalon.core.webui.keyword.internal.WebUIKeywordMain.runKeyword(WebUIKeywordMain.groovy:20)
	... 19 more]]></system-err>
      </testcase>
      <system-out><![CDATA[2020-09-16 11:08:20 - [TEST_SUITE][FAILED] - Draw-Integration_Suite: Test Cases/WEB-UI-TESTS/Draw/FDR-Draw-Reject-Vouchers-Receipts FAILED.
Reason:
com.kms.katalon.core.exception.StepFailedException: Unable to click on object 'Object Repository/FDR-Draw/RejectVocuherReceipts/thumbsUpButtonReceipt' (Root cause: com.kms.katalon.core.exception.StepFailedException: Unable to click on object 'Object Repository/FDR-Draw/RejectVocuherReceipts/thumbsUpButtonReceipt'
	at com.kms.katalon.core.webui.keyword.internal.WebUIKeywordMain.stepFailed(WebUIKeywordMain.groovy:64)
	at com.kms.katalon.core.webui.keyword.internal.WebUIKeywordMain.runKeyword(WebUIKeywordMain.groovy:26)
	at com.kms.katalon.core.webui.keyword.builtin.ClickKeyword.click(ClickKeyword.groovy:76)
	at com.kms.katalon.core.webui.keyword.builtin.ClickKeyword.execute(ClickKeyword.groovy:43)
	at com.kms.katalon.core.keyword.internal.KeywordExecutor.executeKeywordForPlatform(KeywordExecutor.groovy:73)
	at com.kms.katalon.core.webui.keyword.WebUiBuiltInKeywords.click(WebUiBuiltInKeywords.groovy:616)
	at com.kms.katalon.core.webui.keyword.WebUiBuiltInKeywords$click$6.call(Unknown Source)
	at FDR-Draw-Reject-Vouchers-Receipts.run(FDR-Draw-Reject-Vouchers-Receipts:46)
	at com.kms.katalon.core.main.ScriptEngine.run(ScriptEngine.java:194)
	at com.kms.katalon.core.main.ScriptEngine.runScriptAsRawText(ScriptEngine.java:119)
	at com.kms.katalon.core.main.TestCaseExecutor.runScript(TestCaseExecutor.java:339)
	at com.kms.katalon.core.main.TestCaseExecutor.doExecute(TestCaseExecutor.java:330)
	at com.kms.katalon.core.main.TestCaseExecutor.processExecutionPhase(TestCaseExecutor.java:309)
	at com.kms.katalon.core.main.TestCaseExecutor.accessMainPhase(TestCaseExecutor.java:301)
	at com.kms.katalon.core.main.TestCaseExecutor.execute(TestCaseExecutor.java:235)
	at com.kms.katalon.core.main.TestSuiteExecutor.accessTestCaseMainPhase(TestSuiteExecutor.java:191)
	at com.kms.katalon.core.main.TestSuiteExecutor.accessTestSuiteMainPhase(TestSuiteExecutor.java:141)
	at com.kms.katalon.core.main.TestSuiteExecutor.execute(TestSuiteExecutor.java:90)
	at com.kms.katalon.core.main.TestCaseMain.startTestSuite(TestCaseMain.java:157)
	at com.kms.katalon.core.main.TestCaseMain$startTestSuite$0.call(Unknown Source)
	at TempTestSuite1600279698766.run(TempTestSuite1600279698766.groovy:39)
Caused by: com.kms.katalon.core.webui.exception.WebElementNotFoundException: Web element with id: 'Object Repository/FDR-Draw/RejectVocuherReceipts/thumbsUpButtonReceipt' located by '((//*[text()='Expenditures']//parent::*//parent::*//parent::*//parent::*)//button)[12]' not found
	at com.kms.katalon.core.webui.common.WebUiCommonHelper.findWebElement(WebUiCommonHelper.java:1368)
	at com.kms.katalon.core.webui.keyword.internal.WebUIAbstractKeyword.findWebElement(WebUIAbstractKeyword.groovy:27)
	at com.kms.katalon.core.webui.keyword.internal.WebUIAbstractKeyword.findWebElement(WebUIAbstractKeyword.groovy:26)
	at com.kms.katalon.core.webui.keyword.builtin.ClickKeyword$_click_closure1.doCall(ClickKeyword.groovy:67)
	at com.kms.katalon.core.webui.keyword.builtin.ClickKeyword$_click_closure1.call(ClickKeyword.groovy)
	at com.kms.katalon.core.webui.keyword.internal.WebUIKeywordMain.runKeyword(WebUIKeywordMain.groovy:20)
	at com.kms.katalon.core.webui.keyword.builtin.ClickKeyword.click(ClickKeyword.groovy:76)
	at com.kms.katalon.core.webui.keyword.builtin.ClickKeyword.execute(ClickKeyword.groovy:43)
	at com.kms.katalon.core.keyword.internal.KeywordExecutor.executeKeywordForPlatform(KeywordExecutor.groovy:73)
	at com.kms.katalon.core.webui.keyword.WebUiBuiltInKeywords.click(WebUiBuiltInKeywords.groovy:616)
	at com.kms.katalon.core.webui.keyword.WebUiBuiltInKeywords$click$6.call(Unknown Source)
	at Script1591634957380.run(Script1591634957380.groovy:46)
	... 13 more
)
	at com.kms.katalon.core.keyword.internal.KeywordMain.stepFailed(KeywordMain.groovy:39)
	at com.kms.katalon.core.webui.keyword.internal.WebUIKeywordMain.stepFailed(WebUIKeywordMain.groovy:64)
	at com.kms.katalon.core.webui.keyword.internal.WebUIKeywordMain.runKeyword(WebUIKeywordMain.groovy:26)
	at com.kms.katalon.core.webui.keyword.builtin.ClickKeyword.click(ClickKeyword.groovy:76)
	at com.kms.katalon.core.webui.keyword.builtin.ClickKeyword.execute(ClickKeyword.groovy:43)
	at com.kms.katalon.core.keyword.internal.KeywordExecutor.executeKeywordForPlatform(KeywordExecutor.groovy:73)
	at com.kms.katalon.core.webui.keyword.WebUiBuiltInKeywords.click(WebUiBuiltInKeywords.groovy:616)
	at com.kms.katalon.core.webui.keyword.WebUiBuiltInKeywords$click$6.call(Unknown Source)
	at FDR-Draw-Reject-Vouchers-Receipts.run(FDR-Draw-Reject-Vouchers-Receipts:46)
	at com.kms.katalon.core.main.ScriptEngine.run(ScriptEngine.java:194)
	at com.kms.katalon.core.main.ScriptEngine.runScriptAsRawText(ScriptEngine.java:119)
	at com.kms.katalon.core.main.TestCaseExecutor.runScript(TestCaseExecutor.java:339)
	at com.kms.katalon.core.main.TestCaseExecutor.doExecute(TestCaseExecutor.java:330)
	at com.kms.katalon.core.main.TestCaseExecutor.processExecutionPhase(TestCaseExecutor.java:309)
	at com.kms.katalon.core.main.TestCaseExecutor.accessMainPhase(TestCaseExecutor.java:301)
	at com.kms.katalon.core.main.TestCaseExecutor.execute(TestCaseExecutor.java:235)
	at com.kms.katalon.core.main.TestSuiteExecutor.accessTestCaseMainPhase(TestSuiteExecutor.java:191)
	at com.kms.katalon.core.main.TestSuiteExecutor.accessTestSuiteMainPhase(TestSuiteExecutor.java:141)
	at com.kms.katalon.core.main.TestSuiteExecutor.execute(TestSuiteExecutor.java:90)
	at com.kms.katalon.core.main.TestCaseMain.startTestSuite(TestCaseMain.java:157)
	at com.kms.katalon.core.main.TestCaseMain$startTestSuite$0.call(Unknown Source)
	at TempTestSuite1600279698766.run(TempTestSuite1600279698766.groovy:39)
Caused by: com.kms.katalon.core.exception.StepFailedException: Unable to click on object 'Object Repository/FDR-Draw/RejectVocuherReceipts/thumbsUpButtonReceipt'
	... 21 more
Caused by: com.kms.katalon.core.webui.exception.WebElementNotFoundException: Web element with id: 'Object Repository/FDR-Draw/RejectVocuherReceipts/thumbsUpButtonReceipt' located by '((//*[text()='Expenditures']//parent::*//parent::*//parent::*//parent::*)//button)[12]' not found
	at com.kms.katalon.core.webui.common.WebUiCommonHelper.findWebElement(WebUiCommonHelper.java:1368)
	at com.kms.katalon.core.webui.keyword.internal.WebUIAbstractKeyword.findWebElement(WebUIAbstractKeyword.groovy:27)
	at com.kms.katalon.core.webui.keyword.internal.WebUIAbstractKeyword.findWebElement(WebUIAbstractKeyword.groovy:26)
	at com.kms.katalon.core.webui.keyword.builtin.ClickKeyword$_click_closure1.doCall(ClickKeyword.groovy:67)
	at com.kms.katalon.core.webui.keyword.builtin.ClickKeyword$_click_closure1.call(ClickKeyword.groovy)
	at com.kms.katalon.core.webui.keyword.internal.WebUIKeywordMain.runKeyword(WebUIKeywordMain.groovy:20)
	... 19 more]]></system-out>
      <system-err><![CDATA[2020-09-16 11:08:20 - [TEST_SUITE][FAILED] - Draw-Integration_Suite: Test Cases/WEB-UI-TESTS/Draw/FDR-Draw-Reject-Vouchers-Receipts FAILED.
Reason:
com.kms.katalon.core.exception.StepFailedException: Unable to click on object 'Object Repository/FDR-Draw/RejectVocuherReceipts/thumbsUpButtonReceipt' (Root cause: com.kms.katalon.core.exception.StepFailedException: Unable to click on object 'Object Repository/FDR-Draw/RejectVocuherReceipts/thumbsUpButtonReceipt'
	at com.kms.katalon.core.webui.keyword.internal.WebUIKeywordMain.stepFailed(WebUIKeywordMain.groovy:64)
	at com.kms.katalon.core.webui.keyword.internal.WebUIKeywordMain.runKeyword(WebUIKeywordMain.groovy:26)
	at com.kms.katalon.core.webui.keyword.builtin.ClickKeyword.click(ClickKeyword.groovy:76)
	at com.kms.katalon.core.webui.keyword.builtin.ClickKeyword.execute(ClickKeyword.groovy:43)
	at com.kms.katalon.core.keyword.internal.KeywordExecutor.executeKeywordForPlatform(KeywordExecutor.groovy:73)
	at com.kms.katalon.core.webui.keyword.WebUiBuiltInKeywords.click(WebUiBuiltInKeywords.groovy:616)
	at com.kms.katalon.core.webui.keyword.WebUiBuiltInKeywords$click$6.call(Unknown Source)
	at FDR-Draw-Reject-Vouchers-Receipts.run(FDR-Draw-Reject-Vouchers-Receipts:46)
	at com.kms.katalon.core.main.ScriptEngine.run(ScriptEngine.java:194)
	at com.kms.katalon.core.main.ScriptEngine.runScriptAsRawText(ScriptEngine.java:119)
	at com.kms.katalon.core.main.TestCaseExecutor.runScript(TestCaseExecutor.java:339)
	at com.kms.katalon.core.main.TestCaseExecutor.doExecute(TestCaseExecutor.java:330)
	at com.kms.katalon.core.main.TestCaseExecutor.processExecutionPhase(TestCaseExecutor.java:309)
	at com.kms.katalon.core.main.TestCaseExecutor.accessMainPhase(TestCaseExecutor.java:301)
	at com.kms.katalon.core.main.TestCaseExecutor.execute(TestCaseExecutor.java:235)
	at com.kms.katalon.core.main.TestSuiteExecutor.accessTestCaseMainPhase(TestSuiteExecutor.java:191)
	at com.kms.katalon.core.main.TestSuiteExecutor.accessTestSuiteMainPhase(TestSuiteExecutor.java:141)
	at com.kms.katalon.core.main.TestSuiteExecutor.execute(TestSuiteExecutor.java:90)
	at com.kms.katalon.core.main.TestCaseMain.startTestSuite(TestCaseMain.java:157)
	at com.kms.katalon.core.main.TestCaseMain$startTestSuite$0.call(Unknown Source)
	at TempTestSuite1600279698766.run(TempTestSuite1600279698766.groovy:39)
Caused by: com.kms.katalon.core.webui.exception.WebElementNotFoundException: Web element with id: 'Object Repository/FDR-Draw/RejectVocuherReceipts/thumbsUpButtonReceipt' located by '((//*[text()='Expenditures']//parent::*//parent::*//parent::*//parent::*)//button)[12]' not found
	at com.kms.katalon.core.webui.common.WebUiCommonHelper.findWebElement(WebUiCommonHelper.java:1368)
	at com.kms.katalon.core.webui.keyword.internal.WebUIAbstractKeyword.findWebElement(WebUIAbstractKeyword.groovy:27)
	at com.kms.katalon.core.webui.keyword.internal.WebUIAbstractKeyword.findWebElement(WebUIAbstractKeyword.groovy:26)
	at com.kms.katalon.core.webui.keyword.builtin.ClickKeyword$_click_closure1.doCall(ClickKeyword.groovy:67)
	at com.kms.katalon.core.webui.keyword.builtin.ClickKeyword$_click_closure1.call(ClickKeyword.groovy)
	at com.kms.katalon.core.webui.keyword.internal.WebUIKeywordMain.runKeyword(WebUIKeywordMain.groovy:20)
	at com.kms.katalon.core.webui.keyword.builtin.ClickKeyword.click(ClickKeyword.groovy:76)
	at com.kms.katalon.core.webui.keyword.builtin.ClickKeyword.execute(ClickKeyword.groovy:43)
	at com.kms.katalon.core.keyword.internal.KeywordExecutor.executeKeywordForPlatform(KeywordExecutor.groovy:73)
	at com.kms.katalon.core.webui.keyword.WebUiBuiltInKeywords.click(WebUiBuiltInKeywords.groovy:616)
	at com.kms.katalon.core.webui.keyword.WebUiBuiltInKeywords$click$6.call(Unknown Source)
	at Script1591634957380.run(Script1591634957380.groovy:46)
	... 13 more
)
	at com.kms.katalon.core.keyword.internal.KeywordMain.stepFailed(KeywordMain.groovy:39)
	at com.kms.katalon.core.webui.keyword.internal.WebUIKeywordMain.stepFailed(WebUIKeywordMain.groovy:64)
	at com.kms.katalon.core.webui.keyword.internal.WebUIKeywordMain.runKeyword(WebUIKeywordMain.groovy:26)
	at com.kms.katalon.core.webui.keyword.builtin.ClickKeyword.click(ClickKeyword.groovy:76)
	at com.kms.katalon.core.webui.keyword.builtin.ClickKeyword.execute(ClickKeyword.groovy:43)
	at com.kms.katalon.core.keyword.internal.KeywordExecutor.executeKeywordForPlatform(KeywordExecutor.groovy:73)
	at com.kms.katalon.core.webui.keyword.WebUiBuiltInKeywords.click(WebUiBuiltInKeywords.groovy:616)
	at com.kms.katalon.core.webui.keyword.WebUiBuiltInKeywords$click$6.call(Unknown Source)
	at FDR-Draw-Reject-Vouchers-Receipts.run(FDR-Draw-Reject-Vouchers-Receipts:46)
	at com.kms.katalon.core.main.ScriptEngine.run(ScriptEngine.java:194)
	at com.kms.katalon.core.main.ScriptEngine.runScriptAsRawText(ScriptEngine.java:119)
	at com.kms.katalon.core.main.TestCaseExecutor.runScript(TestCaseExecutor.java:339)
	at com.kms.katalon.core.main.TestCaseExecutor.doExecute(TestCaseExecutor.java:330)
	at com.kms.katalon.core.main.TestCaseExecutor.processExecutionPhase(TestCaseExecutor.java:309)
	at com.kms.katalon.core.main.TestCaseExecutor.accessMainPhase(TestCaseExecutor.java:301)
	at com.kms.katalon.core.main.TestCaseExecutor.execute(TestCaseExecutor.java:235)
	at com.kms.katalon.core.main.TestSuiteExecutor.accessTestCaseMainPhase(TestSuiteExecutor.java:191)
	at com.kms.katalon.core.main.TestSuiteExecutor.accessTestSuiteMainPhase(TestSuiteExecutor.java:141)
	at com.kms.katalon.core.main.TestSuiteExecutor.execute(TestSuiteExecutor.java:90)
	at com.kms.katalon.core.main.TestCaseMain.startTestSuite(TestCaseMain.java:157)
	at com.kms.katalon.core.main.TestCaseMain$startTestSuite$0.call(Unknown Source)
	at TempTestSuite1600279698766.run(TempTestSuite1600279698766.groovy:39)
Caused by: com.kms.katalon.core.exception.StepFailedException: Unable to click on object 'Object Repository/FDR-Draw/RejectVocuherReceipts/thumbsUpButtonReceipt'
	... 21 more
Caused by: com.kms.katalon.core.webui.exception.WebElementNotFoundException: Web element with id: 'Object Repository/FDR-Draw/RejectVocuherReceipts/thumbsUpButtonReceipt' located by '((//*[text()='Expenditures']//parent::*//parent::*//parent::*//parent::*)//button)[12]' not found
	at com.kms.katalon.core.webui.common.WebUiCommonHelper.findWebElement(WebUiCommonHelper.java:1368)
	at com.kms.katalon.core.webui.keyword.internal.WebUIAbstractKeyword.findWebElement(WebUIAbstractKeyword.groovy:27)
	at com.kms.katalon.core.webui.keyword.internal.WebUIAbstractKeyword.findWebElement(WebUIAbstractKeyword.groovy:26)
	at com.kms.katalon.core.webui.keyword.builtin.ClickKeyword$_click_closure1.doCall(ClickKeyword.groovy:67)
	at com.kms.katalon.core.webui.keyword.builtin.ClickKeyword$_click_closure1.call(ClickKeyword.groovy)
	at com.kms.katalon.core.webui.keyword.internal.WebUIKeywordMain.runKeyword(WebUIKeywordMain.groovy:20)
	... 19 more]]></system-err>
   </testsuite>
</testsuites>
